m,c,A/1,True,0.0001618119999999973,2.9149999999991683e-06
m,c,A/1,True,0.0002086789999999998,3.153000000002265e-06
m,c,A/1,True,0.00014957900000000038,2.854000000000051e-06
m,c,A/1,True,0.00018515399999999987,3.0820000000014725e-06
m,c,A/1,True,0.00015050800000000059,2.7829999999992583e-06
m,c,A/1,True,0.00017842300000000047,2.6959999999999484e-06
m,c,A/1,True,0.00014826400000000212,2.699999999997843e-06
m,c,A/1,True,0.0001579709999999998,2.801999999999666e-06
m,c,A/1,True,0.00014748600000000223,2.7790000000013637e-06
m,c,A/1,True,0.00014510200000000112,3.1566999999999706e-05
m,c,A/1,True,0.00017863799999999833,3.069000000001376e-06
m,c,A/1,True,0.00014599499999999946,2.8759999999988795e-06
m,c,A/1,True,0.0002352060000000017,2.8730000000004585e-06
m,c,A/2,True,0.0003636300000000002,6.919000000001063e-06
m,c,A/2,True,0.0002242609999999999,6.892999999997401e-06
m,c,A/2,True,0.00031474999999999906,6.797999999998833e-06
m,c,A/2,True,0.00035623200000000146,7.2779999999994516e-06
m,c,A/2,True,0.00023139000000000146,7.237999999999689e-06
m,c,A/2,True,0.0002189949999999996,6.703000000000264e-06
m,c,A/2,True,0.0003616000000000001,7.309000000000482e-06
m,c,A/2,True,0.0002587390000000009,2.7957000000002064e-05
m,c,A/2,True,0.00025088900000000067,7.3649999999987614e-06
m,c,A/2,True,0.0002190569999999982,7.162000000001528e-06
m,c,A/2,True,0.00022180700000000095,6.732000000002347e-06
m,c,A/2,True,0.0002212760000000029,6.598999999999494e-06
m,c,A/2,True,0.00022818599999999828,7.1270000000026035e-06
m,c,A/4,True,0.0003494489999999982,1.1964999999999198e-05
m,c,A/4,True,0.00038546000000000066,1.2009000000000325e-05
m,c,A/4,True,0.00035216499999999804,1.182199999999814e-05
m,c,A/4,True,0.0004900969999999984,1.2470000000000536e-05
m,c,A/4,True,0.0003495849999999995,1.1449000000000181e-05
m,c,A/4,True,0.00035584299999999805,1.1807000000002565e-05
m,c,A/4,True,0.0004094340000000002,1.2241999999999115e-05
m,c,A/4,True,0.00034725999999999854,1.2274999999999092e-05
m,c,A/4,True,0.00045534800000000125,1.2405000000000055e-05
m,c,A/4,True,0.00035775899999999916,1.1639000000000788e-05
m,c,A/4,True,0.00043554600000000193,1.1928000000001326e-05
m,c,A/4,True,0.0006263770000000009,1.7160999999998178e-05
m,c,A/4,True,0.0003550600000000008,1.2023999999999369e-05
m,c,A/8,True,0.0007151370000000011,1.918700000000037e-05
m,c,A/8,True,0.0006607250000000009,1.996199999999837e-05
m,c,A/8,True,0.0007192919999999998,1.9240999999999703e-05
m,c,A/8,True,0.000631263,2.2686000000000928e-05
m,c,A/8,True,0.0006990829999999996,1.9642999999999744e-05
m,c,A/8,True,0.000595881999999999,1.913900000000135e-05
m,c,A/8,True,0.000601703999999998,1.9193000000000682e-05
m,c,A/8,True,0.0005993860000000004,1.976799999999987e-05
m,c,A/8,True,0.0005973109999999997,1.9778000000001544e-05
m,c,A/8,True,0.0006701869999999992,2.02090000000002e-05
m,c,A/8,True,0.0007472039999999978,2.0419000000000687e-05
m,c,A/8,True,0.0005976460000000003,1.8719999999999848e-05
m,c,A/8,True,0.0006668129999999987,2.0762000000000558e-05
m,c,A/16,True,0.0012786390000000016,5.5846000000001755e-05
m,c,A/16,True,0.001271704000000002,4.019699999999876e-05
m,c,A/16,True,0.0013433769999999998,4.0678000000002323e-05
m,c,A/16,True,0.0012596100000000013,4.037399999999927e-05
m,c,A/16,True,0.0012057580000000012,4.1160999999997894e-05
m,c,A/16,True,0.0011634909999999991,4.049700000000045e-05
m,c,A/16,True,0.0012362500000000012,3.998499999999933e-05
m,c,A/16,True,0.0011214899999999993,4.030399999999795e-05
m,c,A/16,True,0.001305050999999998,4.014299999999943e-05
m,c,A/16,True,0.0012635960000000022,6.899100000000088e-05
m,c,A/16,True,0.0011726669999999988,3.9864000000000566e-05
m,c,A/16,True,0.0012171690000000006,3.8636000000001613e-05
m,c,A/16,True,0.0012003280000000005,3.977999999999968e-05
m,c,A/32,True,0.0021751680000000016,8.81670000000001e-05
m,c,A/32,True,0.0024269730000000024,8.74090000000001e-05
m,c,A/32,True,0.0026027169999999974,8.943299999999987e-05
m,c,A/32,True,0.0022425860000000013,8.638799999999974e-05
m,c,A/32,True,0.0024832559999999997,8.879800000000104e-05
m,c,A/32,True,0.002147826999999998,8.62829999999995e-05
m,c,A/32,True,0.0026348770000000007,0.00012850099999999962
m,c,A/32,True,0.002491926999999998,9.106600000000076e-05
m,c,A/32,True,0.0027813739999999997,8.94549999999987e-05
m,c,A/32,True,0.0024863759999999985,0.00010104899999999889
m,c,A/32,True,0.0025806749999999976,8.660400000000054e-05
m,c,A/32,True,0.0024342270000000006,9.686100000000017e-05
m,c,A/32,True,0.0023265119999999993,8.938999999999822e-05
m,c,A/64,True,0.004455043999999998,0.00016442399999999982
m,c,A/64,True,0.004581397000000001,0.00016963099999999995
m,c,A/64,True,0.004897563999999997,0.00023060700000000073
m,c,A/64,True,0.0045516759999999976,0.0002157139999999988
m,c,A/64,True,0.004451273000000002,0.00019336400000000142
m,c,A/64,True,0.004783570999999997,0.00017532099999999912
m,c,A/64,True,0.004747386000000003,0.00020772500000000235
m,c,A/64,True,0.004134533999999999,0.00016758600000000082
m,c,A/64,True,0.0048767379999999985,0.00027009400000000197
m,c,A/64,True,0.004631084000000001,0.00020880300000000046
m,c,A/64,True,0.004424422000000001,0.0001589
m,c,A/64,True,0.004476175999999998,0.00020540800000000067
m,c,A/64,True,0.004687963,0.00019428700000000132
m,c,A/128,True,0.008670790000000001,0.0003591029999999995
m,c,A/128,True,0.008664998,0.000352729999999999
m,c,A/128,True,0.008639986000000002,0.0004672859999999973
m,c,A/128,True,0.008978452000000001,0.0004060940000000027
m,c,A/128,True,0.008759552,0.0003887339999999982
m,c,A/128,True,0.008869837999999998,0.0004148390000000002
m,c,A/128,True,0.008409928,0.0004034800000000012
m,c,A/128,True,0.008903312,0.00041866300000000314
m,c,A/128,True,0.008984335999999999,0.00038291199999999914
m,c,A/128,True,0.008288922,0.00034968500000000236
m,c,A/128,True,0.009034859,0.0003633970000000014
m,c,A/128,True,0.008642406000000002,0.00038086299999999865
m,c,A/128,True,0.008683786999999998,0.0003224869999999998
m,c,A/256,True,0.017305924000000004,0.0008020369999999985
m,c,A/256,True,0.016756237000000004,0.0009394869999999958
m,c,A/256,True,0.017848499,0.001069176000000005
m,c,A/256,True,0.017721800000000003,0.0009148130000000004
m,c,A/256,True,0.016949872999999997,0.0009920390000000001
m,c,A/256,True,0.017389031,0.0009767439999999947
m,c,A/256,True,0.0174213,0.0009631929999999941
m,c,A/256,True,0.017160593000000002,0.000892078999999997
m,c,A/256,True,0.017397108999999997,0.0009814360000000022
m,c,A/256,True,0.017348717000000003,0.0008634409999999995
m,c,A/256,True,0.017266257,0.0008854540000000008
m,c,A/256,True,0.016750374,0.0009359509999999974
m,c,A/256,True,0.017763793000000003,0.0009084869999999995
m,c,A/512,True,0.035877355,0.0022641220000000004
m,c,A/512,True,0.034672188,0.0020333760000000034
m,c,A/512,True,0.034229652,0.0021716339999999987
m,c,A/512,True,0.034294581000000005,0.0019569529999999974
m,c,A/512,True,0.033191797999999995,0.002375664999999999
m,c,A/512,True,0.034478203,0.002214845
m,c,A/512,True,0.033957159,0.001962379
m,c,A/512,True,0.03280112,0.0019730099999999973
m,c,A/512,True,0.033340236999999995,0.0020831939999999965
m,c,A/512,True,0.034465885,0.002019359999999998
m,c,A/512,True,0.033806608,0.00210018
m,c,A/512,True,0.035240844,0.001981578999999997
m,c,A/512,True,0.034069664,0.002262029999999998
m,c,A/1024,True,0.06771107500000001,0.0046295079999999905
m,c,A/1024,True,0.081604652,0.004814131999999999
m,c,A/1024,True,0.068187196,0.004890076000000007
m,c,A/1024,True,0.06617925100000001,0.004598573999999994
m,c,A/1024,True,0.066660069,0.004679624999999993
m,c,A/1024,True,0.064933519,0.0049926139999999924
m,c,A/1024,True,0.067033526,0.004652965000000009
m,c,A/1024,True,0.067021884,0.004809142000000002
m,c,A/1024,True,0.06853516,0.004894179999999998
m,c,A/1024,True,0.067880959,0.004841429999999994
m,c,A/1024,True,0.067955239,0.004943322
m,c,A/1024,True,0.071237339,0.004543406999999999
m,c,A/1024,True,0.06815288,0.004749043000000008
m,c,A/2048,True,0.132356551,0.010460478999999995
m,c,A/2048,True,0.131465683,0.010457041
m,c,A/2048,True,0.13362841600000003,0.010864348999999995
m,c,A/2048,True,0.134168494,0.010127765999999983
m,c,A/2048,True,0.13281365699999997,0.009785684000000017
m,c,A/2048,True,0.131210625,0.01057892299999999
m,c,A/2048,True,0.134379462,0.009946191999999993
m,c,A/2048,True,0.13398500600000002,0.009956500000000007
m,c,A/2048,True,0.135553429,0.009705518999999996
m,c,A/2048,True,0.132533772,0.009565932
m,c,A/2048,True,0.129979624,0.010510057999999989
m,c,A/2048,True,0.137299464,0.010344420999999993
m,c,A/2048,True,0.132544052,0.009628240999999982
m,c,A/4096,True,0.25750815,0.02215109799999998
m,c,A/4096,True,0.25844399999999995,0.020673211999999996
m,c,A/4096,True,0.259075948,0.02161148700000004
m,c,A/4096,True,0.259650308,0.020717726999999964
m,c,A/4096,True,0.278826898,0.020775388000000006
m,c,A/4096,True,0.25923168999999996,0.02086204399999997
m,c,A/4096,True,0.25811162200000004,0.02168120200000001
m,c,A/4096,True,0.263754924,0.023133605
m,c,A/4096,True,0.258993341,0.02152126700000001
m,c,A/4096,True,0.260713144,0.020871395999999987
m,c,A/4096,True,0.278082258,0.020908290999999968
m,c,A/4096,True,0.264088763,0.02128798999999998
m,c,A/4096,True,0.259368637,0.022040367000000005
m,c,A/8192,True,0.52075819,0.04473179199999999
m,c,A/8192,True,0.524768817,0.045491599999999965
m,c,A/8192,True,0.520153364,0.04667441800000005
m,c,A/8192,True,0.534658745,0.045518116
m,c,A/8192,True,0.517678301,0.046037318999999965
m,c,A/8192,True,0.522660928,0.04762401199999999
m,c,A/8192,True,0.524446665,0.0454794839999999
m,c,A/8192,True,0.518299895,0.04533885999999998
m,c,A/8192,True,0.51662783,0.045064647999999985
m,c,A/8192,True,0.5226576700000001,0.043700825999999915
m,c,A/8192,True,0.512780658,0.04578684300000002
m,c,A/8192,True,0.541884378,0.044927225000000015
m,c,A/8192,True,0.5168406759999999,0.04672149800000003
m,c,A/16384,True,1.0420967429999999,0.132991238
m,c,A/16384,True,1.037584378,0.09679922699999999
m,c,A/16384,True,1.015037854,0.09876840400000009
m,c,A/16384,True,1.050620345,0.09862489600000002
m,c,A/16384,True,0.9985019729999999,0.09315840800000008
m,c,A/16384,True,1.031856265,0.09523658800000012
m,c,A/16384,True,0.967509475,0.09321949099999993
m,c,A/16384,True,0.990628243,0.09262166000000005
m,c,A/16384,True,0.972812181,0.09239255499999999
m,c,A/16384,True,1.041332919,0.0928977339999999
m,c,A/16384,True,0.984438848,0.09381098399999988
m,c,A/16384,True,0.975436713,0.0953276999999999
m,c,A/16384,True,0.9878413079999999,0.109694548
m,c,A/32768,True,2.057278464,0.20345843899999982
m,c,A/32768,True,1.958959171,0.20684912599999983
m,c,A/32768,True,1.997927689,0.2068590079999999
m,c,A/32768,True,1.9978627079999998,0.20243744799999996
m,c,A/32768,True,2.011458323,0.20865682400000019
m,c,A/32768,True,1.945704619,0.2016860100000002
m,c,A/32768,True,1.9919981649999998,0.24542521800000028
m,c,A/32768,True,1.969913734,0.2034583710000002
m,c,A/32768,True,2.003075365,0.20741669300000032
m,c,A/32768,True,2.026279715,0.20287743999999996
m,c,A/32768,True,1.997285386,0.20406683599999997
m,c,A/32768,True,2.022650642,0.20722374200000004
m,c,A/32768,True,2.003806017,0.20043823500000002
m,c,A/65536,True,4.225927392,0.46781224600000026
m,c,A/65536,True,4.285074252,0.47122093900000017
m,c,A/65536,True,4.219913184,0.4721893269999997
m,c,A/65536,True,4.14853327,0.4617110200000001
m,c,A/65536,True,3.996491577,0.45075125400000005
m,c,A/65536,True,3.9951992450000002,0.46812729600000047
m,c,A/65536,True,4.07182541,0.44364802800000014
m,c,A/65536,True,3.966671088,0.46362070200000005
m,c,A/65536,True,4.277212173,0.49070729800000024
m,c,A/65536,True,4.26053508,0.47840867999999936
m,c,A/65536,True,4.2427681029999995,0.488520984
m,c,A/65536,True,4.217391793,0.46237830000000013
m,c,A/65536,True,4.191348379,0.4758140440000007
m,c,A/131072,True,8.340088096,1.0034006289999997
m,c,A/131072,True,8.397981709,1.0116637309999987
m,c,A/131072,True,8.455793089999998,1.0237060180000004
m,c,A/131072,True,8.462162743,1.038354193
m,c,A/131072,True,8.392140302000001,1.0310941849999988
m,c,A/131072,True,8.456288058,1.011492221000001
m,c,A/131072,True,8.437360863,1.0197907560000008
m,c,A/131072,True,8.42603102,0.9965653359999997
m,c,A/131072,True,8.480716031,1.0483809060000002
m,c,A/131072,True,8.341356217,1.0146827720000005
m,c,A/131072,True,8.599273809,1.0045601719999997
m,c,A/131072,True,8.594954187999999,1.0144718719999997
m,c,A/131072,True,8.437795218000002,1.0160340310000002
m,c,A/262144,True,16.743418065,2.2532049979999975
m,c,A/262144,True,16.362179317,2.1478829590000004
m,c,A/262144,True,16.768000738,2.260192625000002
m,c,A/262144,True,16.460043807999998,2.2140413070000022
m,c,A/262144,True,16.297414732,2.2678356300000004
m,c,A/262144,True,16.639958781999997,2.238645067
m,c,A/262144,True,16.381213918,2.1805797799999986
m,c,A/262144,True,16.116616102,2.121100542999997
m,c,A/262144,True,16.467228714,2.2447365050000023
m,c,A/262144,True,16.260081401,2.185335675000001
m,c,A/262144,True,16.002360273,2.118183695999999
m,c,A/262144,True,16.58185083,2.244634768000001
m,c,A/262144,True,16.314505253,2.1496488440000014
m,c,A/524288,True,32.68227151,4.840468516000001
m,c,A/524288,True,32.258189663,4.721393225
m,c,A/524288,True,33.475957504,4.654779525999999
m,c,A/524288,True,31.923671588999998,4.868391723000002
m,c,A/524288,True,32.524391376,4.663803176000002
m,c,A/524288,True,32.936037452,4.753580352999997
m,c,A/524288,True,32.152309046,4.825356520999996
m,c,A/524288,True,33.319446893,4.723357518
m,c,A/524288,True,34.005233563000004,4.736332098999995
m,c,A/524288,True,31.457116639,4.646609274000003
m,c,A/524288,True,32.956866072000004,4.687476110000006
m,c,A/524288,True,32.851416441,4.777564441999999
m,c,A/524288,True,31.469486697,4.677578019999999
m,c,A/1048576,True,65.72110664499999,10.47700256600001
m,c,A/1048576,True,64.884091787,10.129922563000008
m,c,A/1048576,True,66.063476838,10.285210012999997
m,c,A/1048576,True,66.44438288900001,10.429202562
m,c,A/1048576,True,74.70702943900001,10.35119190399999
m,c,A/1048576,True,65.796388886,10.711891041000001
m,c,A/1048576,True,65.572424765,10.186449356000011
m,c,A/1048576,True,65.474724955,10.498279995999994
m,c,A/1048576,True,66.02039454199999,10.550495013000003
m,c,A/1048576,True,66.433961054,10.499199743000005
m,c,A/1048576,True,66.280377315,10.560759431000008
m,c,A/1048576,True,65.721653826,10.569761498000005
m,c,A/1048576,True,66.70827416499999,10.310404864999995
m,c,A/2097152,True,132.535692217,23.247146391
m,c,A/2097152,True,133.255247296,23.104403706
m,c,A/2097152,True,132.775045845,22.280994488999994
m,c,A/2097152,True,133.953188842,22.452759835000023
m,c,A/2097152,True,131.398848345,23.404367397999977
m,c,A/2097152,True,130.90461437300002,22.052470032000002
m,c,A/2097152,True,132.31942948,22.460152558999994
m,c,A/2097152,True,132.180031656,22.555847935000003
m,c,A/2097152,True,132.168579522,23.109329785
m,c,A/2097152,True,133.234317738,23.463463243999996
m,c,A/2097152,True,132.135452966,22.867466573
m,c,A/2097152,True,134.10139258700002,22.660281837000014
m,c,A/2097152,True,135.881196455,23.468405934000003
m,c,A/4194304,True,267.35747534,49.24011654399999
m,c,A/4194304,True,268.848758417,48.786260621999986
m,c,A/4194304,True,267.61058862,49.84472464200002
m,c,A/4194304,True,262.06807542200005,49.17360162899996
m,c,A/4194304,True,265.47620596999997,49.17163377899999
m,c,A/4194304,True,264.603026087,49.26131408500004
m,c,A/4194304,True,261.101161421,49.47658628900001
m,c,A/4194304,True,262.599889838,49.02217044299999
m,c,A/4194304,True,264.721080288,49.052350924999985
m,c,A/4194304,True,267.676980047,48.968320237
m,c,A/4194304,True,266.080808951,49.49783384799997
m,c,A/4194304,True,268.420497619,49.107532827
m,c,A/4194304,True,266.33583266200003,48.880931145000034
m,c,B/1,True,0.0002010700000000011,3.48300000000204e-06
m,c,B/1,True,0.00015280699999999786,2.860999999999836e-06
m,c,B/1,True,0.00015029399999999873,2.9529999999999834e-06
m,c,B/1,True,0.00015040300000000034,2.860999999999836e-06
m,c,B/1,True,0.00016244899999999854,3.2289999999969565e-06
m,c,B/1,True,0.00014705299999999769,2.7430000000029653e-06
m,c,B/1,True,0.00015166000000000138,3.0729999999992708e-06
m,c,B/1,True,0.00014724699999999966,2.858999999997419e-06
m,c,B/1,True,0.00015555399999999872,2.5960000000005423e-06
m,c,B/1,True,0.00015903199999999992,2.8340000000001697e-06
m,c,B/1,True,0.00014739499999999808,2.771000000002105e-06
m,c,B/1,True,0.00014515500000000098,2.6760000000000672e-06
m,c,B/1,True,0.00017966800000000088,2.913000000000221e-06
m,c,B/2,True,0.00027531299999999925,6.9250000000013745e-06
m,c,B/2,True,0.00022111799999999932,7.0950000000021e-06
m,c,B/2,True,0.00022074000000000052,7.208999999997606e-06
m,c,B/2,True,0.00024760199999999954,6.514999999998605e-06
m,c,B/2,True,0.00028615400000000027,6.904999999998024e-06
m,c,B/2,True,0.00034215400000000076,7.283000000000289e-06
m,c,B/2,True,0.00021736700000000303,6.874999999999937e-06
m,c,B/2,True,0.0002210379999999998,6.557000000000784e-06
m,c,B/2,True,0.00023221600000000037,6.618000000003371e-06
m,c,B/2,True,0.00022060699999999767,6.765000000002325e-06
m,c,B/2,True,0.00023277699999999998,7.058000000000758e-06
m,c,B/2,True,0.00026201500000000086,7.239999999998636e-06
m,c,B/2,True,0.0002697410000000004,6.721000000001198e-06
m,c,B/4,True,0.0004201199999999995,1.2523000000000395e-05
m,c,B/4,True,0.00035100500000000145,1.1656999999998252e-05
m,c,B/4,True,0.00035330699999999715,1.1704000000001269e-05
m,c,B/4,True,0.0003737049999999985,1.228299999999835e-05
m,c,B/4,True,0.00037030500000000133,1.1963999999999725e-05
m,c,B/4,True,0.00037533599999999695,1.2291000000001079e-05
m,c,B/4,True,0.00038879099999999944,1.2286999999999715e-05
m,c,B/4,True,0.0003511290000000021,1.1926999999998383e-05
m,c,B/4,True,0.00040471400000000046,1.2302000000002228e-05
m,c,B/4,True,0.00037301899999999874,1.2022000000000421e-05
m,c,B/4,True,0.00034930199999999925,1.1751000000000816e-05
m,c,B/4,True,0.0003694069999999987,1.2266999999999834e-05
m,c,B/4,True,0.0004156509999999995,1.2023999999999369e-05
m,c,B/8,True,0.0006802340000000018,2.1118000000000525e-05
m,c,B/8,True,0.0006679630000000006,2.1084999999997078e-05
m,c,B/8,True,0.0011482420000000007,3.410100000000166e-05
m,c,B/8,True,0.000601980000000002,2.0721000000001322e-05
m,c,B/8,True,0.0006121170000000023,2.13220000000007e-05
m,c,B/8,True,0.000708880999999998,2.0932000000001283e-05
m,c,B/8,True,0.001199281,3.5328000000001136e-05
m,c,B/8,True,0.0005971179999999972,2.0291999999998145e-05
m,c,B/8,True,0.0006504909999999996,2.1099000000000118e-05
m,c,B/8,True,0.0005979179999999994,1.9839999999996666e-05
m,c,B/8,True,0.0006464629999999999,2.0591999999999833e-05
m,c,B/8,True,0.0007194439999999996,2.0611999999999714e-05
m,c,B/8,True,0.0006164430000000012,2.336400000000141e-05
m,c,B/16,True,0.0012690349999999982,3.971300000000025e-05
m,c,B/16,True,0.0012277429999999999,4.035200000000044e-05
m,c,B/16,True,0.001105492999999999,3.89629999999995e-05
m,c,B/16,True,0.0013601580000000002,6.979199999999908e-05
m,c,B/16,True,0.0012281869999999986,3.863699999999762e-05
m,c,B/16,True,0.0012615829999999967,3.915400000000305e-05
m,c,B/16,True,0.002102723000000001,6.611399999999906e-05
m,c,B/16,True,0.001198814999999999,3.886300000000009e-05
m,c,B/16,True,0.0012674459999999985,4.0439999999999227e-05
m,c,B/16,True,0.0011160819999999974,3.8695000000001784e-05
m,c,B/16,True,0.001150652000000002,3.877299999999889e-05
m,c,B/16,True,0.0011842870000000026,3.994400000000009e-05
m,c,B/16,True,0.0012058900000000011,4.125500000000046e-05
m,c,B/32,True,0.0024525830000000012,8.306400000000075e-05
m,c,B/32,True,0.0022201389999999994,8.545500000000164e-05
m,c,B/32,True,0.002100996000000001,8.319499999999772e-05
m,c,B/32,True,0.002260610999999999,8.499400000000143e-05
m,c,B/32,True,0.0022344789999999976,8.67340000000015e-05
m,c,B/32,True,0.0022858540000000004,0.00013504699999999925
m,c,B/32,True,0.0021682270000000017,8.31789999999992e-05
m,c,B/32,True,0.0021595169999999997,9.918399999999869e-05
m,c,B/32,True,0.0022119559999999976,8.98199999999974e-05
m,c,B/32,True,0.0021953140000000003,8.465399999999998e-05
m,c,B/32,True,0.0022317619999999982,8.614600000000222e-05
m,c,B/32,True,0.002209711999999999,8.808700000000058e-05
m,c,B/32,True,0.0030650020000000007,8.470400000000142e-05
m,c,B/64,True,0.0045987690000000025,0.00020063299999999867
m,c,B/64,True,0.004456905000000001,0.00028694500000000026
m,c,B/64,True,0.004278305000000003,0.00018463300000000002
m,c,B/64,True,0.004364405000000002,0.00017001900000000042
m,c,B/64,True,0.004513037000000001,0.000169565
m,c,B/64,True,0.004428294000000003,0.0001976089999999979
m,c,B/64,True,0.004255810999999998,0.00016814999999999886
m,c,B/64,True,0.004439442999999998,0.0001869430000000019
m,c,B/64,True,0.0043313540000000025,0.00018685899999999755
m,c,B/64,True,0.004414313,0.00016488099999999867
m,c,B/64,True,0.004401403000000002,0.00017856899999999995
m,c,B/64,True,0.004201376999999999,0.00021742799999999868
m,c,B/64,True,0.0043650419999999995,0.00016984499999999833
m,c,B/128,True,0.008428624999999999,0.00036395199999999725
m,c,B/128,True,0.008115206,0.0003556709999999984
m,c,B/128,True,0.008318326000000001,0.00042745599999999967
m,c,B/128,True,0.008395350999999999,0.0004392800000000002
m,c,B/128,True,0.008480030999999999,0.00037768399999999966
m,c,B/128,True,0.008330348999999997,0.00035123499999999835
m,c,B/128,True,0.008495829,0.0004387030000000021
m,c,B/128,True,0.008511559000000002,0.0003617910000000002
m,c,B/128,True,0.008439783999999999,0.0003543509999999993
m,c,B/128,True,0.008638137,0.00040782899999999844
m,c,B/128,True,0.008712188,0.00034969500000000056
m,c,B/128,True,0.008453080999999998,0.0004011220000000003
m,c,B/128,True,0.008497092000000001,0.0004319560000000007
m,c,B/256,True,0.016266517999999997,0.0009030280000000002
m,c,B/256,True,0.015982500999999996,0.0007989140000000047
m,c,B/256,True,0.015982882,0.000798744000000004
m,c,B/256,True,0.017379811999999998,0.0007611820000000061
m,c,B/256,True,0.016800736,0.0007942530000000017
m,c,B/256,True,0.016714986,0.000866475999999998
m,c,B/256,True,0.016431185,0.0009149180000000007
m,c,B/256,True,0.016890923999999998,0.0008961320000000009
m,c,B/256,True,0.017218705,0.0007704030000000028
m,c,B/256,True,0.016881112,0.0008024740000000044
m,c,B/256,True,0.016952781,0.000856599999999999
m,c,B/256,True,0.017370932000000002,0.0009327140000000012
m,c,B/256,True,0.017199856,0.0007944850000000045
m,c,B/512,True,0.032625322,0.0017905210000000032
m,c,B/512,True,0.031475997000000006,0.0017302090000000034
m,c,B/512,True,0.03173263900000001,0.0018636700000000048
m,c,B/512,True,0.037034149,0.0033378039999999998
m,c,B/512,True,0.031789874999999995,0.0018010600000000002
m,c,B/512,True,0.03159672,0.0018130560000000004
m,c,B/512,True,0.031504798,0.0017199239999999977
m,c,B/512,True,0.031527088999999994,0.0016876850000000013
m,c,B/512,True,0.032063841999999995,0.0018190239999999955
m,c,B/512,True,0.032376374,0.0016998670000000007
m,c,B/512,True,0.031656559,0.0017838920000000022
m,c,B/512,True,0.031520231,0.0017408660000000006
m,c,B/512,True,0.034022985000000006,0.0017839409999999972
m,c,B/1024,True,0.065296685,0.003900375999999997
m,c,B/1024,True,0.062061786,0.003849629000000007
m,c,B/1024,True,0.06461789400000001,0.003907043999999998
m,c,B/1024,True,0.063499718,0.004024943000000003
m,c,B/1024,True,0.06447233399999999,0.004705092000000008
m,c,B/1024,True,0.064034014,0.003875948000000004
m,c,B/1024,True,0.065072796,0.005941120000000008
m,c,B/1024,True,0.064183713,0.003940885000000005
m,c,B/1024,True,0.061614733,0.004323047999999996
m,c,B/1024,True,0.062683134,0.004627532999999989
m,c,B/1024,True,0.061677589000000005,0.0037950190000000106
m,c,B/1024,True,0.061921018,0.003947774000000001
m,c,B/1024,True,0.064153546,0.004049485999999991
m,c,B/2048,True,0.124967126,0.008024639
m,c,B/2048,True,0.12590415100000002,0.008184114999999992
m,c,B/2048,True,0.125923666,0.008327579000000002
m,c,B/2048,True,0.125242044,0.008024226999999995
m,c,B/2048,True,0.12515791999999998,0.008210093000000002
m,c,B/2048,True,0.129189791,0.01665133699999999
m,c,B/2048,True,0.123587856,0.008141688000000008
m,c,B/2048,True,0.12374104500000001,0.00810317200000002
m,c,B/2048,True,0.12597491000000002,0.008216059999999997
m,c,B/2048,True,0.125395524,0.008079417000000005
m,c,B/2048,True,0.123202773,0.008329978000000016
m,c,B/2048,True,0.12588226000000002,0.008020958999999994
m,c,B/2048,True,0.12766939700000002,0.008141971999999997
m,c,B/4096,True,0.24987619899999997,0.017632168000000004
m,c,B/4096,True,0.24799718399999998,0.01790191799999996
m,c,B/4096,True,0.24946445000000003,0.018125572000000034
m,c,B/4096,True,0.24615136399999998,0.017684148999999982
m,c,B/4096,True,0.250626081,0.02314087299999995
m,c,B/4096,True,0.250502841,0.017454734000000027
m,c,B/4096,True,0.2452628,0.017582551999999974
m,c,B/4096,True,0.24813219300000003,0.01751429099999996
m,c,B/4096,True,0.256891825,0.017751235000000032
m,c,B/4096,True,0.24801438100000003,0.017644508999999975
m,c,B/4096,True,0.24915597800000003,0.017463786999999953
m,c,B/4096,True,0.255492528,0.01755022700000003
m,c,B/4096,True,0.272728526,0.017387270999999982
m,c,B/8192,True,0.501167662,0.03636125900000009
m,c,B/8192,True,0.501015451,0.03655730600000007
m,c,B/8192,True,0.491644736,0.03640954899999993
m,c,B/8192,True,0.496480366,0.036576869999999984
m,c,B/8192,True,0.49404797500000003,0.03626895000000008
m,c,B/8192,True,0.496517206,0.036585513999999986
m,c,B/8192,True,0.503089797,0.036677815999999974
m,c,B/8192,True,0.483555965,0.03693633099999993
m,c,B/8192,True,0.5265814790000001,0.036711791999999965
m,c,B/8192,True,0.48835463900000003,0.03623186300000003
m,c,B/8192,True,0.486335865,0.03694710599999995
m,c,B/8192,True,0.49655286600000004,0.03673165100000009
m,c,B/8192,True,0.48832482399999994,0.03644159800000002
m,c,B/16384,True,0.976056182,0.077858659
m,c,B/16384,True,1.003798806,0.07699313200000013
m,c,B/16384,True,1.001346949,0.08087439100000005
m,c,B/16384,True,0.991558476,0.0792459040000002
m,c,B/16384,True,0.997293051,0.08085413800000008
m,c,B/16384,True,1.035642382,0.07877717100000003
m,c,B/16384,True,0.9966027670000001,0.07989059199999993
m,c,B/16384,True,0.9929827889999999,0.0774764320000001
m,c,B/16384,True,0.978741278,0.07522405799999987
m,c,B/16384,True,1.0180022780000002,0.08204831899999987
m,c,B/16384,True,1.0056536569999999,0.07864519900000011
m,c,B/16384,True,0.9881439389999999,0.07730516700000001
m,c,B/16384,True,1.005143772,0.07939415400000005
m,c,B/32768,True,2.1024854719999997,0.18441659600000015
m,c,B/32768,True,2.136978052,0.17908234099999998
m,c,B/32768,True,2.159140344,0.17830091999999986
m,c,B/32768,True,2.1189684300000002,0.17664215900000002
m,c,B/32768,True,2.151462569,0.17682343900000008
m,c,B/32768,True,2.124888296,0.1765319639999996
m,c,B/32768,True,2.0707799749999998,0.24370771999999974
m,c,B/32768,True,2.028626066,0.17239032499999984
m,c,B/32768,True,1.9511036389999998,0.16549406899999997
m,c,B/32768,True,2.0235552180000003,0.16534585600000007
m,c,B/32768,True,1.9530914990000001,0.16424860499999983
m,c,B/32768,True,2.0522849219999997,0.17435616899999973
m,c,B/32768,True,2.005437056,0.1666237530000001
m,c,B/65536,True,3.99841984,0.3547512690000003
m,c,B/65536,True,4.048353434,0.3545048340000001
m,c,B/65536,True,3.990333116,0.35455188500000023
m,c,B/65536,True,3.963494221,0.3550827129999998
m,c,B/65536,True,4.007039129,0.36320291500000046
m,c,B/65536,True,3.9889170399999996,0.38805557900000043
m,c,B/65536,True,3.942869151,0.34575094400000017
m,c,B/65536,True,4.155910437,0.37763614200000006
m,c,B/65536,True,4.227783088,0.37401278700000073
m,c,B/65536,True,4.170000608,0.36850307499999957
m,c,B/65536,True,4.1980450199999995,0.3568272490000002
m,c,B/65536,True,4.009054737,0.35530289399999937
m,c,B/65536,True,4.120440041999999,0.37443082599999933
m,c,B/131072,True,8.031931,0.7474108260000012
m,c,B/131072,True,7.951755579,0.7462014510000001
m,c,B/131072,True,7.965952668,0.7379364280000003
m,c,B/131072,True,7.85459613,0.7480700450000004
m,c,B/131072,True,8.537036611000001,0.786678499999999
m,c,B/131072,True,8.098912333,0.7505517949999998
m,c,B/131072,True,7.983636271,0.7396929370000009
m,c,B/131072,True,8.119570855,0.7515825550000006
m,c,B/131072,True,7.946848696,0.7460802370000001
m,c,B/131072,True,8.07029053,0.7562188780000003
m,c,B/131072,True,8.475624266,0.7897053869999997
m,c,B/131072,True,8.421627065,0.7449351370000006
m,c,B/131072,True,7.979876039,0.7716104979999994
m,c,B/262144,True,15.844894103,1.5978628679999982
m,c,B/262144,True,15.852003226999999,1.6392898949999992
m,c,B/262144,True,16.805033829,1.5953105140000012
m,c,B/262144,True,15.830453875,1.6108696200000026
m,c,B/262144,True,15.841645632999999,1.7083756250000004
m,c,B/262144,True,16.765376889,1.5903832199999997
m,c,B/262144,True,15.818550019,1.5724259750000016
m,c,B/262144,True,15.964750437000001,1.5699983800000012
m,c,B/262144,True,16.35315003,1.6727383150000001
m,c,B/262144,True,16.263100028,1.598063347
m,c,B/262144,True,15.809716015,1.5799630519999983
m,c,B/262144,True,16.375235773,1.655021774999998
m,c,B/262144,True,16.242694970000002,1.6164632449999985
m,c,B/524288,True,32.059494312,3.5364052450000045
m,c,B/524288,True,32.864528852,3.3766334180000044
m,c,B/524288,True,33.184638842,3.3796669749999992
m,c,B/524288,True,31.774510306,3.357755468999997
m,c,B/524288,True,33.070420018,3.2730432170000014
m,c,B/524288,True,32.808007106999995,3.527240779000003
m,c,B/524288,True,32.460765024000004,3.284684788
m,c,B/524288,True,33.28392350199999,3.4217466509999994
m,c,B/524288,True,32.236937777,3.4747555209999987
m,c,B/524288,True,32.844599116999994,3.342084616000001
m,c,B/524288,True,32.967130058,3.4342958350000004
m,c,B/524288,True,32.453348343,3.3665842070000025
m,c,B/524288,True,32.967116093,3.303057218999996
m,c,B/1048576,True,66.037675131,7.12297859200001
m,c,B/1048576,True,65.16181285100001,7.046701756999994
m,c,B/1048576,True,65.185749463,7.281481145000001
m,c,B/1048576,True,65.506768076,7.033212630000008
m,c,B/1048576,True,66.645930457,6.942955600000005
m,c,B/1048576,True,66.210689877,7.400304603999999
m,c,B/1048576,True,66.765838946,7.096830376999989
m,c,B/1048576,True,66.320598125,7.175704510000003
m,c,B/1048576,True,65.790682222,7.202560820999992
m,c,B/1048576,True,65.621962266,7.3846450009999955
m,c,B/1048576,True,66.912045658,7.1214395350000075
m,c,B/1048576,True,64.921032229,7.0807507800000025
m,c,B/1048576,True,65.666726642,7.03606414299999
m,c,B/2097152,True,131.275725975,15.026821423000001
m,c,B/2097152,True,132.492771266,14.706829679999998
m,c,B/2097152,True,132.60805729700002,14.832925039999992
m,c,B/2097152,True,131.18949562999998,15.408173927999997
m,c,B/2097152,True,132.684253442,14.490579346000004
m,c,B/2097152,True,130.770842619,15.335378286999997
m,c,B/2097152,True,131.862598671,14.524469565999993
m,c,B/2097152,True,129.947807479,15.240796524000018
m,c,B/2097152,True,133.24093762500002,14.783688115000018
m,c,B/2097152,True,131.218007629,15.52558707099999
m,c,B/2097152,True,134.188967823,14.645867428999992
m,c,B/2097152,True,131.748689953,15.220146702999983
m,c,B/2097152,True,130.727377485,15.065418225999991
m,c,B/4194304,True,260.618956045,30.39567897300003
m,c,B/4194304,True,264.165849026,30.607543050000004
m,c,B/4194304,True,265.58519239699996,31.330702193000036
m,c,B/4194304,True,267.16958981199997,31.874415811000006
m,c,B/4194304,True,266.08496436400003,31.288316542000018
m,c,B/4194304,True,259.70230982100003,31.75130229800004
m,c,B/4194304,True,264.031671784,31.640133589000015
m,c,B/4194304,True,263.112014437,31.47798962500002
m,c,B/4194304,True,263.31571169100005,31.656178789000023
m,c,B/4194304,True,264.7703614,31.517500091999977
m,c,B/4194304,True,267.60034481499997,31.086908928000014
m,c,B/4194304,True,265.09354466,30.99837438899999
m,c,B/4194304,True,261.862783174,31.072294927999963
m,c,C/1,True,0.000500884,3.486000000000461e-06
m,c,C/1,True,0.00022266200000000194,2.8210000000000734e-06
m,c,C/1,True,0.00014537200000000125,2.801999999999666e-06
m,c,C/1,True,0.00014384200000000166,2.7870000000006223e-06
m,c,C/1,True,0.00019103300000000017,3.05600000000128e-06
m,c,C/1,True,0.00016303600000000182,2.6249999999991558e-06
m,c,C/1,True,0.00013854799999999876,2.70500000000215e-06
m,c,C/1,True,0.00013860599999999945,2.669999999999756e-06
m,c,C/1,True,0.00016151000000000013,2.7309999999988732e-06
m,c,C/1,True,0.00020183000000000006,2.8980000000011774e-06
m,c,C/1,True,0.0001385910000000004,2.8570000000019413e-06
m,c,C/1,True,0.00016781999999999908,2.999999999999531e-06
m,c,C/1,True,0.00014737299999999925,2.7090000000000447e-06
m,c,C/2,True,0.0003237960000000012,7.072000000000328e-06
m,c,C/2,True,0.0002789199999999985,7.126999999999134e-06
m,c,C/2,True,0.0002400889999999989,6.5430000000012145e-06
m,c,C/2,True,0.00035051200000000074,6.99099999999786e-06
m,c,C/2,True,0.00024933099999999847,6.5349999999984865e-06
m,c,C/2,True,0.00023951800000000106,7.145999999999542e-06
m,c,C/2,True,0.00022036400000000067,6.829999999999337e-06
m,c,C/2,True,0.00024161699999999953,7.320000000001631e-06
m,c,C/2,True,0.0002489280000000024,6.807999999997039e-06
m,c,C/2,True,0.0002220570000000012,6.686999999998278e-06
m,c,C/2,True,0.00022797000000000095,6.780000000001368e-06
m,c,C/2,True,0.0002115700000000012,6.761000000000961e-06
m,c,C/2,True,0.00025088900000000067,6.819999999997661e-06
m,c,C/4,True,0.0005168969999999988,1.2539000000002382e-05
m,c,C/4,True,0.0003918649999999982,1.2284000000001294e-05
m,c,C/4,True,0.00047817699999999977,1.1399999999998217e-05
m,c,C/4,True,0.00039176200000000036,1.7037000000000996e-05
m,c,C/4,True,0.00042992499999999767,1.162300000000227e-05
m,c,C/4,True,0.00038708700000000124,1.1290000000000605e-05
m,c,C/4,True,0.00043685599999999936,1.1165999999999954e-05
m,c,C/4,True,0.0003706740000000014,1.039000000000248e-05
m,c,C/4,True,0.0006553329999999975,1.7977999999998356e-05
m,c,C/4,True,0.00040746699999999816,1.1201999999998352e-05
m,c,C/4,True,0.0004662699999999978,2.594800000000133e-05
m,c,C/4,True,0.0005661320000000004,1.576599999999692e-05
m,c,C/4,True,0.0007461770000000006,2.0106999999998376e-05
m,c,C/8,True,0.0006753669999999996,2.0129000000000674e-05
m,c,C/8,True,0.0006399320000000028,1.9385000000000235e-05
m,c,C/8,True,0.0006029349999999989,1.9686000000001397e-05
m,c,C/8,True,0.0013925009999999974,5.130799999999991e-05
m,c,C/8,True,0.0006504420000000011,2.095299999999717e-05
m,c,C/8,True,0.0005551660000000028,3.7670000000000065e-05
m,c,C/8,True,0.0006600300000000024,1.9281000000002935e-05
m,c,C/8,True,0.0006041199999999997,1.8636999999998433e-05
m,c,C/8,True,0.0006462110000000007,1.8824000000000618e-05
m,c,C/8,True,0.0006274330000000002,1.909400000000075e-05
m,c,C/8,True,0.0006533460000000026,1.786999999999969e-05
m,c,C/8,True,0.0007224250000000022,3.618800000000297e-05
m,c,C/8,True,0.0007175550000000017,1.9761999999999558e-05
m,c,C/16,True,0.0014541809999999988,3.524000000000235e-05
m,c,C/16,True,0.0013047350000000013,6.972099999999828e-05
m,c,C/16,True,0.0013998659999999996,3.7389000000002254e-05
m,c,C/16,True,0.001052024000000002,3.415300000000204e-05
m,c,C/16,True,0.001121917,3.458700000000259e-05
m,c,C/16,True,0.0011647140000000007,3.7813000000001123e-05
m,c,C/16,True,0.0010423109999999972,3.216400000000119e-05
m,c,C/16,True,0.001224188000000001,3.7443000000001586e-05
m,c,C/16,True,0.0013018530000000021,8.838099999999849e-05
m,c,C/16,True,0.0012680739999999975,7.02269999999991e-05
m,c,C/16,True,0.0011681620000000004,6.64029999999996e-05
m,c,C/16,True,0.0012164080000000022,3.5095000000002347e-05
m,c,C/16,True,0.0011036910000000004,3.519499999999828e-05
m,c,C/32,True,0.0023784789999999993,0.0001290720000000009
m,c,C/32,True,0.0022915789999999985,8.408600000000058e-05
m,c,C/32,True,0.002216120000000002,8.521900000000096e-05
m,c,C/32,True,0.002290139,0.00010959099999999916
m,c,C/32,True,0.0023386419999999984,9.38239999999993e-05
m,c,C/32,True,0.003938836000000001,0.00012518300000000093
m,c,C/32,True,0.0023522630000000003,8.323400000000147e-05
m,c,C/32,True,0.0023750620000000007,7.720799999999875e-05
m,c,C/32,True,0.0024997160000000025,7.723700000000083e-05
m,c,C/32,True,0.002246289999999998,9.312599999999893e-05
m,c,C/32,True,0.0021223910000000012,8.381300000000202e-05
m,c,C/32,True,0.002369368,0.00010840099999999755
m,c,C/32,True,0.0022738010000000024,7.128300000000184e-05
m,c,C/64,True,0.004620935,0.0002076500000000002
m,c,C/64,True,0.004766799000000002,0.0001877150000000015
m,c,C/64,True,0.004397896000000002,0.00016466800000000323
m,c,C/64,True,0.004699551999999999,0.00020394099999999915
m,c,C/64,True,0.004747109999999999,0.00017973499999999684
m,c,C/64,True,0.004581032999999998,0.00020185899999999868
m,c,C/64,True,0.004687383,0.00015803799999999923
m,c,C/64,True,0.004683211,0.00016053400000000037
m,c,C/64,True,0.004772389999999998,0.0001790969999999996
m,c,C/64,True,0.004456616,0.00015665999999999944
m,c,C/64,True,0.0045381740000000025,0.00017558600000000188
m,c,C/64,True,0.004298804,0.00015377899999999972
m,c,C/64,True,0.004814266000000001,0.00014292699999999756
m,c,C/128,True,0.009139701,0.0003415400000000013
m,c,C/128,True,0.008471114999999998,0.0003529820000000017
m,c,C/128,True,0.009121623999999998,0.00043657299999999913
m,c,C/128,True,0.009221659,0.00037943699999999983
m,c,C/128,True,0.009275917000000002,0.00038051900000000277
m,c,C/128,True,0.008459664999999998,0.00039402499999999924
m,c,C/128,True,0.008660092999999997,0.00038083300000000056
m,c,C/128,True,0.00887841,0.00034392000000000103
m,c,C/128,True,0.009386577,0.0003850529999999998
m,c,C/128,True,0.009084609,0.0004351349999999962
m,c,C/128,True,0.009069352,0.0003256960000000003
m,c,C/128,True,0.009828944999999999,0.00033213299999999835
m,c,C/128,True,0.008854662999999999,0.0004891960000000008
m,c,C/256,True,0.016653508,0.0008438899999999999
m,c,C/256,True,0.016860452,0.0007422470000000014
m,c,C/256,True,0.017258995000000003,0.0007685830000000032
m,c,C/256,True,0.016741845999999998,0.0008294419999999997
m,c,C/256,True,0.017335143999999997,0.0007999640000000002
m,c,C/256,True,0.016520669999999998,0.0008359250000000013
m,c,C/256,True,0.017484868,0.0007269770000000036
m,c,C/256,True,0.016997551000000003,0.0008606119999999967
m,c,C/256,True,0.017595865,0.0007743389999999989
m,c,C/256,True,0.017781707,0.0007773550000000004
m,c,C/256,True,0.017073756,0.0007746600000000034
m,c,C/256,True,0.023535445000000002,0.000817959
m,c,C/256,True,0.016759079000000003,0.0008292979999999991
m,c,C/512,True,0.03396794,0.0015705079999999982
m,c,C/512,True,0.034230465,0.0017982520000000002
m,c,C/512,True,0.035526436999999994,0.0017085930000000013
m,c,C/512,True,0.03415399400000001,0.0017819820000000014
m,c,C/512,True,0.034288732,0.0017951979999999979
m,c,C/512,True,0.03385645,0.0017383170000000031
m,c,C/512,True,0.03384545,0.001630711
m,c,C/512,True,0.033925304,0.0018397570000000044
m,c,C/512,True,0.034765802,0.0018538339999999986
m,c,C/512,True,0.037447373,0.0019349970000000008
m,c,C/512,True,0.033998518000000005,0.0019822850000000003
m,c,C/512,True,0.033566998,0.001936589999999995
m,c,C/512,True,0.033939698000000004,0.0016003029999999974
m,c,C/1024,True,0.068114865,0.003861956999999999
m,c,C/1024,True,0.064855044,0.003969778000000007
m,c,C/1024,True,0.06855750399999999,0.004086375999999989
m,c,C/1024,True,0.06803367199999999,0.004023509999999994
m,c,C/1024,True,0.069549356,0.003915428999999998
m,c,C/1024,True,0.069043622,0.0041483059999999905
m,c,C/1024,True,0.06790305299999999,0.003987272
m,c,C/1024,True,0.06752012900000001,0.004139833000000009
m,c,C/1024,True,0.066449149,0.004058077999999993
m,c,C/1024,True,0.06690529099999999,0.004217017999999989
m,c,C/1024,True,0.067333004,0.004015691000000002
m,c,C/1024,True,0.06611613300000001,0.003894067000000001
m,c,C/1024,True,0.068767858,0.0039496019999999965
m,c,C/2048,True,0.133180096,0.008597712000000007
m,c,C/2048,True,0.138638338,0.007736178999999982
m,c,C/2048,True,0.131920664,0.008460582999999994
m,c,C/2048,True,0.13352445599999999,0.008621886999999995
m,c,C/2048,True,0.132575224,0.008137250999999984
m,c,C/2048,True,0.140806709,0.008491998
m,c,C/2048,True,0.136662057,0.008180991999999998
m,c,C/2048,True,0.130895861,0.00840824799999998
m,c,C/2048,True,0.137578544,0.008554510999999987
m,c,C/2048,True,0.128620287,0.008720201999999982
m,c,C/2048,True,0.130754054,0.009258058000000013
m,c,C/2048,True,0.128481776,0.00817222099999998
m,c,C/2048,True,0.132205272,0.008381952999999998
m,c,C/4096,True,0.261200668,0.018418046999999993
m,c,C/4096,True,0.265324082,0.018140517999999994
m,c,C/4096,True,0.25971446,0.017568571000000033
m,c,C/4096,True,0.262525354,0.018057178000000007
m,c,C/4096,True,0.264287968,0.01780952899999999
m,c,C/4096,True,0.264786001,0.01779068500000003
m,c,C/4096,True,0.264474147,0.018387984999999996
m,c,C/4096,True,0.273393781,0.019345973000000016
m,c,C/4096,True,0.251087056,0.017064136000000008
m,c,C/4096,True,0.278583103,0.01875780100000002
m,c,C/4096,True,0.26597568499999996,0.019376223000000026
m,c,C/4096,True,0.266105784,0.018358129
m,c,C/4096,True,0.274737216,0.018492463000000015
m,c,C/8192,True,0.529202082,0.03828367499999996
m,c,C/8192,True,0.514355296,0.03738465700000004
m,c,C/8192,True,0.522847491,0.039464663000000066
m,c,C/8192,True,0.529814559,0.036594722000000024
m,c,C/8192,True,0.519207934,0.03844027400000005
m,c,C/8192,True,0.5218636369999999,0.038001683000000064
m,c,C/8192,True,0.5421192690000001,0.03693586400000004
m,c,C/8192,True,0.524433367,0.03772609100000002
m,c,C/8192,True,0.528892814,0.04221886600000002
m,c,C/8192,True,0.521990283,0.037029439
m,c,C/8192,True,0.539198082,0.03659057999999993
m,c,C/8192,True,0.547053914,0.036498028000000016
m,c,C/8192,True,0.528271905,0.037471586
m,c,C/16384,True,1.069159752,0.11018891799999997
m,c,C/16384,True,1.036313845,0.07816039600000013
m,c,C/16384,True,1.025924333,0.07798379499999997
m,c,C/16384,True,0.999601273,0.07411563300000013
m,c,C/16384,True,1.015150235,0.07593736499999992
m,c,C/16384,True,1.073213293,0.07841303099999997
m,c,C/16384,True,0.9854762690000001,0.07640144300000018
m,c,C/16384,True,1.008109681,0.07691737200000004
m,c,C/16384,True,1.00558483,0.07578591800000001
m,c,C/16384,True,1.154842478,0.08003986500000004
m,c,C/16384,True,1.013813715,0.0746547150000001
m,c,C/16384,True,1.0063703460000002,0.08023300400000011
m,c,C/16384,True,0.999472627,0.07535163700000003
m,c,C/32768,True,2.055323242,0.16198007400000014
m,c,C/32768,True,1.960278897,0.1635392109999998
m,c,C/32768,True,2.04691586,0.165048745
m,c,C/32768,True,2.004148711,0.16244574999999983
m,c,C/32768,True,2.074213093,0.18323497600000005
m,c,C/32768,True,1.978451695,0.16339588000000038
m,c,C/32768,True,2.004131771,0.16310003800000006
m,c,C/32768,True,2.0280369670000002,0.1625913699999999
m,c,C/32768,True,1.958367911,0.18230492899999984
m,c,C/32768,True,2.081628118,0.1676325059999999
m,c,C/32768,True,2.029600191,0.16194488799999984
m,c,C/32768,True,2.143634064,0.16888628699999986
m,c,C/32768,True,2.0486086070000002,0.17160447200000029
m,c,C/65536,True,4.274729797,0.3660818629999998
m,c,C/65536,True,4.285711139,0.3722858379999998
m,c,C/65536,True,4.237245811,0.36511522599999946
m,c,C/65536,True,4.239641096,0.3594731830000004
m,c,C/65536,True,4.045551157,0.3499047879999999
m,c,C/65536,True,4.109608956,0.33833709799999934
m,c,C/65536,True,4.080859742,0.3438666759999993
m,c,C/65536,True,4.034844712,0.3575466829999998
m,c,C/65536,True,3.9980985869999994,0.3457149900000003
m,c,C/65536,True,3.923474627,0.34755088199999973
m,c,C/65536,True,4.047242451,0.353866708
m,c,C/65536,True,4.066788582,0.3862756349999996
m,c,C/65536,True,4.279966373,0.39109693300000004
m,c,C/131072,True,8.535261263999999,0.7792968450000011
m,c,C/131072,True,8.571649657,0.7552709320000002
m,c,C/131072,True,8.093113796999999,0.7515518530000005
m,c,C/131072,True,7.9057211,0.7248295540000003
m,c,C/131072,True,8.099533417,0.746668037000001
m,c,C/131072,True,8.419264027,0.7687157200000012
m,c,C/131072,True,8.439937461,0.7652089820000008
m,c,C/131072,True,8.378835919999998,0.7667915100000009
m,c,C/131072,True,8.272761951,0.7550213350000003
m,c,C/131072,True,8.005198762,0.7382480200000003
m,c,C/131072,True,8.051862512000001,0.7374409280000016
m,c,C/131072,True,8.213587991,0.7601267580000002
m,c,C/131072,True,8.364114493999999,0.7611087030000014
m,c,C/262144,True,16.92496668,1.5916411319999995
m,c,C/262144,True,16.055223231,1.5402739660000009
m,c,C/262144,True,15.693299924,1.5371559579999996
m,c,C/262144,True,16.413845506999998,1.6347522529999985
m,c,C/262144,True,16.147171776,1.5468064350000006
m,c,C/262144,True,15.984821532,1.5545832720000021
m,c,C/262144,True,16.461944909,1.6498924730000013
m,c,C/262144,True,16.260012587000002,1.5762952140000017
m,c,C/262144,True,15.775396964,1.5463076799999982
m,c,C/262144,True,16.617022146,1.620935665000001
m,c,C/262144,True,16.600018728000002,1.5266493620000006
m,c,C/262144,True,15.985694764999998,1.5701043450000007
m,c,C/262144,True,16.252540418000002,1.6472471979999987
m,c,C/524288,True,32.863231175,3.2233804240000055
m,c,C/524288,True,32.976581357,3.4353399280000048
m,c,C/524288,True,32.272442131000005,3.398684473000003
m,c,C/524288,True,33.817584377,3.2990496259999986
m,c,C/524288,True,32.742572244,3.4300366070000052
m,c,C/524288,True,32.371463917,3.263100680000001
m,c,C/524288,True,33.933503697999996,3.2592441290000025
m,c,C/524288,True,32.687176871,3.4086653629999972
m,c,C/524288,True,32.895906346000004,3.3143419779999945
m,c,C/524288,True,33.751292945,3.4389452779999985
m,c,C/524288,True,32.260099437,3.4729716989999986
m,c,C/524288,True,33.146168205,3.2434913969999997
m,c,C/524288,True,32.944444137,3.393052200999996
m,c,C/1048576,True,65.647067065,6.82147939299999
m,c,C/1048576,True,65.53056146,6.779952750000007
m,c,C/1048576,True,65.477456999,6.886081597
m,c,C/1048576,True,65.69681149399999,7.170720482999997
m,c,C/1048576,True,65.70923755199999,6.768173188000006
m,c,C/1048576,True,65.604833492,6.800228453000003
m,c,C/1048576,True,65.99126221899999,6.841408881000007
m,c,C/1048576,True,67.278478615,7.199515317000007
m,c,C/1048576,True,65.612071117,6.768971313999998
m,c,C/1048576,True,66.328016573,6.8771349619999995
m,c,C/1048576,True,66.26818396899999,6.859987790999995
m,c,C/1048576,True,66.746786116,7.208840734000006
m,c,C/1048576,True,66.235049645,6.8883237459999975
m,c,C/2097152,True,134.436391994,14.909632362999986
m,c,C/2097152,True,132.51844974,14.624883549000003
m,c,C/2097152,True,134.55895174999998,14.873271253000013
m,c,C/2097152,True,133.542951543,14.343422855
m,c,C/2097152,True,135.158234366,14.89719810699998
m,c,C/2097152,True,132.01883899199998,14.503138868999997
m,c,C/2097152,True,132.69404859699998,14.997735402999979
m,c,C/2097152,True,131.268944333,14.286986861000003
m,c,C/2097152,True,132.138860404,14.907876607999981
m,c,C/2097152,True,135.203987647,14.438813358000004
m,c,C/2097152,True,131.426115068,14.502956866000005
m,c,C/2097152,True,132.58797367100001,14.162127704999989
m,c,C/2097152,True,130.58624748100002,14.143543967
m,c,C/4194304,True,260.299948009,31.006280748999984
m,c,C/4194304,True,264.752702134,31.371304493999958
m,c,C/4194304,True,262.26050580599997,30.53407250800001
m,c,C/4194304,True,267.150057861,30.04516128199998
m,c,C/4194304,True,261.033449803,31.550771447999978
m,c,C/4194304,True,266.887076876,30.915592984
m,c,C/4194304,True,265.03208535199997,31.256581807000032
m,c,C/4194304,True,272.73987801799996,31.233789908999995
m,c,C/4194304,True,269.837854769,31.278981078000015
m,c,C/4194304,True,273.54673261899995,31.03216339400001
m,c,C/4194304,True,270.137436865,31.43675195899999
m,c,C/4194304,True,270.913200937,31.168361926999978
m,c,C/4194304,True,272.26115292400004,31.058053873000006
