t,c,A/1,True,0.00020218500000000056,2.153000000001265e-06
t,c,A/1,True,0.00015344699999999753,1.7830000000017276e-06
t,c,A/1,True,0.00021541599999999952,1.769999999998162e-06
t,c,A/1,True,0.00020177600000000073,1.993100000000081e-05
t,c,A/1,True,0.0001555090000000016,1.7840000000012013e-06
t,c,A/1,True,0.0001494840000000018,1.7650000000007937e-06
t,c,A/1,True,0.000147267000000003,1.7000000000003124e-06
t,c,A/1,True,0.00020644499999999955,1.7939999999994072e-06
t,c,A/1,True,0.00016932100000000005,1.85100000000063e-06
t,c,A/1,True,0.00014429399999999967,1.8029999999981394e-06
t,c,A/1,True,0.0001493169999999995,1.6659999999973918e-06
t,c,A/1,True,0.00015816700000000072,1.7920000000004599e-06
t,c,A/1,True,0.00022285500000000097,1.6359999999993047e-06
t,c,A/2,True,0.0003274519999999989,3.2709999999991357e-06
t,c,A/2,True,0.00021921299999999935,2.8270000000003848e-06
t,c,A/2,True,0.0002255030000000019,2.8050000000015562e-06
t,c,A/2,True,0.00025646,2.9489999999986194e-06
t,c,A/2,True,0.00021458300000000083,2.83700000000206e-06
t,c,A/2,True,0.0002376130000000011,2.869999999998568e-06
t,c,A/2,True,0.00027118599999999965,2.7060000000016238e-06
t,c,A/2,True,0.0002173590000000003,2.821999999999547e-06
t,c,A/2,True,0.00022066100000000047,2.856999999998472e-06
t,c,A/2,True,0.00023659100000000127,3.258999999998513e-06
t,c,A/2,True,0.00047384099999999915,3.992000000001272e-06
t,c,A/2,True,0.00026068599999999956,2.024899999999996e-05
t,c,A/2,True,0.00021793300000000002,2.8250000000014375e-06
t,c,A/4,True,0.00042945700000000114,3.381000000000217e-06
t,c,A/4,True,0.0003464739999999994,3.7730000000020525e-06
t,c,A/4,True,0.00034995099999999765,3.7129999999989394e-06
t,c,A/4,True,0.0004072809999999989,3.563000000001565e-06
t,c,A/4,True,0.0003826869999999996,3.677000000000541e-06
t,c,A/4,True,0.0004563659999999997,3.6140000000024763e-06
t,c,A/4,True,0.00043273200000000164,3.4330000000006022e-06
t,c,A/4,True,0.0004581020000000019,3.7269999999985093e-06
t,c,A/4,True,0.0006166309999999994,3.973999999996869e-06
t,c,A/4,True,0.00047956799999999966,3.7340000000017637e-06
t,c,A/4,True,0.0003835529999999983,3.8000000000017187e-06
t,c,A/4,True,0.0007984100000000029,5.843000000001902e-06
t,c,A/4,True,0.0009963149999999976,2.325699999999875e-05
t,c,A/8,True,0.0007705839999999978,4.080000000000056e-06
t,c,A/8,True,0.0006236829999999999,4.107999999999196e-06
t,c,A/8,True,0.0006514580000000006,4.7060000000001545e-06
t,c,A/8,True,0.0013072709999999987,2.0384000000001762e-05
t,c,A/8,True,0.0006995199999999986,3.576000000001661e-06
t,c,A/8,True,0.000646797000000001,3.7339999999982942e-06
t,c,A/8,True,0.0006425279999999998,3.6529999999992957e-06
t,c,A/8,True,0.0006775969999999985,3.6100000000011123e-06
t,c,A/8,True,0.0007105470000000023,3.991000000001799e-06
t,c,A/8,True,0.0006785199999999984,3.567999999998933e-06
t,c,A/8,True,0.0005960119999999999,3.8080000000009773e-06
t,c,A/8,True,0.0006185529999999974,4.150000000001375e-06
t,c,A/8,True,0.0006046440000000014,3.8030000000001396e-06
t,c,A/16,True,0.0012866170000000003,9.304999999997648e-06
t,c,A/16,True,0.0013098079999999991,8.843000000001433e-06
t,c,A/16,True,0.0013468920000000023,8.976999999996821e-06
t,c,A/16,True,0.0013258500000000034,8.649999999998936e-06
t,c,A/16,True,0.0012781299999999989,8.930000000000743e-06
t,c,A/16,True,0.0014067840000000012,8.966999999998615e-06
t,c,A/16,True,0.0011738599999999988,8.997999999999645e-06
t,c,A/16,True,0.0012467380000000007,8.481000000001154e-06
t,c,A/16,True,0.0012198449999999972,8.307000000002535e-06
t,c,A/16,True,0.0011242160000000008,8.909999999997392e-06
t,c,A/16,True,0.0012088620000000015,9.200000000000874e-06
t,c,A/16,True,0.0012953259999999994,8.742999999998557e-06
t,c,A/16,True,0.0013006449999999996,8.56700000000099e-06
t,c,A/32,True,0.0026092089999999978,1.5033000000001101e-05
t,c,A/32,True,0.002230700000000002,1.5364999999999823e-05
t,c,A/32,True,0.002256094,1.59200000000026e-05
t,c,A/32,True,0.002334270999999999,1.5753999999999768e-05
t,c,A/32,True,0.002431128999999997,1.5227999999999076e-05
t,c,A/32,True,0.004691345999999999,2.8019000000000654e-05
t,c,A/32,True,0.0023265599999999984,1.679099999999864e-05
t,c,A/32,True,0.0022456019999999993,1.573999999999673e-05
t,c,A/32,True,0.002510703999999999,1.4726999999999102e-05
t,c,A/32,True,0.002105199000000002,1.4550000000002061e-05
t,c,A/32,True,0.002304590000000002,1.513099999999809e-05
t,c,A/32,True,0.0027437239999999995,1.4399000000001744e-05
t,c,A/32,True,0.0022149850000000026,1.543999999999851e-05
t,c,A/64,True,0.004548973000000001,3.203500000000317e-05
t,c,A/64,True,0.004435814,3.120900000000079e-05
t,c,A/64,True,0.004744966000000003,2.9926000000003034e-05
t,c,A/64,True,0.0046529319999999985,3.417199999999898e-05
t,c,A/64,True,0.0041782300000000015,4.8508999999998664e-05
t,c,A/64,True,0.0047062530000000005,2.967499999999984e-05
t,c,A/64,True,0.004447145,6.435299999999963e-05
t,c,A/64,True,0.004560592999999998,4.7553999999998264e-05
t,c,A/64,True,0.004462655999999999,3.249699999999939e-05
t,c,A/64,True,0.004426140000000002,3.1052999999999636e-05
t,c,A/64,True,0.004674437,3.1353000000001324e-05
t,c,A/64,True,0.0045024350000000025,2.9364000000000473e-05
t,c,A/64,True,0.004763439000000001,4.7860000000000263e-05
t,c,A/128,True,0.009271461999999998,0.000105595
t,c,A/128,True,0.008257391,4.521899999999912e-05
t,c,A/128,True,0.009024077999999998,4.4616000000000794e-05
t,c,A/128,True,0.009373306000000001,7.535100000000128e-05
t,c,A/128,True,0.009211578999999998,4.4039999999998664e-05
t,c,A/128,True,0.009257347999999999,4.0169999999999095e-05
t,c,A/128,True,0.009116887,4.345500000000127e-05
t,c,A/128,True,0.008230372,4.337299999999933e-05
t,c,A/128,True,0.009006898999999999,5.572899999999742e-05
t,c,A/128,True,0.008717166999999998,4.107899999999942e-05
t,c,A/128,True,0.008987721,4.208199999999884e-05
t,c,A/128,True,0.008505750000000003,4.337299999999933e-05
t,c,A/128,True,0.008746378000000003,4.3823999999997865e-05
t,c,A/256,True,0.017533753,0.0001833279999999965
t,c,A/256,True,0.016951005999999998,0.00014876599999999462
t,c,A/256,True,0.016479615000000003,0.00013568199999999808
t,c,A/256,True,0.017789214,0.00014923600000000398
t,c,A/256,True,0.017528606,0.00012768099999999755
t,c,A/256,True,0.016592476999999998,0.00012500299999999853
t,c,A/256,True,0.016498147999999997,0.00013283099999999992
t,c,A/256,True,0.016800855,0.0001250390000000004
t,c,A/256,True,0.016620971,0.00015680700000000186
t,c,A/256,True,0.017481556,0.00013016000000000416
t,c,A/256,True,0.016918504999999997,0.00013147799999999737
t,c,A/256,True,0.016582299,0.00018910700000000086
t,c,A/256,True,0.01827684,0.00013670899999999875
t,c,A/512,True,0.032808949,0.00032356400000000535
t,c,A/512,True,0.034958417000000006,0.00030036599999999636
t,c,A/512,True,0.03412718099999999,0.0003125059999999971
t,c,A/512,True,0.034841126,0.0003118660000000009
t,c,A/512,True,0.033987117,0.0002635789999999999
t,c,A/512,True,0.034346768,0.0002694580000000002
t,c,A/512,True,0.03288578,0.0003034369999999967
t,c,A/512,True,0.03425201,0.00028522100000000217
t,c,A/512,True,0.033173732,0.000311138999999995
t,c,A/512,True,0.034973987,0.00032129900000000405
t,c,A/512,True,0.034370113,0.00031820100000000406
t,c,A/512,True,0.034387922,0.00032008500000000467
t,c,A/512,True,0.03382229,0.000307474000000002
t,c,A/1024,True,0.06973284499999999,0.0007885540000000107
t,c,A/1024,True,0.06522615,0.0008466199999999924
t,c,A/1024,True,0.06474420900000001,0.0006622710000000059
t,c,A/1024,True,0.065920863,0.0006857970000000019
t,c,A/1024,True,0.06766439599999999,0.0007289170000000095
t,c,A/1024,True,0.06678371999999999,0.0010338240000000026
t,c,A/1024,True,0.077658112,0.001583195999999995
t,c,A/1024,True,0.067815797,0.0006998530000000003
t,c,A/1024,True,0.067094404,0.0006283279999999974
t,c,A/1024,True,0.067513791,0.0006240289999999982
t,c,A/1024,True,0.06938303999999999,0.0007712579999999969
t,c,A/1024,True,0.066431866,0.0007720229999999967
t,c,A/1024,True,0.06738311,0.0007271520000000087
t,c,A/2048,True,0.13240738800000001,0.0016493330000000028
t,c,A/2048,True,0.155371383,0.0015842419999999857
t,c,A/2048,True,0.12893607,0.0016273859999999807
t,c,A/2048,True,0.13221213399999998,0.0017811900000000158
t,c,A/2048,True,0.132113664,0.0016702279999999958
t,c,A/2048,True,0.132865276,0.001719318999999997
t,c,A/2048,True,0.132560404,0.0015842719999999977
t,c,A/2048,True,0.13793051,0.0018339569999999972
t,c,A/2048,True,0.13443713899999998,0.0016477119999999956
t,c,A/2048,True,0.132879921,0.0015758939999999944
t,c,A/2048,True,0.131315133,0.0017270330000000167
t,c,A/2048,True,0.132799957,0.001673062000000003
t,c,A/2048,True,0.133156586,0.001600955000000015
t,c,A/4096,True,0.266854872,0.004028257000000035
t,c,A/4096,True,0.265961788,0.0039034259999999876
t,c,A/4096,True,0.259476127,0.004433632999999992
t,c,A/4096,True,0.26062334699999995,0.004251587000000001
t,c,A/4096,True,0.261908804,0.003739996999999995
t,c,A/4096,True,0.260750582,0.003880818000000008
t,c,A/4096,True,0.261745121,0.003909947999999996
t,c,A/4096,True,0.266706801,0.0036638889999999757
t,c,A/4096,True,0.26399127,0.003778144000000039
t,c,A/4096,True,0.26753811,0.003748872999999986
t,c,A/4096,True,0.261796209,0.0037843370000000265
t,c,A/4096,True,0.26131062299999996,0.0038017939999999695
t,c,A/4096,True,0.26597227700000003,0.0038954979999999972
t,c,A/8192,True,0.524958634,0.008902564999999973
t,c,A/8192,True,0.525512398,0.008824464000000032
t,c,A/8192,True,0.512300873,0.008400136000000002
t,c,A/8192,True,0.521946325,0.00877707800000005
t,c,A/8192,True,0.520626615,0.00868646399999995
t,c,A/8192,True,0.528771316,0.00861666300000008
t,c,A/8192,True,0.527177113,0.008568509000000057
t,c,A/8192,True,0.5331546500000001,0.008923158999999958
t,c,A/8192,True,0.517633221,0.008390631999999898
t,c,A/8192,True,0.52704972,0.008680255000000026
t,c,A/8192,True,0.519594829,0.008371332999999925
t,c,A/8192,True,0.5229613009999999,0.00855466199999999
t,c,A/8192,True,0.517094575,0.009170816000000026
t,c,A/16384,True,1.044893791,0.025874688000000035
t,c,A/16384,True,1.070696267,0.020252332000000095
t,c,A/16384,True,1.0390933089999999,0.022186387999999946
t,c,A/16384,True,1.026146189,0.02076533699999983
t,c,A/16384,True,1.0238229890000001,0.019402340999999934
t,c,A/16384,True,1.100256285,0.020401356000000037
t,c,A/16384,True,1.0320978520000001,0.020915140000000054
t,c,A/16384,True,1.059432148,0.020539368999999974
t,c,A/16384,True,1.030215352,0.02197982399999998
t,c,A/16384,True,1.061428587,0.03628546700000013
t,c,A/16384,True,1.0742784140000001,0.02133153600000015
t,c,A/16384,True,1.0311892500000002,0.020440723000000105
t,c,A/16384,True,1.031624862,0.020573682000000204
t,c,A/32768,True,2.148422861,0.04924962999999982
t,c,A/32768,True,2.0666537679999997,0.04834380299999985
t,c,A/32768,True,2.075494268,0.08523371599999985
t,c,A/32768,True,2.048777757,0.05065665300000033
t,c,A/32768,True,2.0949378989999996,0.050233158000000167
t,c,A/32768,True,2.177558607,0.0514937820000001
t,c,A/32768,True,2.086696148,0.0494316050000001
t,c,A/32768,True,2.1796996710000003,0.04851105800000033
t,c,A/32768,True,2.051582054,0.04855095700000023
t,c,A/32768,True,2.1347441629999997,0.05334021499999997
t,c,A/32768,True,2.085137086,0.04791396999999975
t,c,A/32768,True,2.151613176,0.048643568999999776
t,c,A/32768,True,2.0632270040000003,0.05281744599999971
t,c,A/65536,True,4.230343138,0.11503534599999998
t,c,A/65536,True,4.230994571999999,0.11096291700000016
t,c,A/65536,True,4.2082308280000005,0.11024120300000018
t,c,A/65536,True,4.321946896,0.11006560199999971
t,c,A/65536,True,4.153303934,0.11523558499999975
t,c,A/65536,True,4.2008033650000005,0.10869168899999959
t,c,A/65536,True,4.156046262,0.11165242600000003
t,c,A/65536,True,4.148462936,0.11489246400000042
t,c,A/65536,True,4.130950770999999,0.11361036599999963
t,c,A/65536,True,4.215556794,0.10612174600000035
t,c,A/65536,True,4.2983131320000005,0.11180748399999985
t,c,A/65536,True,4.244177543,0.11168989300000032
t,c,A/65536,True,4.2146112,0.11466636200000035
t,c,A/131072,True,8.539321818,0.24599408300000114
t,c,A/131072,True,8.473709674,0.24423120099999984
t,c,A/131072,True,8.326851757,0.24499475100000012
t,c,A/131072,True,8.538530181,0.2495031619999999
t,c,A/131072,True,8.556855936000002,0.2528971999999996
t,c,A/131072,True,8.522758721999999,0.2498222529999996
t,c,A/131072,True,8.478204269,0.25022217200000085
t,c,A/131072,True,8.440334228,0.2522378060000001
t,c,A/131072,True,8.589403635,0.25892920100000083
t,c,A/131072,True,8.451050941,0.25064368700000017
t,c,A/131072,True,8.466798461,0.25236195099999925
t,c,A/131072,True,8.390383818,0.26559574399999875
t,c,A/131072,True,8.456428426,0.26461392999999944
t,c,A/262144,True,16.69185383,0.6112395329999991
t,c,A/262144,True,16.732560306,0.5787267609999986
t,c,A/262144,True,16.745756566999997,0.5792918319999991
t,c,A/262144,True,16.923645310999998,0.5961852440000008
t,c,A/262144,True,16.838395469,0.5854510909999995
t,c,A/262144,True,16.896036757,0.6048470550000005
t,c,A/262144,True,16.976210794,0.5785865829999999
t,c,A/262144,True,16.915452252,0.6111618549999989
t,c,A/262144,True,16.867585425,0.5824311130000019
t,c,A/262144,True,17.014514554999998,0.5830803459999991
t,c,A/262144,True,16.728900487,0.5944784559999974
t,c,A/262144,True,16.9899684,0.5879524580000002
t,c,A/262144,True,16.864703324,0.5819305849999985
t,c,A/524288,True,33.798635093,1.3672636900000015
t,c,A/524288,True,33.56327883,1.3889380649999978
t,c,A/524288,True,33.830274873,1.3532608579999987
t,c,A/524288,True,34.315045704,1.3762741529999971
t,c,A/524288,True,33.39465811,1.366939632999994
t,c,A/524288,True,33.270470357,1.3991439739999976
t,c,A/524288,True,33.713042926,1.3443867919999946
t,c,A/524288,True,33.843656236,1.3402684970000038
t,c,A/524288,True,33.664795808,1.3503499449999978
t,c,A/524288,True,33.609189203,1.354437298999997
t,c,A/524288,True,34.535753346999996,1.4074313319999945
t,c,A/524288,True,33.61796054,1.415769920999999
t,c,A/524288,True,33.727137792,1.3633922510000005
t,c,A/1048576,True,67.397360756,3.2079488060000045
t,c,A/1048576,True,68.754354345,3.151293432000003
t,c,A/1048576,True,68.23878284,3.1309591600000033
t,c,A/1048576,True,67.097317769,3.350262568000005
t,c,A/1048576,True,67.254958816,3.175547098999999
t,c,A/1048576,True,68.148076413,3.195597737
t,c,A/1048576,True,67.571951246,3.160673238000001
t,c,A/1048576,True,67.42525272099999,3.137724762000005
t,c,A/1048576,True,68.082765147,3.1534691089999995
t,c,A/1048576,True,67.488757476,3.1332152970000067
t,c,A/1048576,True,68.074915931,3.1648925739999925
t,c,A/1048576,True,67.918118902,3.1363880010000003
t,c,A/1048576,True,67.817458303,3.12801387799999
t,c,A/2097152,True,136.941221017,7.333488547999991
t,c,A/2097152,True,135.402183917,7.2468475930000125
t,c,A/2097152,True,135.44632088,7.351082934000004
t,c,A/2097152,True,135.825056282,7.603504404999995
t,c,A/2097152,True,134.741161921,7.0445816149999985
t,c,A/2097152,True,135.53603227899998,7.1753559050000035
t,c,A/2097152,True,134.487522505,7.104722035000009
t,c,A/2097152,True,135.503739509,7.241066240999999
t,c,A/2097152,True,136.000022887,7.24724395299998
t,c,A/2097152,True,135.875672,7.285007707999995
t,c,A/2097152,True,135.26107722700002,7.257086267999995
t,c,A/2097152,True,134.869593856,7.029760076999992
t,c,A/2097152,True,136.88373257100002,7.208302825000004
t,c,A/4194304,True,271.558327529,15.758377572999962
t,c,A/4194304,True,273.96313885,15.188855954000019
t,c,A/4194304,True,274.786503053,14.874131649999981
t,c,A/4194304,True,272.442970576,15.177052204999995
t,c,A/4194304,True,273.044767833,15.608642600999985
t,c,A/4194304,True,271.29163787799996,14.829198629000018
t,c,A/4194304,True,270.38766561899996,14.878554957000006
t,c,A/4194304,True,273.09832581,15.346444845000008
t,c,A/4194304,True,269.46791110600003,14.971245576000001
t,c,A/4194304,True,280.16337086600004,14.970438187000013
t,c,A/4194304,True,274.551715297,15.122436245000017
t,c,A/4194304,True,274.21826331,15.09698818999999
t,c,A/4194304,True,274.48061348299996,15.128311302999975
t,c,B/1,True,0.0002227159999999978,1.8750000000018752e-06
t,c,B/1,True,0.00014646700000000082,1.8599999999993622e-06
t,c,B/1,True,0.0001598070000000014,1.803999999997613e-06
t,c,B/1,True,0.00014856400000000033,1.762999999998377e-06
t,c,B/1,True,0.00020019099999999887,1.8980000000001773e-06
t,c,B/1,True,0.00017599900000000307,1.7829999999982582e-06
t,c,B/1,True,0.00018265700000000273,1.6509999999983482e-06
t,c,B/1,True,0.00014775500000000288,1.800000000003188e-06
t,c,B/1,True,0.00014451099999999995,2.057999999999227e-06
t,c,B/1,True,0.00015001699999999882,2.0380000000028153e-06
t,c,B/1,True,0.00015546900000000183,1.98300000000054e-06
t,c,B/1,True,0.00016052700000000059,1.7939999999994072e-06
t,c,B/1,True,0.0001534210000000008,1.8609999999988358e-06
t,c,B/2,True,0.00027774800000000127,2.948000000002615e-06
t,c,B/2,True,0.00021513199999999982,2.8210000000000734e-06
t,c,B/2,True,0.00023422299999999868,2.876999999998353e-06
t,c,B/2,True,0.0002751850000000007,2.906000000000436e-06
t,c,B/2,True,0.00025102899999999984,2.965000000000606e-06
t,c,B/2,True,0.00022188799999999995,2.6389999999987257e-06
t,c,B/2,True,0.00027363799999999966,3.1709999999997296e-06
t,c,B/2,True,0.0003088539999999973,1.8451999999998664e-05
t,c,B/2,True,0.00021040400000000084,2.7299999999993996e-06
t,c,B/2,True,0.0002927839999999973,2.974999999998812e-06
t,c,B/2,True,0.00026371299999999875,2.867999999999621e-06
t,c,B/2,True,0.0003759020000000009,3.1680000000013087e-06
t,c,B/2,True,0.00023906599999999958,3.2639999999993508e-06
t,c,B/4,True,0.0004161550000000014,3.909999999999331e-06
t,c,B/4,True,0.0004794119999999985,3.8210000000010735e-06
t,c,B/4,True,0.0003329889999999988,3.636000000001305e-06
t,c,B/4,True,0.0005017140000000003,3.572000000000297e-06
t,c,B/4,True,0.00041756399999999874,3.579000000000082e-06
t,c,B/4,True,0.0003507680000000013,3.932000000001629e-06
t,c,B/4,True,0.00039892899999999926,3.49700000000161e-06
t,c,B/4,True,0.0004336979999999997,3.6900000000006372e-06
t,c,B/4,True,0.0004390350000000008,3.829000000000332e-06
t,c,B/4,True,0.00038240100000000443,3.963000000002659e-06
t,c,B/4,True,0.0004861680000000021,5.78599999999721e-06
t,c,B/4,True,0.00036067500000000127,3.670000000000756e-06
t,c,B/4,True,0.0006235889999999973,5.801999999999197e-06
t,c,B/8,True,0.001214881000000001,7.216999999996865e-06
t,c,B/8,True,0.0006104100000000022,4.2429999999975265e-06
t,c,B/8,True,0.0005982610000000027,4.579000000001082e-06
t,c,B/8,True,0.0006702830000000007,3.988999999999382e-06
t,c,B/8,True,0.0011866059999999998,7.148000000001958e-06
t,c,B/8,True,0.0006648229999999984,4.2609999999984605e-06
t,c,B/8,True,0.0005566430000000025,4.134999999998862e-06
t,c,B/8,True,0.0005816290000000002,4.228000000001952e-06
t,c,B/8,True,0.0006858009999999998,4.411999999998778e-06
t,c,B/8,True,0.0007264459999999986,4.226999999999009e-06
t,c,B/8,True,0.0008092220000000018,4.506000000001342e-06
t,c,B/8,True,0.0006781660000000009,4.660000000000081e-06
t,c,B/8,True,0.0006732199999999987,4.272999999999083e-06
t,c,B/16,True,0.0014215760000000008,8.260999999998991e-06
t,c,B/16,True,0.0012840549999999992,8.32799999999842e-06
t,c,B/16,True,0.001251958000000001,8.74099999999961e-06
t,c,B/16,True,0.0011872800000000024,8.529999999999649e-06
t,c,B/16,True,0.0012218599999999982,8.53300000000154e-06
t,c,B/16,True,0.0012239869999999993,8.478000000002733e-06
t,c,B/16,True,0.0011368489999999988,7.812999999998876e-06
t,c,B/16,True,0.001325268000000001,8.20200000000229e-06
t,c,B/16,True,0.0012216000000000032,8.456999999999909e-06
t,c,B/16,True,0.001142294000000002,8.360999999998397e-06
t,c,B/16,True,0.0012055769999999993,8.072000000001328e-06
t,c,B/16,True,0.001278992999999999,8.692000000001116e-06
t,c,B/16,True,0.00136178,8.270000000001193e-06
t,c,B/32,True,0.0023620739999999987,1.1755999999998185e-05
t,c,B/32,True,0.002521009000000001,1.2345999999999885e-05
t,c,B/32,True,0.002457057999999998,1.1740999999999141e-05
t,c,B/32,True,0.0023750760000000003,1.2158000000001695e-05
t,c,B/32,True,0.0023506150000000003,1.1510999999998772e-05
t,c,B/32,True,0.0023107749999999976,1.141199999999884e-05
t,c,B/32,True,0.002243670999999999,1.1403000000000107e-05
t,c,B/32,True,0.002535921,1.1512000000001715e-05
t,c,B/32,True,0.002180603999999999,1.1353999999998143e-05
t,c,B/32,True,0.0021599180000000003,1.298500000000008e-05
t,c,B/32,True,0.0021402409999999976,1.185599999999759e-05
t,c,B/32,True,0.0024726800000000014,1.1652000000000884e-05
t,c,B/32,True,0.002415205,1.1511000000002242e-05
t,c,B/64,True,0.004731053999999998,1.4789999999997167e-05
t,c,B/64,True,0.005053067000000001,1.4407000000001002e-05
t,c,B/64,True,0.0045042760000000015,1.3472999999999957e-05
t,c,B/64,True,0.004739166999999999,1.3954999999999523e-05
t,c,B/64,True,0.004455253999999999,1.4488000000000001e-05
t,c,B/64,True,0.0045407719999999985,1.4812000000002934e-05
t,c,B/64,True,0.0046252629999999975,1.4180999999998528e-05
t,c,B/64,True,0.004836610000000002,1.350999999999783e-05
t,c,B/64,True,0.004992756000000001,1.306100000000171e-05
t,c,B/64,True,0.004566569999999999,1.4096000000001635e-05
t,c,B/64,True,0.004595794,1.4414000000000787e-05
t,c,B/64,True,0.004528761999999999,1.4633000000000007e-05
t,c,B/64,True,0.0043493629999999985,1.3750999999999347e-05
t,c,B/128,True,0.009223787,2.6189999999998853e-05
t,c,B/128,True,0.008816199,2.0725000000002686e-05
t,c,B/128,True,0.008699722,2.290900000000151e-05
t,c,B/128,True,0.008665896,2.2271999999996794e-05
t,c,B/128,True,0.008440445000000001,2.1808999999997636e-05
t,c,B/128,True,0.008664393999999999,2.2149000000002556e-05
t,c,B/128,True,0.009000989000000001,2.0631999999999595e-05
t,c,B/128,True,0.008832944999999998,2.3252999999997387e-05
t,c,B/128,True,0.008822578000000001,2.244499999999941e-05
t,c,B/128,True,0.008823050999999998,2.0834000000000824e-05
t,c,B/128,True,0.00900223,2.168400000000098e-05
t,c,B/128,True,0.008718039,2.2729999999998585e-05
t,c,B/128,True,0.008851252,2.2391000000000078e-05
t,c,B/256,True,0.017430856999999998,5.180500000000199e-05
t,c,B/256,True,0.018098852,5.6163000000004903e-05
t,c,B/256,True,0.017597234,6.747000000000003e-05
t,c,B/256,True,0.0169517,5.5607000000006124e-05
t,c,B/256,True,0.016905161000000002,5.4803999999998576e-05
t,c,B/256,True,0.016819730999999997,8.669099999999985e-05
t,c,B/256,True,0.017298618,5.2317999999995646e-05
t,c,B/256,True,0.016580791,6.842700000000285e-05
t,c,B/256,True,0.016850334999999998,5.5245000000002376e-05
t,c,B/256,True,0.017121036,7.110099999999703e-05
t,c,B/256,True,0.016410098999999997,5.225799999999947e-05
t,c,B/256,True,0.016784706,5.744600000000266e-05
t,c,B/256,True,0.017950933000000002,5.406599999999845e-05
t,c,B/512,True,0.033968593,8.869200000000133e-05
t,c,B/512,True,0.03228125,9.842499999999921e-05
t,c,B/512,True,0.035198057000000005,0.00015847299999999925
t,c,B/512,True,0.035272132,9.10719999999976e-05
t,c,B/512,True,0.033804661,0.00014601399999999987
t,c,B/512,True,0.033880406,0.00014178700000000433
t,c,B/512,True,0.034814571,0.00011191599999999663
t,c,B/512,True,0.033533677,0.00012724400000000552
t,c,B/512,True,0.034821778,9.79730000000012e-05
t,c,B/512,True,0.03250263,0.00010271699999999523
t,c,B/512,True,0.034127709000000006,9.5559000000002e-05
t,c,B/512,True,0.032863026,0.00010629399999999983
t,c,B/512,True,0.034935192000000004,9.629900000000108e-05
t,c,B/1024,True,0.06649678399999999,0.0002010099999999876
t,c,B/1024,True,0.072895653,0.00023005600000000626
t,c,B/1024,True,0.066477631,0.00021802799999999511
t,c,B/1024,True,0.069471498,0.00026230400000000487
t,c,B/1024,True,0.067518379,0.0001932139999999971
t,c,B/1024,True,0.067780428,0.00020250299999999277
t,c,B/1024,True,0.066589815,0.00020096999999999476
t,c,B/1024,True,0.06985503800000001,0.0002118700000000029
t,c,B/1024,True,0.067071876,0.00019383000000000594
t,c,B/1024,True,0.067920793,0.00023214199999999074
t,c,B/1024,True,0.067623897,0.0002147080000000079
t,c,B/1024,True,0.065370355,0.00021496000000000015
t,c,B/1024,True,0.06811068099999999,0.00021249799999999153
t,c,B/2048,True,0.13759847,0.0004885429999999802
t,c,B/2048,True,0.15173956300000002,0.00043124999999999414
t,c,B/2048,True,0.130098351,0.0005768290000000009
t,c,B/2048,True,0.135551473,0.00045074600000000187
t,c,B/2048,True,0.131284684,0.0004557269999999891
t,c,B/2048,True,0.133764849,0.0004451779999999905
t,c,B/2048,True,0.13318502599999998,0.000482332000000002
t,c,B/2048,True,0.139012632,0.00040989199999999504
t,c,B/2048,True,0.132666605,0.00047666499999998724
t,c,B/2048,True,0.131485984,0.0004655849999999906
t,c,B/2048,True,0.13191603,0.00040087199999999656
t,c,B/2048,True,0.13290748,0.0005204940000000102
t,c,B/2048,True,0.134844296,0.0004255690000000145
t,c,B/4096,True,0.260877361,0.0008907739999999831
t,c,B/4096,True,0.267162361,0.0008919769999999883
t,c,B/4096,True,0.260835562,0.0008650550000000035
t,c,B/4096,True,0.268439937,0.0009185310000000002
t,c,B/4096,True,0.26489160100000003,0.0009408410000000256
t,c,B/4096,True,0.25988795600000003,0.0010579289999999575
t,c,B/4096,True,0.26642001699999995,0.0010843050000000076
t,c,B/4096,True,0.26534226,0.0008884450000000155
t,c,B/4096,True,0.260851083,0.0008625230000000039
t,c,B/4096,True,0.288636754,0.0009602229999999823
t,c,B/4096,True,0.25979356,0.0007709919999999704
t,c,B/4096,True,0.26101970500000005,0.0008911689999999695
t,c,B/4096,True,0.274667876,0.0008993519999999644
t,c,B/8192,True,0.521849905,0.0019754330000000264
t,c,B/8192,True,0.5275390069999999,0.0020240009999999975
t,c,B/8192,True,0.5184987990000001,0.0017639689999999764
t,c,B/8192,True,0.523787528,0.0019567389999999296
t,c,B/8192,True,0.5176102330000001,0.0019560809999999984
t,c,B/8192,True,0.523148953,0.0018159979999999853
t,c,B/8192,True,0.544582851,0.0020748680000000075
t,c,B/8192,True,0.523369505,0.0020176840000000196
t,c,B/8192,True,0.538736411,0.0018531270000000655
t,c,B/8192,True,0.5242043519999999,0.0019072940000000038
t,c,B/8192,True,0.512289711,0.0018387490000000284
t,c,B/8192,True,0.5210608959999999,0.0018126029999999682
t,c,B/8192,True,0.521575076,0.0021081789999999323
t,c,B/16384,True,1.059299038,0.003983171999999868
t,c,B/16384,True,1.170774805,0.004179592999999926
t,c,B/16384,True,1.046072129,0.0041339799999999816
t,c,B/16384,True,1.035257753,0.0037164030000000903
t,c,B/16384,True,1.0348736379999999,0.00405715799999995
t,c,B/16384,True,1.071115472,0.004162787000000057
t,c,B/16384,True,1.062775854,0.004127918000000008
t,c,B/16384,True,1.042740064,0.0036795549999999455
t,c,B/16384,True,1.043885618,0.004042916000000174
t,c,B/16384,True,1.0604681440000001,0.00393259899999987
t,c,B/16384,True,1.058443393,0.0040138030000000935
t,c,B/16384,True,1.042166244,0.004383610999999954
t,c,B/16384,True,1.051181571,0.003940734000000168
t,c,B/32768,True,2.111008413,0.008259636999999653
t,c,B/32768,True,2.1224576820000003,0.009077571000000173
t,c,B/32768,True,2.0729532539999997,0.008274293000000377
t,c,B/32768,True,2.096602797,0.007873537000000042
t,c,B/32768,True,2.055290109,0.008551961999999858
t,c,B/32768,True,2.100897047,0.00847974799999962
t,c,B/32768,True,2.1120668190000003,0.008533071000000003
t,c,B/32768,True,2.130880924,0.007970859999999913
t,c,B/32768,True,2.023007268,0.008313412000000131
t,c,B/32768,True,2.057049326,0.007661264999999862
t,c,B/32768,True,2.0141312300000003,0.00784660199999987
t,c,B/32768,True,2.0456580850000003,0.008086383000000197
t,c,B/32768,True,2.037208479,0.008442234999999965
t,c,B/65536,True,4.19940747,0.016900005000000107
t,c,B/65536,True,4.1596590309999995,0.018644088999999475
t,c,B/65536,True,4.253270682,0.017008723000000003
t,c,B/65536,True,4.185272585,0.01697356399999972
t,c,B/65536,True,4.249905938,0.017523984000000326
t,c,B/65536,True,4.222196879,0.017648695000000103
t,c,B/65536,True,4.195512587,0.017609489999999894
t,c,B/65536,True,4.189059822,0.017324711999999742
t,c,B/65536,True,4.184514913999999,0.016666925
t,c,B/65536,True,4.146421661,0.01820865000000005
t,c,B/65536,True,4.129915461,0.01681305299999991
t,c,B/65536,True,4.1699990190000005,0.018775090000000105
t,c,B/65536,True,4.186547645,0.016750041999999965
t,c,B/131072,True,8.339448931,0.03641261200000123
t,c,B/131072,True,8.408224386999999,0.03611447199999951
t,c,B/131072,True,8.352629295,0.033523674000001336
t,c,B/131072,True,8.327410693,0.03479709299999989
t,c,B/131072,True,8.477046915,0.03671301600000021
t,c,B/131072,True,8.525732173,0.034855029000000926
t,c,B/131072,True,8.570667033000001,0.035270829999999975
t,c,B/131072,True,8.431624658,0.03358899099999846
t,c,B/131072,True,8.49333029,0.03586667599999949
t,c,B/131072,True,8.510340351,0.034926658999999916
t,c,B/131072,True,8.45186627,0.038619680000000045
t,c,B/131072,True,8.548527156,0.03522944500000058
t,c,B/131072,True,8.418760248,0.03472381300000116
t,c,B/262144,True,16.782340872000002,0.07371323799999985
t,c,B/262144,True,16.889714877,0.07454866000000138
t,c,B/262144,True,16.697200977,0.07019620400000193
t,c,B/262144,True,16.971631816000002,0.07475005699999926
t,c,B/262144,True,17.294950275,0.07490548799999885
t,c,B/262144,True,16.909433838,0.07585279799999967
t,c,B/262144,True,16.959158878,0.070033801000001
t,c,B/262144,True,16.775843854,0.07150908399999878
t,c,B/262144,True,17.949707426,0.07041296499999916
t,c,B/262144,True,16.819806242,0.07472253399999929
t,c,B/262144,True,17.06335376,0.07812018799999976
t,c,B/262144,True,16.963546339,0.06996249199999838
t,c,B/262144,True,16.627318613,0.07475760100000173
t,c,B/524288,True,33.604583076999994,0.14951558700000334
t,c,B/524288,True,33.86001766,0.14845363500000275
t,c,B/524288,True,34.100395587,0.1477683629999973
t,c,B/524288,True,33.83557157,0.1576865259999991
t,c,B/524288,True,34.11054585,0.14826075500000258
t,c,B/524288,True,34.088917675,0.145707287999997
t,c,B/524288,True,34.538738839,0.1510809050000006
t,c,B/524288,True,33.560436414,0.1459241149999997
t,c,B/524288,True,33.560930430999996,0.1490233799999956
t,c,B/524288,True,33.798359953,0.14426543199999742
t,c,B/524288,True,33.837048036,0.15123367399999665
t,c,B/524288,True,33.304754986,0.1467602040000031
t,c,B/524288,True,33.608252206,0.14787543299999584
t,c,B/1048576,True,68.18899081800001,0.30342678299999193
t,c,B/1048576,True,67.130637079,0.2923955309999968
t,c,B/1048576,True,67.25432447499999,0.2963941809999966
t,c,B/1048576,True,67.27848452299999,0.29043619799999476
t,c,B/1048576,True,67.954072192,0.2946998330000099
t,c,B/1048576,True,67.799562197,0.2900324800000078
t,c,B/1048576,True,68.03924448000001,0.3122387439999983
t,c,B/1048576,True,67.905589642,0.2895650099999898
t,c,B/1048576,True,68.286201481,0.2989273620000006
t,c,B/1048576,True,67.716023976,0.3101163270000029
t,c,B/1048576,True,67.645966966,0.29612348899999574
t,c,B/1048576,True,67.78955801,0.29442575999999576
t,c,B/1048576,True,68.095064174,0.29779476300001306
t,c,B/2097152,True,143.907136183,0.5933241779999889
t,c,B/2097152,True,137.309636471,0.5984755279999945
t,c,B/2097152,True,138.126854928,0.5705195609999976
t,c,B/2097152,True,139.44075483600002,0.5672716249999894
t,c,B/2097152,True,141.262112601,0.5916006879999998
t,c,B/2097152,True,139.353760433,1.2139692559999844
t,c,B/2097152,True,138.630360033,0.5691251940000086
t,c,B/2097152,True,146.956455609,0.5891347829999916
t,c,B/2097152,True,138.95075802600002,0.5881424869999989
t,c,B/2097152,True,140.878791746,0.5710957770000107
t,c,B/2097152,True,143.040792978,0.6032838839999783
t,c,B/2097152,True,145.243705061,0.5865480239999954
t,c,B/2097152,True,140.68039245,0.6174112749999949
t,c,B/4194304,True,289.320547993,1.261176765000016
t,c,B/4194304,True,283.291556648,1.0785926289999566
t,c,B/4194304,True,283.327677078,1.0461946050000392
t,c,B/4194304,True,287.323478004,1.089135658000032
t,c,B/4194304,True,279.129230226,1.3300064609999822
t,c,B/4194304,True,287.41772708099995,1.1235438220000447
t,c,B/4194304,True,283.743533737,1.225073371999997
t,c,B/4194304,True,283.18677092499996,1.0927997640000058
t,c,B/4194304,True,290.16701517399997,1.1143847069999993
t,c,B/4194304,True,291.611259808,1.2912499729999922
t,c,B/4194304,True,274.39113080000004,1.1250478150000163
t,c,B/4194304,True,281.546565258,1.1031026869999891
t,c,C/1,True,0.00013612300000000188,1.5340000000009513e-06
t,c,C/1,True,0.0001693450000000013,1.7450000000009125e-06
t,c,C/1,True,0.00013103599999999757,1.5629999999995647e-06
t,c,C/1,True,0.00014984700000000156,1.7030000000022028e-06
t,c,C/1,True,0.00017413599999999835,1.8400000000029504e-06
t,c,C/1,True,0.00015641800000000192,1.653000000000765e-06
t,c,C/1,True,0.00016259299999999907,1.939999999998887e-06
t,c,C/1,True,0.0001433059999999993,1.953999999998457e-06
t,c,C/1,True,0.00019275300000000037,1.6029999999993272e-06
t,c,C/1,True,0.00016397799999999865,1.6479999999999273e-06
t,c,C/1,True,0.0001361580000000008,1.7219999999991409e-06
t,c,C/1,True,0.00015333500000000097,1.8689999999980944e-06
t,c,C/1,True,0.00018918100000000007,1.7759999999984732e-06
t,c,C/2,True,0.00023167400000000116,2.7579999999985394e-06
t,c,C/2,True,0.00034353800000000087,5.192000000001085e-06
t,c,C/2,True,0.00025743400000000083,2.8549999999995246e-06
t,c,C/2,True,0.00022926699999999828,2.794999999999881e-06
t,c,C/2,True,0.0002208769999999978,2.93800000000094e-06
t,c,C/2,True,0.0002869360000000015,3.05600000000128e-06
t,c,C/2,True,0.00023754800000000062,3.0020000000019476e-06
t,c,C/2,True,0.0003067619999999986,2.92400000000137e-06
t,c,C/2,True,0.00022418199999999985,2.8299999999988057e-06
t,c,C/2,True,0.000278258,2.8239999999984944e-06
t,c,C/2,True,0.00026037399999999725,2.9050000000009624e-06
t,c,C/2,True,0.00024399300000000138,2.7550000000001185e-06
t,c,C/2,True,0.00021370899999999943,2.622000000000735e-06
t,c,C/4,True,0.0003761750000000029,3.192000000002554e-06
t,c,C/4,True,0.0003161369999999976,2.828999999999332e-06
t,c,C/4,True,0.00042579800000000154,4.338999999999038e-06
t,c,C/4,True,0.0004940540000000007,3.2529999999982018e-06
t,c,C/4,True,0.0004102439999999971,3.345999999997823e-06
t,c,C/4,True,0.00037780699999999737,3.488999999998882e-06
t,c,C/4,True,0.00038713200000000184,3.519999999999912e-06
t,c,C/4,True,0.0003802640000000017,2.965000000000606e-06
t,c,C/4,True,0.0004170930000000003,3.3759999999993795e-06
t,c,C/4,True,0.00041747300000000154,3.2620000000004035e-06
t,c,C/4,True,0.0003847490000000002,3.038000000000346e-06
t,c,C/4,True,0.0006009959999999995,4.779999999999368e-06
t,c,C/4,True,0.00041769900000000054,3.26100000000093e-06
t,c,C/8,True,0.0005917129999999972,3.5330000000000084e-06
t,c,C/8,True,0.0005886869999999975,3.6780000000000146e-06
t,c,C/8,True,0.0010920129999999993,2.1815000000001417e-05
t,c,C/8,True,0.001231791999999999,6.160999999997585e-06
t,c,C/8,True,0.0006005650000000008,3.5419999999987406e-06
t,c,C/8,True,0.0007026049999999985,3.440999999999861e-06
t,c,C/8,True,0.0006281120000000001,3.4059999999974666e-06
t,c,C/8,True,0.0011652880000000004,6.397999999997739e-06
t,c,C/8,True,0.0012721960000000032,5.825000000000968e-06
t,c,C/8,True,0.0005670640000000025,3.5649999999970428e-06
t,c,C/8,True,0.0006273119999999979,3.6550000000017124e-06
t,c,C/8,True,0.0006602349999999986,3.884999999998612e-06
t,c,C/8,True,0.0006916899999999983,3.6359999999978354e-06
t,c,C/16,True,0.001189711999999999,4.9150000000011684e-06
t,c,C/16,True,0.0011372359999999998,4.410999999999304e-06
t,c,C/16,True,0.001179791999999999,4.508999999999763e-06
t,c,C/16,True,0.0011676350000000002,7.285000000002706e-06
t,c,C/16,True,0.001121726,5.121999999999766e-06
t,c,C/16,True,0.0011893430000000024,2.182400000000015e-05
t,c,C/16,True,0.0012109419999999996,4.663000000001971e-06
t,c,C/16,True,0.0011013589999999997,4.366999999998178e-06
t,c,C/16,True,0.0011474019999999988,4.6400000000001995e-06
t,c,C/16,True,0.0010978389999999998,4.987000000001435e-06
t,c,C/16,True,0.0012365769999999991,4.893999999998344e-06
t,c,C/16,True,0.0013258589999999987,4.620999999999792e-06
t,c,C/16,True,0.0010306389999999999,4.337000000000091e-06
t,c,C/32,True,0.002128713000000001,6.289999999999074e-06
t,c,C/32,True,0.0023095649999999995,6.426000000000348e-06
t,c,C/32,True,0.00225148,6.572999999999302e-06
t,c,C/32,True,0.0021775199999999988,6.032999999999039e-06
t,c,C/32,True,0.0022785589999999994,6.9059999999974975e-06
t,c,C/32,True,0.002308662999999999,6.723999999999619e-06
t,c,C/32,True,0.0021609090000000025,6.979000000000707e-06
t,c,C/32,True,0.0022339389999999973,6.137999999999283e-06
t,c,C/32,True,0.0023610419999999972,6.605999999999279e-06
t,c,C/32,True,0.0021355939999999976,6.190999999999142e-06
t,c,C/32,True,0.004420377000000003,7.896000000000292e-06
t,c,C/32,True,0.0022876259999999975,6.862999999999314e-06
t,c,C/32,True,0.0021813449999999977,6.266000000001298e-06
t,c,C/64,True,0.004555306000000002,1.0548000000002583e-05
t,c,C/64,True,0.0041985430000000025,1.0313000000001377e-05
t,c,C/64,True,0.004702264999999997,9.944000000001313e-06
t,c,C/64,True,0.004215552000000001,9.089999999999793e-06
t,c,C/64,True,0.004340072,1.0805999999998622e-05
t,c,C/64,True,0.0040257520000000005,9.237000000002216e-06
t,c,C/64,True,0.004475080000000003,1.0983999999998606e-05
t,c,C/64,True,0.004432419999999999,1.0580999999999091e-05
t,c,C/64,True,0.004171318,9.011999999999215e-06
t,c,C/64,True,0.004522149,9.819000000001188e-06
t,c,C/64,True,0.004537712999999999,9.774000000000588e-06
t,c,C/64,True,0.00440929,8.842999999997964e-06
t,c,C/64,True,0.004234815999999999,1.0691000000000173e-05
t,c,C/128,True,0.007747443,1.5865000000000323e-05
t,c,C/128,True,0.008603324999999998,3.159399999999937e-05
t,c,C/128,True,0.008502879000000001,1.6691000000002704e-05
t,c,C/128,True,0.008909839,1.655799999999985e-05
t,c,C/128,True,0.007664495,3.439900000000093e-05
t,c,C/128,True,0.008004338,1.792299999999955e-05
t,c,C/128,True,0.008289118000000002,1.7216999999999927e-05
t,c,C/128,True,0.008369866,1.731599999999986e-05
t,c,C/128,True,0.008797254000000001,1.7269999999999786e-05
t,c,C/128,True,0.008612720999999997,1.7132999999999038e-05
t,c,C/128,True,0.00863077,1.7322999999999644e-05
t,c,C/128,True,0.008395834000000001,1.719299999999868e-05
t,c,C/128,True,0.008021827999999998,1.686700000000027e-05
t,c,C/256,True,0.015912388,3.114299999999737e-05
t,c,C/256,True,0.015109245000000004,2.7229999999996146e-05
t,c,C/256,True,0.016136849999999998,2.9465999999998826e-05
t,c,C/256,True,0.014865338999999998,2.8726999999999225e-05
t,c,C/256,True,0.015387992999999996,2.9500000000001747e-05
t,c,C/256,True,0.016811336,2.9055000000000053e-05
t,c,C/256,True,0.015269946000000003,3.192399999999568e-05
t,c,C/256,True,0.016240789999999998,3.185800000000266e-05
t,c,C/256,True,0.01592171,2.754900000000171e-05
t,c,C/256,True,0.016120758000000002,3.0101000000004596e-05
t,c,C/256,True,0.015741599000000002,2.72590000000017e-05
t,c,C/256,True,0.016331148999999996,5.039800000000011e-05
t,c,C/256,True,0.014680349000000002,2.8018999999997185e-05
t,c,C/512,True,0.030295952999999997,5.430799999999597e-05
t,c,C/512,True,0.030975398999999997,0.000134103999999996
t,c,C/512,True,0.033344028,8.203400000000166e-05
t,c,C/512,True,0.029912664000000002,6.195699999999443e-05
t,c,C/512,True,0.030444608999999997,0.00011770900000000056
t,c,C/512,True,0.032656385999999996,6.323300000000281e-05
t,c,C/512,True,0.034372594,7.029199999999958e-05
t,c,C/512,True,0.033519023,8.186400000000094e-05
t,c,C/512,True,0.036836868,6.509000000000376e-05
t,c,C/512,True,0.033862373,7.824699999999657e-05
t,c,C/512,True,0.033436413,9.557799999999894e-05
t,c,C/512,True,0.033283614,6.36089999999992e-05
t,c,C/512,True,0.030904977999999996,6.27810000000048e-05
t,c,C/1024,True,0.06621606,0.00016174699999998987
t,c,C/1024,True,0.063580424,0.00026845999999999814
t,c,C/1024,True,0.061473190000000004,0.00011692900000000173
t,c,C/1024,True,0.06425130400000001,0.00011697999999998876
t,c,C/1024,True,0.064338473,0.00013380000000000336
t,c,C/1024,True,0.062492083,0.00013123199999999502
t,c,C/1024,True,0.062698366,0.00013131099999999507
t,c,C/1024,True,0.063061793,0.00013050200000000456
t,c,C/1024,True,0.059736785,0.0001104479999999991
t,c,C/1024,True,0.059962442000000005,0.0001341589999999948
t,c,C/1024,True,0.062249017000000004,0.00013536199999999998
t,c,C/1024,True,0.062443807000000004,0.00012618999999999825
t,c,C/1024,True,0.06274277099999999,0.00013742400000001098
t,c,C/2048,True,0.12358809999999999,0.0002682210000000129
t,c,C/2048,True,0.126942662,0.0002716309999999944
t,c,C/2048,True,0.122468347,0.0003547869999999953
t,c,C/2048,True,0.144720543,0.00028652799999998035
t,c,C/2048,True,0.128191694,0.0002980760000000082
t,c,C/2048,True,0.122567363,0.0003038499999999944
t,c,C/2048,True,0.123576899,0.00034906000000001214
t,c,C/2048,True,0.123831063,0.0002548109999999937
t,c,C/2048,True,0.12183446600000002,0.0003119309999999875
t,c,C/2048,True,0.136370663,0.000250216999999997
t,c,C/2048,True,0.12059297599999999,0.0003378519999999996
t,c,C/2048,True,0.120447317,0.00026270500000000196
t,c,C/2048,True,0.12126633,0.00027273999999999354
t,c,C/4096,True,0.25080782399999996,0.0006085370000000201
t,c,C/4096,True,0.250818404,0.0006284520000000016
t,c,C/4096,True,0.242838691,0.0006138560000000237
t,c,C/4096,True,0.248904904,0.0006876760000000259
t,c,C/4096,True,0.251849135,0.0006847999999999854
t,c,C/4096,True,0.24962021,0.0004956500000000141
t,c,C/4096,True,0.251336436,0.0006872219999999873
t,c,C/4096,True,0.23983166200000003,0.0005781890000000067
t,c,C/4096,True,0.249684852,0.0005042560000000362
t,c,C/4096,True,0.23613805000000002,0.0005595139999999832
t,c,C/4096,True,0.24789718500000002,0.0005870579999999737
t,c,C/4096,True,0.2535421,0.0005145189999999911
t,c,C/4096,True,0.271041729,0.0005991929999999979
t,c,C/8192,True,0.48618800400000006,0.0010610399999999576
t,c,C/8192,True,0.503729434,0.0012000659999999996
t,c,C/8192,True,0.47762575599999996,0.0011548769999999986
t,c,C/8192,True,0.48236693900000005,0.001315615999999964
t,c,C/8192,True,0.490494191,0.0013440730000000567
t,c,C/8192,True,0.48572136799999993,0.0012602979999999375
t,c,C/8192,True,0.476126254,0.001193906999999994
t,c,C/8192,True,0.48207449,0.0012203630000000576
t,c,C/8192,True,0.502769499,0.0012457280000000015
t,c,C/8192,True,0.48690946300000004,0.0011087910000000534
t,c,C/8192,True,0.491085778,0.0010091680000000602
t,c,C/8192,True,0.471791878,0.0012531989999999826
t,c,C/8192,True,0.48524984899999996,0.0013197470000000378
t,c,C/16384,True,0.973857774,0.0023044819999999966
t,c,C/16384,True,0.945331292,0.0023135890000000048
t,c,C/16384,True,1.004024902,0.0024790270000001335
t,c,C/16384,True,1.001633873,0.0023067559999998544
t,c,C/16384,True,0.9689168659999999,0.0023246230000000256
t,c,C/16384,True,0.9626751960000001,0.0025056849999999242
t,c,C/16384,True,1.012753051,0.00261695400000006
t,c,C/16384,True,1.011095533,0.002723143999999955
t,c,C/16384,True,0.9723905429999999,0.0024272180000000088
t,c,C/16384,True,0.970153784,0.0023196319999999604
t,c,C/16384,True,0.9931107779999999,0.0022637000000000906
t,c,C/16384,True,0.964645444,0.002452331999999946
t,c,C/16384,True,0.981678889,0.0026295470000001764
t,c,C/32768,True,1.933395347,0.005278773999999986
t,c,C/32768,True,1.962487386,0.005273717000000122
t,c,C/32768,True,1.949353747,0.005346593999999927
t,c,C/32768,True,1.948920561,0.005569925000000087
t,c,C/32768,True,1.949131987,0.005183667000000058
t,c,C/32768,True,1.8920472430000002,0.005377224000000069
t,c,C/32768,True,1.943614443,0.004953176000000115
t,c,C/32768,True,1.9469774059999998,0.005826923999999956
t,c,C/32768,True,1.939035166,0.00520988
t,c,C/32768,True,1.97616828,0.005149760999999975
t,c,C/32768,True,1.950592892,0.005407127999999872
t,c,C/32768,True,1.964292542,0.005067275000000038
t,c,C/32768,True,2.0138991710000003,0.004581576000000087
t,c,C/65536,True,3.9616565809999997,0.011080655000000217
t,c,C/65536,True,3.929047874,0.010873215999999797
t,c,C/65536,True,3.931566615,0.01107073699999983
t,c,C/65536,True,3.981096762,0.010495174999999968
t,c,C/65536,True,3.9823776189999998,0.010675442000000146
t,c,C/65536,True,3.964999145,0.011537986999999639
t,c,C/65536,True,4.068084092,0.010918772000000132
t,c,C/65536,True,3.9513518530000002,0.011243399999999681
t,c,C/65536,True,3.918380963,0.010315653000000147
t,c,C/65536,True,3.920109395,0.010752812999999861
t,c,C/65536,True,3.8955443020000002,0.010704670000000416
t,c,C/65536,True,3.895147134,0.011388785999999929
t,c,C/65536,True,3.859450514,0.011828549000000077
t,c,C/131072,True,7.999035695000001,0.0256639320000005
t,c,C/131072,True,7.8687574940000005,0.020667714999999198
t,c,C/131072,True,7.8108666,0.022743490000000754
t,c,C/131072,True,7.8611504430000005,0.025241365000000293
t,c,C/131072,True,7.954904389,0.02296623199999992
t,c,C/131072,True,7.780221055999999,0.022380566999999907
t,c,C/131072,True,7.8699488220000005,0.023646352999999287
t,c,C/131072,True,7.760296497000001,0.023381032000000523
t,c,C/131072,True,7.930880075,0.021434345999999493
t,c,C/131072,True,7.7777092549999995,0.02187666099999941
t,c,C/131072,True,7.7924001370000004,0.022108820000000584
t,c,C/131072,True,8.079231447,0.02258709300000028
t,c,C/131072,True,8.067133935,0.022306384999998485
t,c,C/262144,True,15.875271244999999,0.045689298999999295
t,c,C/262144,True,15.853733232,0.04685847500000051
t,c,C/262144,True,15.503990481,0.044257246000000805
t,c,C/262144,True,15.801613483,0.04408957400000091
t,c,C/262144,True,15.773936747,0.045852430000000055
t,c,C/262144,True,15.921903353000001,0.04301576100000126
t,c,C/262144,True,15.917163844000001,0.041839162000000485
t,c,C/262144,True,15.701892004000001,0.04471431300000006
t,c,C/262144,True,15.865672046,0.045454946999999635
t,c,C/262144,True,15.826437155,0.04648496100000088
t,c,C/262144,True,15.705033886,0.04776240999999892
t,c,C/262144,True,15.911704161,0.044599544000000435
t,c,C/262144,True,16.103459718,0.04517603500000078
t,c,C/524288,True,31.886079711,0.0862675789999976
t,c,C/524288,True,31.588092233,0.08679521299999848
t,c,C/524288,True,31.916293376000002,0.09152565100000132
t,c,C/524288,True,31.561948552,0.08597901399999941
t,c,C/524288,True,31.647739829000002,0.09662385900000103
t,c,C/524288,True,31.184650362,0.09137448799999959
t,c,C/524288,True,31.790043245,0.09009166899999954
t,c,C/524288,True,31.898273512,0.09221981200000329
t,c,C/524288,True,32.053678175,0.09509494299999943
t,c,C/524288,True,31.586040079,0.09045150000000035
t,c,C/524288,True,31.752036571999998,0.09186913099999927
t,c,C/524288,True,31.891827144999997,0.09541400300000191
t,c,C/524288,True,31.923444846,0.1021405090000016
t,c,C/1048576,True,63.594810497,0.16674331699999811
t,c,C/1048576,True,62.902113705000005,0.17712350400000076
t,c,C/1048576,True,63.371071781,0.1691871969999994
t,c,C/1048576,True,63.734656167,0.1814453450000002
t,c,C/1048576,True,63.848614698000006,0.1911622510000015
t,c,C/1048576,True,64.14445943300001,0.17345763600000907
t,c,C/1048576,True,63.862206639,0.18175949000000458
t,c,C/1048576,True,63.752024662000004,0.17670980199999775
t,c,C/1048576,True,63.976822599,0.18172349999999682
t,c,C/1048576,True,63.014109055,0.17415774300000209
t,c,C/1048576,True,64.58316909499999,0.1750082979999945
t,c,C/1048576,True,64.875434916,0.1801437600000071
t,c,C/1048576,True,63.3612328,0.17414627499999824
t,c,C/2097152,True,127.119056736,0.3679409899999939
t,c,C/2097152,True,126.177356668,0.36112915800001133
t,c,C/2097152,True,127.89493922899999,0.37416812100001096
t,c,C/2097152,True,127.728138494,0.3398236529999963
t,c,C/2097152,True,128.430729867,0.3652075330000173
t,c,C/2097152,True,127.060245654,0.36260502700000075
t,c,C/2097152,True,127.93252493099999,0.37181268800000566
t,c,C/2097152,True,127.822054556,0.36134328999999354
t,c,C/2097152,True,128.188208742,0.3683112470000083
t,c,C/2097152,True,127.27118032300001,0.3735532219999982
t,c,C/2097152,True,127.684549247,0.3666661759999954
t,c,C/2097152,True,129.415455245,0.35435159499999713
t,c,C/2097152,True,126.58661225099999,0.3453815849999984
t,c,C/4194304,True,252.27388298000002,0.6841746910000097
t,c,C/4194304,True,258.389916382,0.7412065559999519
t,c,C/4194304,True,256.933555276,0.6916112779999821
t,c,C/4194304,True,253.508766312,0.6934479700000225
t,c,C/4194304,True,256.174391147,0.6859533839999585
t,c,C/4194304,True,258.049385432,0.7029419570000073
t,c,C/4194304,True,256.2069028,0.7068188869999972
t,c,C/4194304,True,257.81614218199996,0.7152279990000352
t,c,C/4194304,True,260.36201871099996,0.742964848999975
t,c,C/4194304,True,257.93482962999997,0.6888478679999821
t,c,C/4194304,True,256.454411872,0.6918747830000029
t,c,C/4194304,True,255.966120407,0.7234405039999956
t,c,C/4194304,True,250.363080402,0.6818975790000081
