sortType,cost,file,sorted,preProcessTime,sortTime
i,c,C/1,True,0.00021568200000000176,3.7240000000000884e-06
i,c,C/1,True,0,3.6609999999985543e-06
i,c,C/1,True,0,3.928999999999738e-06
i,c,C/1,True,0,3.888000000000502e-06
i,c,C/1,True,0,3.561999999998622e-06
i,c,C/1,True,0,3.6690000000012823e-06
i,c,C/1,True,0,3.6170000000008973e-06
i,c,C/1,True,0,3.440999999999861e-06
i,c,C/1,True,0,3.4150000000031377e-06
i,c,C/1,True,0,3.511999999997184e-06
i,c,C/1,True,0,2.097599999999894e-05
i,c,C/1,True,0,3.315000000000262e-06
i,c,C/1,True,0,3.392000000001366e-06
i,c,C/2,True,0.0003839800000000025,4.397999999999208e-06
i,c,C/2,True,0,4.55300000000089e-06
i,c,C/2,True,0,4.896000000000761e-06
i,c,C/2,True,0,5.535000000000956e-06
i,c,C/2,True,0,8.0050000000019e-06
i,c,C/2,True,0,2.3316999999998395e-05
i,c,C/2,True,0,7.048999999998556e-06
i,c,C/2,True,0,8.069999999998911e-06
i,c,C/2,True,0,4.877999999999827e-06
i,c,C/2,True,0,4.7129999999999395e-06
i,c,C/2,True,0,4.520000000000912e-06
i,c,C/2,True,0,4.546000000001105e-06
i,c,C/2,True,0,4.544999999998162e-06
i,c,C/4,True,0.00045568099999999945,5.1400000000006996e-06
i,c,C/4,True,0,5.2019999999992905e-06
i,c,C/4,True,0,5.37900000000327e-06
i,c,C/4,True,0,5.58100000000103e-06
i,c,C/4,True,0,5.031999999998565e-06
i,c,C/4,True,0,5.425000000003344e-06
i,c,C/4,True,0,5.0220000000003595e-06
i,c,C/4,True,0,4.875000000001406e-06
i,c,C/4,True,0,5.292000000000491e-06
i,c,C/4,True,0,1.5463000000000282e-05
i,c,C/4,True,0,4.600000000000437e-06
i,c,C/4,True,0,5.164000000001945e-06
i,c,C/4,True,0,4.805000000000087e-06
i,c,C/8,True,0.0006784959999999972,6.5639999999971e-06
i,c,C/8,True,0,6.750999999999285e-06
i,c,C/8,True,0,7.305000000002587e-06
i,c,C/8,True,0,7.121999999998296e-06
i,c,C/8,True,0,1.0763999999999913e-05
i,c,C/8,True,0,7.072999999999802e-06
i,c,C/8,True,0,6.868000000000152e-06
i,c,C/8,True,0,6.884999999998143e-06
i,c,C/8,True,0,6.9840000000015445e-06
i,c,C/8,True,0,1.0424000000001932e-05
i,c,C/8,True,0,1.0512000000000715e-05
i,c,C/8,True,0,1.03839999999987e-05
i,c,C/8,True,0,1.0371000000002073e-05
i,c,C/16,True,0.0012750360000000002,8.82800000000239e-06
i,c,C/16,True,0,8.419999999998568e-06
i,c,C/16,True,0,8.578999999998144e-06
i,c,C/16,True,0,8.686000000000804e-06
i,c,C/16,True,0,9.087000000001372e-06
i,c,C/16,True,0,8.440000000001918e-06
i,c,C/16,True,0,8.737000000001716e-06
i,c,C/16,True,0,8.579000000001613e-06
i,c,C/16,True,0,8.28299999999782e-06
i,c,C/16,True,0,8.568999999999938e-06
i,c,C/16,True,0,8.69600000000248e-06
i,c,C/16,True,0,8.398999999999213e-06
i,c,C/16,True,0,8.632999999997476e-06
i,c,C/32,True,0.0022727660000000025,1.1673000000000239e-05
i,c,C/32,True,0,1.1310000000000486e-05
i,c,C/32,True,0,1.2115000000000042e-05
i,c,C/32,True,0,2.7369999999998784e-05
i,c,C/32,True,0,1.1891999999999459e-05
i,c,C/32,True,0,1.1755999999998185e-05
i,c,C/32,True,0,1.1871999999999577e-05
i,c,C/32,True,0,1.237000000000113e-05
i,c,C/32,True,0,1.2117999999998463e-05
i,c,C/32,True,0,1.1986000000002023e-05
i,c,C/32,True,0,1.2042999999999776e-05
i,c,C/32,True,0,1.1930000000000274e-05
i,c,C/32,True,0,1.1773999999999119e-05
i,c,C/64,True,0.004957185999999999,1.8949000000000743e-05
i,c,C/64,True,0,1.9775999999999128e-05
i,c,C/64,True,0,2.0170999999999384e-05
i,c,C/64,True,0,2.0034000000002106e-05
i,c,C/64,True,0,1.7809000000000574e-05
i,c,C/64,True,0,2.0042000000001364e-05
i,c,C/64,True,0,2.0091999999999333e-05
i,c,C/64,True,0,1.999299999999593e-05
i,c,C/64,True,0,1.9893999999999468e-05
i,c,C/64,True,0,1.9679000000001612e-05
i,c,C/64,True,0,2.0196999999999576e-05
i,c,C/64,True,0,2.0178000000002638e-05
i,c,C/64,True,0,2.029600000000298e-05
i,c,C/128,True,0.009003701999999995,5.923099999999987e-05
i,c,C/128,True,0,3.347299999999914e-05
i,c,C/128,True,0,3.282999999999758e-05
i,c,C/128,True,0,3.146299999999547e-05
i,c,C/128,True,0,4.768800000000406e-05
i,c,C/128,True,0,3.253400000000073e-05
i,c,C/128,True,0,3.186199999999362e-05
i,c,C/128,True,0,3.3616999999999675e-05
i,c,C/128,True,0,5.008299999999938e-05
i,c,C/128,True,0,4.9481000000003994e-05
i,c,C/128,True,0,3.211199999999387e-05
i,c,C/128,True,0,3.318800000000344e-05
i,c,C/128,True,0,3.28770000000006e-05
i,c,C/256,True,0.017612453,6.014999999999493e-05
i,c,C/256,True,0,7.71060000000004e-05
i,c,C/256,True,0,9.230600000000033e-05
i,c,C/256,True,0,7.678199999999746e-05
i,c,C/256,True,0,6.198199999999515e-05
i,c,C/256,True,0,6.244299999999536e-05
i,c,C/256,True,0,6.478699999999671e-05
i,c,C/256,True,0,6.788100000000574e-05
i,c,C/256,True,0,6.403699999999596e-05
i,c,C/256,True,0,6.522300000000314e-05
i,c,C/256,True,0,0.00013158000000000614
i,c,C/256,True,0,5.9913000000008654e-05
i,c,C/256,True,0,6.358500000000489e-05
i,c,C/512,True,0.034124695,0.00016217999999999788
i,c,C/512,True,0,0.000153689999999998
i,c,C/512,True,0,0.00014462400000000986
i,c,C/512,True,0,0.0001491190000000031
i,c,C/512,True,0,0.00014532499999998783
i,c,C/512,True,0,0.00014850400000000763
i,c,C/512,True,0,0.0001732720000000021
i,c,C/512,True,0,0.0001617679999999927
i,c,C/512,True,0,0.0002229919999999913
i,c,C/512,True,0,0.00013927800000000656
i,c,C/512,True,0,0.0001476300000000097
i,c,C/512,True,0,0.0001766619999999941
i,c,C/512,True,0,0.00014680499999999985
i,c,C/1024,True,0.074204372,0.0015230339999999926
i,c,C/1024,True,0,0.0015139080000000082
i,c,C/1024,True,0,0.0015187770000000128
i,c,C/1024,True,0,0.0016096569999999866
i,c,C/1024,True,0,0.0013919699999999924
i,c,C/1024,True,0,0.0014298530000000087
i,c,C/1024,True,0,0.0014091200000000137
i,c,C/1024,True,0,0.001561709999999994
i,c,C/1024,True,0,0.001362179000000019
i,c,C/1024,True,0,0.001351985
i,c,C/1024,True,0,0.0013885829999999988
i,c,C/1024,True,0,0.001359644000000021
i,c,C/1024,True,0,0.0013860109999999926
i,c,C/2048,True,0.131686897,0.0024954490000000107
i,c,C/2048,True,0,0.0027593409999999985
i,c,C/2048,True,0,0.0024245250000000107
i,c,C/2048,True,0,0.002416804999999994
i,c,C/2048,True,0,0.005296144000000003
i,c,C/2048,True,0,0.0024208470000000037
i,c,C/2048,True,0,0.0024378089999999575
i,c,C/2048,True,0,0.0024827510000000053
i,c,C/2048,True,0,0.0024791129999999773
i,c,C/2048,True,0,0.0026900120000000194
i,c,C/2048,True,0,0.002649096999999989
i,c,C/2048,True,0,0.0025303299999999695
i,c,C/2048,True,0,0.0026672340000000183
i,c,C/4096,True,0.253749585,0.013309673999999994
i,c,C/4096,True,0,0.014001716999999969
i,c,C/4096,True,0,0.013385301999999988
i,c,C/4096,True,0,0.013780385999999978
i,c,C/4096,True,0,0.013951064000000013
i,c,C/4096,True,0,0.013577853000000029
i,c,C/4096,True,0,0.01384390499999999
i,c,C/4096,True,0,0.013289236999999954
i,c,C/4096,True,0,0.013261583000000021
i,c,C/4096,True,0,0.013844368999999968
i,c,C/4096,True,0,0.013559867999999975
i,c,C/4096,True,0,0.01765565800000002
i,c,C/4096,True,0,0.014329844000000036
i,c,C/8192,True,0.505186853,0.03137745599999997
i,c,C/8192,True,0,0.02923862899999996
i,c,C/8192,True,0,0.02910909100000003
i,c,C/8192,True,0,0.029886778000000058
i,c,C/8192,True,0,0.02988374599999999
i,c,C/8192,True,0,0.028989103000000016
i,c,C/8192,True,0,0.03045181600000002
i,c,C/8192,True,0,0.03173679600000012
i,c,C/8192,True,0,0.03032415799999999
i,c,C/8192,True,0,0.030267370000000016
i,c,C/8192,True,0,0.030173733000000036
i,c,C/8192,True,0,0.02929406099999987
i,c,C/8192,True,0,0.03077556200000009
i,c,C/16384,True,0.9945246560000001,0.09533021799999997
i,c,C/16384,True,0,0.0897004990000001
i,c,C/16384,True,0,0.0953225230000001
i,c,C/16384,True,0,0.09262403099999972
i,c,C/16384,True,0,0.09468199999999971
i,c,C/16384,True,0,0.09328585599999961
i,c,C/16384,True,0,0.0918216420000002
i,c,C/16384,True,0,0.09586361400000021
i,c,C/16384,True,0,0.09586565999999941
i,c,C/16384,True,0,0.09330890800000002
i,c,C/16384,True,0,0.09051312999999972
i,c,C/16384,True,0,0.09206382099999999
i,c,C/16384,True,0,0.097715773
i,c,C/32768,True,3.74373591,0.24969079300000008
i,c,C/32768,True,0,0.2586201309999998
i,c,C/32768,True,0,0.25316978599999995
i,c,C/32768,True,0,0.25116820899999937
i,c,C/32768,True,0,0.2501527189999999
i,c,C/32768,True,0,0.25387882999999967
i,c,C/32768,True,0,0.25533746300000004
i,c,C/32768,True,0,0.2566082769999998
i,c,C/32768,True,0,0.2522494720000008
i,c,C/32768,True,0,0.25468212599999873
i,c,C/32768,True,0,0.25581366200000133
i,c,C/32768,True,0,0.2537705459999984
i,c,C/32768,True,0,0.24780107399999984
i,c,C/65536,True,6.246057346,0.2532001629999998
i,c,C/65536,True,0,0.2509181870000008
i,c,C/65536,True,0,0.2513411080000001
i,c,C/65536,True,0,0.25488504899999853
i,c,C/65536,True,0,0.2573645520000003
i,c,C/65536,True,0,0.2542156870000003
i,c,C/65536,True,0,0.26194834300000025
i,c,C/65536,True,0,0.25371824399999987
i,c,C/65536,True,0,0.25711583100000013
i,c,C/65536,True,0,0.25153809200000055
i,c,C/65536,True,0,0.25650427599999936
i,c,C/65536,True,0,0.2518282539999994
i,c,C/65536,True,0,0.2548254460000017
i,c,C/131072,True,13.708802506,1.292963082
i,c,C/131072,True,0,1.3002930689999985
i,c,C/131072,True,0,1.3071774160000018
i,c,C/131072,True,0,0.6219782609999989
i,c,C/131072,True,0,0.6215090429999997
i,c,C/131072,True,0,0.8844544419999991
i,c,C/131072,True,0,1.2827151520000015
i,c,C/131072,True,0,1.283868077000001
i,c,C/131072,True,0,1.2714194539999966
i,c,C/131072,True,0,1.2733006799999984
i,c,C/131072,True,0,1.263712654999999
i,c,C/131072,True,0,1.2628828460000037
i,c,C/131072,True,0,0.6112362689999955
i,c,C/262144,True,26.583801848,1.3592630330000013
i,c,C/262144,True,0,2.810971694999999
i,c,C/262144,True,0,2.77730674
i,c,C/262144,True,0,2.7837294390000054
i,c,C/262144,True,0,1.343437195
i,c,C/524288,True,31.846434469000002,2.538168227
i,c,C/524288,True,0,2.4793757720000045
i,c,C/524288,True,0,2.5381407340000024
i,c,C/524288,True,0,2.4763828250000017
i,c,C/524288,True,0,2.5374589420000007
i,c,C/1048576,True,63.773558011,4.9631142530000005
i,c,C/1048576,True,0,4.872592163999997
i,c,C/1048576,True,0,4.829558792
i,c,C/1048576,True,0,4.914423701000004
i,c,C/1048576,True,0,4.9389353779999965
i,c,C/2097152,True,128.495231747,44.44721008799999
i,c,C/2097152,True,0,44.30795367199997
i,c,C/2097152,True,0,44.804406510000035
i,c,C/2097152,True,0,44.76272113699997
i,c,C/2097152,True,0,44.960539650999976
i,c,B/1,True,0.000206414999999998,3.495999999998667e-06
i,c,B/1,True,0,4.064000000001539e-06
i,c,B/1,True,0,2.1036999999998057e-05
i,c,B/1,True,0,3.6780000000000146e-06
i,c,B/1,True,0,3.4050000000014624e-06
i,c,B/1,True,0,3.106999999998722e-06
i,c,B/1,True,0,3.231999999998847e-06
i,c,B/1,True,0,3.1200000000022876e-06
i,c,B/1,True,0,3.2460000000018863e-06
i,c,B/1,True,0,2.979000000000176e-06
i,c,B/1,True,0,2.7689999999996884e-06
i,c,B/1,True,0,2.7250000000020314e-06
i,c,B/1,True,0,2.965000000000606e-06
i,c,B/2,True,0.00028349899999999956,5.134999999999862e-06
i,c,B/2,True,0,4.692000000000585e-06
i,c,B/2,True,0,5.69900000000137e-06
i,c,B/2,True,0,5.1470000000004845e-06
i,c,B/2,True,0,4.793999999998938e-06
i,c,B/2,True,0,4.517000000002491e-06
i,c,B/2,True,0,4.719999999999724e-06
i,c,B/2,True,0,4.541000000000267e-06
i,c,B/2,True,0,4.587000000000341e-06
i,c,B/2,True,0,4.808000000001977e-06
i,c,B/2,True,0,4.515999999999548e-06
i,c,B/2,True,0,4.574999999999718e-06
i,c,B/2,True,0,5.009000000000263e-06
i,c,B/4,True,0.00041072600000000015,6.801000000000723e-06
i,c,B/4,True,0,5.971000000000448e-06
i,c,B/4,True,0,6.8040000000026135e-06
i,c,B/4,True,0,1.0000999999999066e-05
i,c,B/4,True,0,6.25800000000204e-06
i,c,B/4,True,0,6.3299999999988366e-06
i,c,B/4,True,0,6.680000000001962e-06
i,c,B/4,True,0,7.71299999999947e-06
i,c,B/4,True,0,1.0596999999997608e-05
i,c,B/4,True,0,1.0793000000001995e-05
i,c,B/4,True,0,5.986999999998965e-06
i,c,B/4,True,0,7.019000000000469e-06
i,c,B/4,True,0,1.0777999999999482e-05
i,c,B/8,True,0.0006695109999999976,8.749999999998342e-06
i,c,B/8,True,0,8.640999999996735e-06
i,c,B/8,True,0,8.588999999999819e-06
i,c,B/8,True,0,8.495000000000724e-06
i,c,B/8,True,0,8.146000000000542e-06
i,c,B/8,True,0,8.333999999998731e-06
i,c,B/8,True,0,7.621999999998796e-06
i,c,B/8,True,0,7.458999999997856e-06
i,c,B/8,True,0,7.37599999999991e-06
i,c,B/8,True,0,7.34199999999699e-06
i,c,B/8,True,0,7.626999999999634e-06
i,c,B/8,True,0,7.4350000000000804e-06
i,c,B/8,True,0,7.397999999998739e-06
i,c,B/16,True,0.0012530749999999993,4.8273000000001454e-05
i,c,B/16,True,0,2.8462999999999405e-05
i,c,B/16,True,0,2.8310999999999614e-05
i,c,B/16,True,0,2.8079999999999772e-05
i,c,B/16,True,0,2.8193999999998748e-05
i,c,B/16,True,0,2.8120000000003004e-05
i,c,B/16,True,0,2.811600000000164e-05
i,c,B/16,True,0,2.8033000000000224e-05
i,c,B/16,True,0,2.7757999999999255e-05
i,c,B/16,True,0,2.814700000000267e-05
i,c,B/16,True,0,2.786000000000108e-05
i,c,B/16,True,0,4.0667000000001174e-05
i,c,B/16,True,0,2.7776999999999663e-05
i,c,B/32,True,0.0021217299999999988,7.536600000000032e-05
i,c,B/32,True,0,7.586400000000187e-05
i,c,B/32,True,0,0.00012066900000000033
i,c,B/32,True,0,9.270100000000059e-05
i,c,B/32,True,0,7.333400000000129e-05
i,c,B/32,True,0,7.100699999999793e-05
i,c,B/32,True,0,0.00011099200000000073
i,c,B/32,True,0,8.971500000000063e-05
i,c,B/32,True,0,7.282399999999911e-05
i,c,B/32,True,0,7.037000000000015e-05
i,c,B/32,True,0,7.062700000000019e-05
i,c,B/32,True,0,7.080900000000154e-05
i,c,B/32,True,0,8.764500000000078e-05
i,c,B/64,True,0.004315800000000002,0.00018352999999999772
i,c,B/64,True,0,0.00017827800000000046
i,c,B/64,True,0,0.00018059400000000267
i,c,B/64,True,0,0.00018508600000000097
i,c,B/64,True,0,0.00017998100000000267
i,c,B/64,True,0,0.00017713399999999893
i,c,B/64,True,0,0.0001744989999999981
i,c,B/64,True,0,0.00018868199999999558
i,c,B/64,True,0,0.00017484499999999986
i,c,B/64,True,0,0.00018300599999999945
i,c,B/64,True,0,0.0001744430000000033
i,c,B/64,True,0,0.00016645800000000127
i,c,B/64,True,0,0.0001697499999999963
i,c,B/128,True,0.008602488000000002,0.00040245900000000084
i,c,B/128,True,0,0.00038818000000000186
i,c,B/128,True,0,0.0004147060000000008
i,c,B/128,True,0,0.0004525090000000037
i,c,B/128,True,0,0.00038169799999999976
i,c,B/128,True,0,0.0003890890000000022
i,c,B/128,True,0,0.0004100309999999982
i,c,B/128,True,0,0.0004361199999999982
i,c,B/128,True,0,0.00047359099999999543
i,c,B/128,True,0,0.0003830159999999999
i,c,B/128,True,0,0.00037914399999999793
i,c,B/128,True,0,0.0003608579999999986
i,c,B/128,True,0,0.0003943159999999987
i,c,B/256,True,0.016408695999999997,0.0054956749999999985
i,c,B/256,True,0,0.005288813999999996
i,c,B/256,True,0,0.005321487
i,c,B/256,True,0,0.005555709999999998
i,c,B/256,True,0,0.005358373
i,c,B/256,True,0,0.005823940999999999
i,c,B/256,True,0,0.005463478999999993
i,c,B/256,True,0,0.005451772999999993
i,c,B/256,True,0,0.005509607000000014
i,c,B/256,True,0,0.005636869000000003
i,c,B/256,True,0,0.0055568210000000035
i,c,B/256,True,0,0.0055423309999999976
i,c,B/256,True,0,0.005679946000000019
i,c,B/512,True,0.032777536999999995,0.026980342999999997
i,c,B/512,True,0,0.028942190999999992
i,c,B/512,True,0,0.026298065999999995
i,c,B/512,True,0,0.026001835
i,c,B/512,True,0,0.026714976
i,c,B/512,True,0,0.026798853999999983
i,c,B/512,True,0,0.025597911
i,c,B/512,True,0,0.026173558999999957
i,c,B/512,True,0,0.027310535000000025
i,c,B/512,True,0,0.025631466999999963
i,c,B/512,True,0,0.025787559000000015
i,c,B/512,True,0,0.025752955999999994
i,c,B/512,True,0,0.026547239
i,c,B/1024,True,0.06404158099999999,0.14661899700000003
i,c,B/1024,True,0,0.146615908
i,c,B/1024,True,0,0.14439962
i,c,B/1024,True,0,0.14169923799999995
i,c,B/1024,True,0,0.14204010900000008
i,c,B/1024,True,0,0.145564547
i,c,B/1024,True,0,0.147496222
i,c,B/1024,True,0,0.14935346299999996
i,c,B/1024,True,0,0.1486082000000002
i,c,B/1024,True,0,0.14633251800000013
i,c,B/1024,True,0,0.14481628700000004
i,c,B/1024,True,0,0.14490724300000002
i,c,B/1024,True,0,0.14598039600000012
i,c,B/2048,True,0.12066010899999999,0.660958449
i,c,B/2048,True,0,0.6724060210000001
i,c,B/2048,True,0,0.6818515619999999
i,c,B/2048,True,0,0.6677244180000002
i,c,B/2048,True,0,0.6772450340000002
i,c,B/2048,True,0,0.6667556800000001
i,c,B/2048,True,0,0.6740431610000002
i,c,B/2048,True,0,0.7064017310000006
i,c,B/2048,True,0,0.6857900289999996
i,c,B/2048,True,0,0.6844799999999998
i,c,B/2048,True,0,0.6755908919999998
i,c,B/2048,True,0,0.6782612100000005
i,c,B/2048,True,0,0.6752703010000012
i,c,B/4096,True,0.260449252,2.899812308
i,c,B/4096,True,0,2.852100723
i,c,B/4096,True,0,2.8977744040000006
i,c,B/4096,True,0,2.920918424
i,c,B/4096,True,0,2.932499676999999
i,c,B/4096,True,0,2.924942078999999
i,c,B/4096,True,0,2.932044243
i,c,B/4096,True,0,2.949864645999998
i,c,B/4096,True,0,2.9501723950000027
i,c,B/4096,True,0,2.952192188999998
i,c,B/4096,True,0,2.9724540390000023
i,c,B/4096,True,0,2.9017489379999972
i,c,B/4096,True,0,2.9487730510000034
i,c,B/8192,True,0.49396079699999995,11.71039647
i,c,B/8192,True,0,11.930501248999999
i,c,B/8192,True,0,11.750066042
i,c,B/8192,True,0,11.824327687
i,c,B/8192,True,0,11.890554907000002
i,c,B/8192,True,0,11.761280360999997
i,c,B/8192,True,0,11.982904461000004
i,c,B/8192,True,0,11.826596866000003
i,c,B/8192,True,0,11.915655575000002
i,c,B/8192,True,0,11.864626220000005
i,c,B/8192,True,0,11.931161465000002
i,c,B/8192,True,0,11.90948880800002
i,c,B/8192,True,0,11.859955317000015
i,c,B/16384,True,0.969844763,47.887531339
i,c,B/16384,True,0,47.589441737
i,c,B/16384,True,0,48.153052686999985
i,c,B/16384,True,0,48.410617711999976
i,c,B/16384,True,0,48.73985001899999
i,c,B/16384,True,0,48.45787061300004
i,c,B/16384,True,0,48.69935884099999
i,c,B/16384,True,0,48.326459989
i,c,B/16384,True,0,48.74883972599997
i,c,B/16384,True,0,48.27605748900004
i,c,B/16384,True,0,48.69550331100004
i,c,B/16384,True,0,48.360211436999975
i,c,B/16384,True,0,48.204381291000004
i,c,B/32768,True,1.916812565,197.233371464
i,c,B/32768,True,0,194.56626212300003
i,c,B/32768,True,0,197.97851134899997
i,c,B/32768,True,0,202.53708931100005
i,c,B/32768,True,0,199.41027662699992
i,c,B/32768,True,0,199.47000759000002
i,c,B/32768,True,0,200.80111950600008
i,c,B/32768,True,0,204.49440870800004
i,c,B/32768,True,0,205.16809115399997
i,c,B/32768,True,0,203.91270367700008
i,c,B/32768,True,0,205.38260074799996
i,c,B/32768,True,0,205.01411009899994
i,c,B/32768,True,0,205.11457561399993
i,c,B/65536,True,4.000412216,814.2943501039999
i,c,B/65536,True,0,820.5738876190001
i,c,B/65536,True,0,824.1732005230001
i,c,B/65536,True,0,831.995469171
i,c,B/65536,True,0,832.9170787090002
i,c,B/65536,True,0,826.0701128410001
i,c,B/65536,True,0,833.4456837970001
i,c,B/65536,True,0,828.8978101319999
i,c,B/65536,True,0,835.6849368170006
i,c,B/65536,True,0,837.6153281119996
i,c,B/65536,True,0,846.2431379459995
i,c,B/65536,True,0,837.357097823
i,c,B/65536,True,0,833.811762790001
i,c,A/1,True,0.000212254000000002,3.6070000000026914e-06
i,c,A/1,True,0,4.055000000002806e-06
i,c,A/1,True,0,4.020000000000412e-06
i,c,A/1,True,0,4.991999999998803e-06
i,c,A/1,True,0,4.327999999997889e-06
i,c,A/1,True,0,3.531000000001061e-06
i,c,A/1,True,0,3.4739999999998383e-06
i,c,A/1,True,0,3.6300000000009935e-06
i,c,A/1,True,0,4.847000000002266e-06
i,c,A/1,True,0,4.937999999999471e-06
i,c,A/1,True,0,4.762000000001904e-06
i,c,A/1,True,0,5.795999999998885e-06
i,c,A/1,True,0,4.877000000000353e-06
i,c,A/2,True,0.0002756149999999999,5.318000000000683e-06
i,c,A/2,True,0,4.602999999998858e-06
i,c,A/2,True,0,5.919999999999537e-06
i,c,A/2,True,0,7.062000000002122e-06
i,c,A/2,True,0,5.1060000000012484e-06
i,c,A/2,True,0,5.109999999999143e-06
i,c,A/2,True,0,5.167000000000366e-06
i,c,A/2,True,0,4.968000000001027e-06
i,c,A/2,True,0,5.1499999999989055e-06
i,c,A/2,True,0,4.231999999999847e-06
i,c,A/2,True,0,4.285000000003175e-06
i,c,A/2,True,0,4.36200000000081e-06
i,c,A/2,True,0,4.358000000002915e-06
i,c,A/4,True,0.0004320400000000016,7.133999999998919e-06
i,c,A/4,True,0,6.1089999999972e-06
i,c,A/4,True,0,6.2639999999988816e-06
i,c,A/4,True,0,6.824000000002495e-06
i,c,A/4,True,0,6.220999999997229e-06
i,c,A/4,True,0,6.518000000000496e-06
i,c,A/4,True,0,1.0288000000000658e-05
i,c,A/4,True,0,1.0026999999999259e-05
i,c,A/4,True,0,7.137000000000809e-06
i,c,A/4,True,0,9.742000000000084e-06
i,c,A/4,True,0,1.0910999999998866e-05
i,c,A/4,True,0,7.725000000000093e-06
i,c,A/4,True,0,2.0700000000001967e-05
i,c,A/8,True,0.0006973329999999979,6.3660000000007044e-06
i,c,A/8,True,0,6.131999999998972e-06
i,c,A/8,True,0,6.029999999997149e-06
i,c,A/8,True,0,5.872000000000516e-06
i,c,A/8,True,0,5.369999999997599e-06
i,c,A/8,True,0,6.051999999999447e-06
i,c,A/8,True,0,5.470999999999948e-06
i,c,A/8,True,0,5.4630000000006895e-06
i,c,A/8,True,0,5.246999999999891e-06
i,c,A/8,True,0,5.339999999999512e-06
i,c,A/8,True,0,5.4040000000005195e-06
i,c,A/8,True,0,5.228999999998957e-06
i,c,A/8,True,0,5.2130000000004395e-06
i,c,A/16,True,0.0013483279999999993,1.962799999999723e-05
i,c,A/16,True,0,1.8226999999999133e-05
i,c,A/16,True,0,2.062200000000139e-05
i,c,A/16,True,0,1.907500000000034e-05
i,c,A/16,True,0,1.8733999999999418e-05
i,c,A/16,True,0,1.9963000000001313e-05
i,c,A/16,True,0,1.9520000000002036e-05
i,c,A/16,True,0,1.8462999999999813e-05
i,c,A/16,True,0,2.004400000000031e-05
i,c,A/16,True,0,1.9517000000000145e-05
i,c,A/16,True,0,1.984999999999834e-05
i,c,A/16,True,0,1.8469000000000124e-05
i,c,A/16,True,0,1.8205000000000304e-05
i,c,A/32,True,0.0023148210000000016,5.527900000000183e-05
i,c,A/32,True,0,5.377800000000085e-05
i,c,A/32,True,0,3.787599999999919e-05
i,c,A/32,True,0,3.863700000000109e-05
i,c,A/32,True,0,3.84499999999989e-05
i,c,A/32,True,0,3.9027000000000506e-05
i,c,A/32,True,0,3.9958999999999134e-05
i,c,A/32,True,0,3.854999999999831e-05
i,c,A/32,True,0,3.865999999999939e-05
i,c,A/32,True,0,3.8190000000000446e-05
i,c,A/32,True,0,3.806500000000032e-05
i,c,A/32,True,0,3.843200000000144e-05
i,c,A/32,True,0,3.918299999999819e-05
i,c,A/64,True,0.004292771000000001,0.00010332899999999923
i,c,A/64,True,0,0.00010389499999999968
i,c,A/64,True,0,0.00010517300000000007
i,c,A/64,True,0,0.0001584459999999996
i,c,A/64,True,0,0.00010541500000000106
i,c,A/64,True,0,0.00010313500000000073
i,c,A/64,True,0,0.0001288270000000015
i,c,A/64,True,0,9.731200000000217e-05
i,c,A/64,True,0,0.00010285100000000102
i,c,A/64,True,0,0.00011584400000000383
i,c,A/64,True,0,0.00010575199999999368
i,c,A/64,True,0,0.00011871199999999998
i,c,A/64,True,0,0.0001226549999999993
i,c,A/128,True,0.009146126000000001,0.00030933500000000086
i,c,A/128,True,0,0.0002640409999999996
i,c,A/128,True,0,0.00029014800000000396
i,c,A/128,True,0,0.00029829799999999546
i,c,A/128,True,0,0.00024815400000000043
i,c,A/128,True,0,0.00025331299999999807
i,c,A/128,True,0,0.0002534100000000025
i,c,A/128,True,0,0.0002951719999999963
i,c,A/128,True,0,0.00027822300000000105
i,c,A/128,True,0,0.0002701719999999991
i,c,A/128,True,0,0.00025439099999999965
i,c,A/128,True,0,0.0003097669999999955
i,c,A/128,True,0,0.00026587899999999665
i,c,A/256,True,0.017545654,0.002282048000000002
i,c,A/256,True,0,0.0023460689999999992
i,c,A/256,True,0,0.0024312599999999976
i,c,A/256,True,0,0.002451874999999999
i,c,A/256,True,0,0.0023098930000000004
i,c,A/256,True,0,0.0024868240000000125
i,c,A/256,True,0,0.0024079759999999922
i,c,A/256,True,0,0.0022615980000000035
i,c,A/256,True,0,0.0023311759999999904
i,c,A/256,True,0,0.0023808810000000014
i,c,A/256,True,0,0.002370678000000001
i,c,A/256,True,0,0.002303131
i,c,A/256,True,0,0.002346872
i,c,A/512,True,0.032443427999999996,0.013806115
i,c,A/512,True,0,0.013787961000000001
i,c,A/512,True,0,0.01335981
i,c,A/512,True,0,0.01341059
i,c,A/512,True,0,0.013481752000000014
i,c,A/512,True,0,0.012715485999999998
i,c,A/512,True,0,0.013345033000000006
i,c,A/512,True,0,0.012506813000000006
i,c,A/512,True,0,0.012950661000000002
i,c,A/512,True,0,0.012728285000000006
i,c,A/512,True,0,0.013751522999999988
i,c,A/512,True,0,0.013657682000000004
i,c,A/512,True,0,0.013330153000000011
i,c,A/1024,True,0.062531317,0.07559402400000001
i,c,A/1024,True,0,0.06752269600000002
i,c,A/1024,True,0,0.0717835
i,c,A/1024,True,0,0.06834622599999995
i,c,A/1024,True,0,0.06649969299999997
i,c,A/1024,True,0,0.06762741900000002
i,c,A/1024,True,0,0.06837728899999995
i,c,A/1024,True,0,0.07104334000000001
i,c,A/1024,True,0,0.068619804
i,c,A/1024,True,0,0.07201519300000003
i,c,A/1024,True,0,0.06966881199999997
i,c,A/1024,True,0,0.06936209599999998
i,c,A/1024,True,0,0.06768348499999988
i,c,A/2048,True,0.12552793499999998,0.377724263
i,c,A/2048,True,0,0.37282192299999994
i,c,A/2048,True,0,0.37283088099999995
i,c,A/2048,True,0,0.3797578159999999
i,c,A/2048,True,0,0.38649549299999975
i,c,A/2048,True,0,0.3714362590000002
i,c,A/2048,True,0,0.37750915800000007
i,c,A/2048,True,0,0.37592304100000007
i,c,A/2048,True,0,0.38824641599999987
i,c,A/2048,True,0,0.3626091659999999
i,c,A/2048,True,0,0.37796441999999963
i,c,A/2048,True,0,0.3691274729999998
i,c,A/2048,True,0,0.38330358500000017
i,c,A/4096,True,0.25832024400000003,1.690835967
i,c,A/4096,True,0,1.6407463089999998
i,c,A/4096,True,0,1.6920775689999994
i,c,A/4096,True,0,1.6317779049999999
i,c,A/4096,True,0,1.6530690980000005
i,c,A/4096,True,0,1.639197320000001
i,c,A/4096,True,0,1.6249074560000007
i,c,A/4096,True,0,1.6272554909999997
i,c,A/4096,True,0,1.6508939760000008
i,c,A/4096,True,0,1.6321482399999994
i,c,A/4096,True,0,1.6514070860000025
i,c,A/4096,True,0,1.6351473210000016
i,c,A/4096,True,0,1.682639377000001
i,c,A/8192,True,0.49393244099999994,6.527915079
i,c,A/8192,True,0,6.497664889
i,c,A/8192,True,0,6.584798100999999
i,c,A/8192,True,0,6.5404206689999995
i,c,A/8192,True,0,6.682887816000001
i,c,A/8192,True,0,6.532091777000005
i,c,A/8192,True,0,6.627590321
i,c,A/8192,True,0,6.476504892000001
i,c,A/8192,True,0,6.621065931000004
i,c,A/8192,True,0,6.456856333999994
i,c,A/8192,True,0,6.626088597000006
i,c,A/8192,True,0,6.556462228000001
i,c,A/8192,True,0,6.636999790000004
i,c,A/16384,True,0.9913697980000001,27.128359469
i,c,A/16384,True,0,26.674582995
i,c,A/16384,True,0,26.973775122999996
i,c,A/16384,True,0,27.106984006000005
i,c,A/16384,True,0,27.168886889000007
i,c,A/16384,True,0,26.872041378999995
i,c,A/16384,True,0,27.193784052000012
i,c,A/16384,True,0,26.687544704000004
i,c,A/16384,True,0,27.017172595999995
i,c,A/16384,True,0,26.841884841999985
i,c,A/16384,True,0,26.763063004999992
i,c,A/16384,True,0,26.787977728999977
i,c,A/16384,True,0,26.775458217999983
i,c,A/32768,True,1.94559498,111.925440567
i,c,A/32768,True,0,111.97896294899999
i,c,A/32768,True,0,113.44594810200002
i,c,A/32768,True,0,113.55769559599997
i,c,A/32768,True,0,112.95590619099994
i,c,A/32768,True,0,113.227767481
i,c,A/32768,True,0,113.64505653499998
i,c,A/32768,True,0,115.13666551200004
i,c,A/32768,True,0,113.8182887239999
i,c,A/32768,True,0,116.75358600499999
i,c,A/32768,True,0,115.13534149600014
i,c,A/32768,True,0,115.57919509500016
i,c,A/32768,True,0,115.24309910300008
i,c,A/65536,True,4.0190285,464.011336462
i,c,A/65536,True,0,470.28766446000003
i,c,A/65536,True,0,476.720594873
i,c,A/65536,True,0,475.0968498
i,c,A/65536,True,0,473.281610837
i,c,A/65536,True,0,492.34455584900024
i,c,A/65536,True,0,487.80255015500006
i,c,A/65536,True,0,481.54488932999993
i,c,A/65536,True,0,483.95893146200024
i,c,A/65536,True,0,483.9749196399998
i,c,A/65536,True,0,495.7897198219998
i,c,A/65536,True,0,487.49609579499975
i,c,A/65536,True,0,490.1411938780002
