sortType,cost,file,sorted,preProcessTime,sortTime
m,c,C/1,True,0.0002195270000000006,3.0189999999999384e-06
m,c,C/1,True,0,2.8899999999984494e-06
m,c,C/1,True,0,3.8239999999994945e-06
m,c,C/1,True,0,3.8800000000012436e-06
m,c,C/1,True,0,3.2750000000004997e-06
m,c,C/1,True,0,3.249000000000307e-06
m,c,C/1,True,0,3.201000000001286e-06
m,c,C/1,True,0,3.335999999999617e-06
m,c,C/1,True,0,3.1160000000009236e-06
m,c,C/1,True,0,4.080000000000056e-06
m,c,C/1,True,0,4.0850000000008935e-06
m,c,C/1,True,0,3.908999999999857e-06
m,c,C/1,True,0,3.8940000000008135e-06
m,c,C/2,True,0.0003506439999999972,6.996999999998171e-06
m,c,C/2,True,0,6.0979999999995205e-06
m,c,C/2,True,0,6.795000000000412e-06
m,c,C/2,True,0,6.412000000000778e-06
m,c,C/2,True,0,5.985000000000018e-06
m,c,C/2,True,0,5.6429999999996205e-06
m,c,C/2,True,0,5.306999999999534e-06
m,c,C/2,True,0,5.388000000002002e-06
m,c,C/2,True,0,5.259999999999987e-06
m,c,C/2,True,0,5.246999999999891e-06
m,c,C/2,True,0,5.204000000001707e-06
m,c,C/2,True,0,5.411999999999778e-06
m,c,C/2,True,0,5.141999999999647e-06
m,c,C/4,True,0.0005691079999999987,1.1009999999998799e-05
m,c,C/4,True,0,2.35970000000002e-05
m,c,C/4,True,0,8.72400000000162e-06
m,c,C/4,True,0,9.212999999997501e-06
m,c,C/4,True,0,9.349000000002244e-06
m,c,C/4,True,0,4.1875000000000245e-05
m,c,C/4,True,0,9.378000000000858e-06
m,c,C/4,True,0,1.695399999999958e-05
m,c,C/4,True,0,2.2798000000000956e-05
m,c,C/4,True,0,5.885199999999813e-05
m,c,C/4,True,0,1.0203000000000295e-05
m,c,C/4,True,0,9.888000000003033e-06
m,c,C/4,True,0,1.1370999999999604e-05
m,c,C/8,True,0.0007586730000000014,2.047599999999844e-05
m,c,C/8,True,0,3.448900000000213e-05
m,c,C/8,True,0,5.528599999999814e-05
m,c,C/8,True,0,1.6188999999999787e-05
m,c,C/8,True,0,1.6643999999999687e-05
m,c,C/8,True,0,1.7098000000000113e-05
m,c,C/8,True,0,3.1807999999997755e-05
m,c,C/8,True,0,1.5469000000000593e-05
m,c,C/8,True,0,3.0315999999998983e-05
m,c,C/8,True,0,1.5559999999997798e-05
m,c,C/8,True,0,1.6504000000000518e-05
m,c,C/8,True,0,1.654400000000028e-05
m,c,C/8,True,0,1.5245000000000536e-05
m,c,C/16,True,0.001287016999999998,3.4487999999999186e-05
m,c,C/16,True,0,3.142200000000317e-05
m,c,C/16,True,0,5.107700000000007e-05
m,c,C/16,True,0,3.3022000000000606e-05
m,c,C/16,True,0,5.284199999999739e-05
m,c,C/16,True,0,3.322000000000047e-05
m,c,C/16,True,0,6.73129999999994e-05
m,c,C/16,True,0,3.259900000000121e-05
m,c,C/16,True,0,3.362399999999946e-05
m,c,C/16,True,0,3.2814000000002536e-05
m,c,C/16,True,0,3.507399999999952e-05
m,c,C/16,True,0,3.5369999999999846e-05
m,c,C/16,True,0,4.991600000000054e-05
m,c,C/32,True,0.002374000000000001,0.00011152600000000068
m,c,C/32,True,0,7.32370000000003e-05
m,c,C/32,True,0,7.474799999999948e-05
m,c,C/32,True,0,6.727299999999964e-05
m,c,C/32,True,0,6.87589999999981e-05
m,c,C/32,True,0,6.468299999999941e-05
m,c,C/32,True,0,6.452600000000225e-05
m,c,C/32,True,0,8.758400000000166e-05
m,c,C/32,True,0,0.0001013839999999995
m,c,C/32,True,0,8.458999999999897e-05
m,c,C/32,True,0,8.03640000000029e-05
m,c,C/32,True,0,7.196900000000159e-05
m,c,C/32,True,0,6.820400000000226e-05
m,c,C/64,True,0.004536040999999998,0.00019731900000000135
m,c,C/64,True,0,0.00020793499999999937
m,c,C/64,True,0,0.000155222
m,c,C/64,True,0,0.00023528800000000016
m,c,C/64,True,0,0.00018119399999999564
m,c,C/64,True,0,0.00017890500000000004
m,c,C/64,True,0,0.0001597339999999947
m,c,C/64,True,0,0.00015465399999999713
m,c,C/64,True,0,0.00015392699999999815
m,c,C/64,True,0,0.000178422999999997
m,c,C/64,True,0,0.00015191800000000089
m,c,C/64,True,0,0.0001694740000000028
m,c,C/64,True,0,0.00021247500000000363
m,c,C/128,True,0.009143960999999999,0.00042713199999999674
m,c,C/128,True,0,0.0004468730000000004
m,c,C/128,True,0,0.00034831800000000024
m,c,C/128,True,0,0.00034903099999999965
m,c,C/128,True,0,0.00039593600000000645
m,c,C/128,True,0,0.0003366429999999976
m,c,C/128,True,0,0.0003343609999999983
m,c,C/128,True,0,0.00044846600000000153
m,c,C/128,True,0,0.0002899579999999999
m,c,C/128,True,0,0.0003154510000000013
m,c,C/128,True,0,0.00030759800000000614
m,c,C/128,True,0,0.00029564999999999453
m,c,C/128,True,0,0.00030905299999999664
m,c,C/256,True,0.016836834999999998,0.0007428910000000025
m,c,C/256,True,0,0.0007678480000000015
m,c,C/256,True,0,0.0008956149999999954
m,c,C/256,True,0,0.0007123439999999967
m,c,C/256,True,0,0.0007208339999999966
m,c,C/256,True,0,0.0007572290000000051
m,c,C/256,True,0,0.0007318720000000015
m,c,C/256,True,0,0.0008301629999999949
m,c,C/256,True,0,0.0007184340000000039
m,c,C/256,True,0,0.0006956470000000076
m,c,C/256,True,0,0.0006755339999999915
m,c,C/256,True,0,0.0007217730000000089
m,c,C/256,True,0,0.000711930999999999
m,c,C/512,True,0.033575725,0.0015919880000000025
m,c,C/512,True,0,0.0017130500000000076
m,c,C/512,True,0,0.0018895530000000021
m,c,C/512,True,0,0.0016424970000000066
m,c,C/512,True,0,0.0015926279999999987
m,c,C/512,True,0,0.0017679660000000097
m,c,C/512,True,0,0.001691480000000009
m,c,C/512,True,0,0.0015846850000000023
m,c,C/512,True,0,0.0016535490000000042
m,c,C/512,True,0,0.001708232000000004
m,c,C/512,True,0,0.0018531839999999938
m,c,C/512,True,0,0.001667287999999989
m,c,C/512,True,0,0.001776338999999988
m,c,C/1024,True,0.064410451,0.0034706000000000042
m,c,C/1024,True,0,0.0037885649999999937
m,c,C/1024,True,0,0.0036388999999999866
m,c,C/1024,True,0,0.0036915240000000016
m,c,C/1024,True,0,0.0037803260000000005
m,c,C/1024,True,0,0.0037001649999999775
m,c,C/1024,True,0,0.0035727779999999987
m,c,C/1024,True,0,0.0035981660000000137
m,c,C/1024,True,0,0.003922685000000009
m,c,C/1024,True,0,0.003614721000000015
m,c,C/1024,True,0,0.0037136040000000092
m,c,C/1024,True,0,0.003917052000000004
m,c,C/1024,True,0,0.0034795149999999886
m,c,C/2048,True,0.128139646,0.008105036999999982
m,c,C/2048,True,0,0.007993647999999992
m,c,C/2048,True,0,0.007841976
m,c,C/2048,True,0,0.007981162000000014
m,c,C/2048,True,0,0.007741192000000008
m,c,C/2048,True,0,0.007481844000000015
m,c,C/2048,True,0,0.008140892999999982
m,c,C/2048,True,0,0.007881088999999952
m,c,C/2048,True,0,0.008230055999999986
m,c,C/2048,True,0,0.007893923999999997
m,c,C/2048,True,0,0.009469281999999968
m,c,C/2048,True,0,0.0076788130000000066
m,c,C/2048,True,0,0.008125254999999998
m,c,C/4096,True,0.25219940900000004,0.017196712999999975
m,c,C/4096,True,0,0.017690769999999967
m,c,C/4096,True,0,0.017502287000000005
m,c,C/4096,True,0,0.017520336000000025
m,c,C/4096,True,0,0.017677789
m,c,C/4096,True,0,0.017443170999999924
m,c,C/4096,True,0,0.016783776000000028
m,c,C/4096,True,0,0.017012797999999996
m,c,C/4096,True,0,0.01749694200000007
m,c,C/4096,True,0,0.01792993900000006
m,c,C/4096,True,0,0.016860253000000047
m,c,C/4096,True,0,0.01753950500000001
m,c,C/4096,True,0,0.016808913999999953
m,c,C/8192,True,0.503266459,0.045790923999999955
m,c,C/8192,True,0,0.03709633400000001
m,c,C/8192,True,0,0.03712563300000005
m,c,C/8192,True,0,0.03588424800000001
m,c,C/8192,True,0,0.03772640400000005
m,c,C/8192,True,0,0.036853309000000056
m,c,C/8192,True,0,0.03556103499999996
m,c,C/8192,True,0,0.03695710799999996
m,c,C/8192,True,0,0.03528313899999991
m,c,C/8192,True,0,0.037224182999999966
m,c,C/8192,True,0,0.03755225899999992
m,c,C/8192,True,0,0.03671017599999993
m,c,C/8192,True,0,0.03780114499999998
m,c,C/16384,True,1.002397149,0.074783606
m,c,C/16384,True,0,0.07872966999999997
m,c,C/16384,True,0,0.07792010599999988
m,c,C/16384,True,0,0.07908060299999997
m,c,C/16384,True,0,0.07693994599999998
m,c,C/16384,True,0,0.07428528599999984
m,c,C/16384,True,0,0.07856194699999985
m,c,C/16384,True,0,0.07806095599999985
m,c,C/16384,True,0,0.07994871199999976
m,c,C/16384,True,0,0.0809134170000001
m,c,C/16384,True,0,0.07849705500000015
m,c,C/16384,True,0,0.0747947520000003
m,c,C/16384,True,0,0.07857785900000014
m,c,C/32768,True,2.022783213,0.16724858599999992
m,c,C/32768,True,0,0.1737837820000001
m,c,C/32768,True,0,0.17146881299999972
m,c,C/32768,True,0,0.17003816599999988
m,c,C/32768,True,0,0.17061635399999986
m,c,C/32768,True,0,0.1731246870000005
m,c,C/32768,True,0,0.17375003899999975
m,c,C/32768,True,0,0.17391209100000005
m,c,C/32768,True,0,0.16724824900000002
m,c,C/32768,True,0,0.17316564199999984
m,c,C/32768,True,0,0.1732054869999997
m,c,C/32768,True,0,0.17330212199999995
m,c,C/32768,True,0,0.17505424400000003
m,c,C/65536,True,4.082757287,0.35808660999999997
m,c,C/65536,True,0,0.35702552500000007
m,c,C/65536,True,0,0.359822662
m,c,C/65536,True,0,0.3588122700000005
m,c,C/65536,True,0,0.3612976890000006
m,c,C/65536,True,0,0.3636914040000008
m,c,C/65536,True,0,0.37305471200000007
m,c,C/65536,True,0,0.3701666450000012
m,c,C/65536,True,0,0.3648567939999996
m,c,C/65536,True,0,0.37244192700000056
m,c,C/65536,True,0,0.38139999699999905
m,c,C/65536,True,0,0.3629107719999993
m,c,C/65536,True,0,0.36609155600000065
m,c,C/131072,True,8.25288499,0.7510975809999998
m,c,C/131072,True,0,0.7637332780000001
m,c,C/131072,True,0,0.7492694580000006
m,c,C/131072,True,0,0.7616292139999992
m,c,C/131072,True,0,0.7804728080000025
m,c,C/131072,True,0,0.7736592770000001
m,c,C/131072,True,0,0.7849576829999982
m,c,C/131072,True,0,0.8055138549999974
m,c,C/131072,True,0,0.7696098979999988
m,c,C/131072,True,0,0.7742288839999993
m,c,C/131072,True,0,0.7847193760000017
m,c,C/131072,True,0,0.7731677519999991
m,c,C/131072,True,0,0.7798112720000034
m,c,C/262144,True,16.375155341,1.5929989650000032
m,c,C/262144,True,0,1.5990620569999976
m,c,C/262144,True,0,1.6211690430000019
m,c,C/262144,True,0,1.634749676000002
m,c,C/262144,True,0,1.6227041349999993
m,c,C/524288,True,32.589479096,3.2775193450000017
m,c,C/524288,True,0,3.3084701489999944
m,c,C/524288,True,0,3.327093485000006
m,c,C/524288,True,0,3.3096193359999972
m,c,C/524288,True,0,3.389272865999999
m,c,C/1048576,True,65.350666328,6.698694094000004
m,c,C/1048576,True,0,6.803970218999993
m,c,C/1048576,True,0,6.933607710999993
m,c,C/1048576,True,0,6.884617672000019
m,c,C/1048576,True,0,7.113202661999992
m,c,C/2097152,True,130.519663208,14.297373783000012
m,c,C/2097152,True,0,14.890767821999987
m,c,C/2097152,True,0,14.990129553999992
m,c,C/2097152,True,0,15.120171329000016
m,c,C/2097152,True,0,15.078859835999992
m,c,B/1,True,0.0003282459999999973,4.150000000001375e-06
m,c,B/1,True,0,4.569999999995411e-06
m,c,B/1,True,0,4.735999999998242e-06
m,c,B/1,True,0,4.166999999999366e-06
m,c,B/1,True,0,4.232999999999321e-06
m,c,B/1,True,0,4.1069999999962525e-06
m,c,B/1,True,0,3.856000000003468e-06
m,c,B/1,True,0,4.238000000003628e-06
m,c,B/1,True,0,4.300999999998223e-06
m,c,B/1,True,0,4.209999999997549e-06
m,c,B/1,True,0,4.1869999999957774e-06
m,c,B/1,True,0,4.310999999999898e-06
m,c,B/1,True,0,3.984999999998018e-06
m,c,B/2,True,0.000457469000000002,1.0152999999998857e-05
m,c,B/2,True,0,8.24400000000447e-06
m,c,B/2,True,0,8.712999999993531e-06
m,c,B/2,True,0,2.0459999999999923e-05
m,c,B/2,True,0,9.732999999997882e-06
m,c,B/2,True,0,1.8805999999996215e-05
m,c,B/2,True,0,6.435200000000363e-05
m,c,B/2,True,0,1.7325999999998065e-05
m,c,B/2,True,0,8.868000000002152e-06
m,c,B/2,True,0,1.7407000000004003e-05
m,c,B/2,True,0,8.830000000001337e-06
m,c,B/2,True,0,1.7711000000003585e-05
m,c,B/2,True,0,6.004999999999899e-05
m,c,B/4,True,0.0007474120000000029,1.803499999999958e-05
m,c,B/4,True,0,1.471499999999848e-05
m,c,B/4,True,0,1.4878000000002889e-05
m,c,B/4,True,0,1.6157000000002752e-05
m,c,B/4,True,0,1.563899999999785e-05
m,c,B/4,True,0,1.5101000000003473e-05
m,c,B/4,True,0,1.5073000000004333e-05
m,c,B/4,True,0,1.5775000000002593e-05
m,c,B/4,True,0,1.4996000000003229e-05
m,c,B/4,True,0,1.6354000000003144e-05
m,c,B/4,True,0,1.72179999999994e-05
m,c,B/4,True,0,3.23549999999978e-05
m,c,B/4,True,0,1.6936000000002116e-05
m,c,B/8,True,0.0007298340000000021,2.205800000000188e-05
m,c,B/8,True,0,1.7944000000002375e-05
m,c,B/8,True,0,1.8542999999999338e-05
m,c,B/8,True,0,1.8158000000000757e-05
m,c,B/8,True,0,1.7399000000001275e-05
m,c,B/8,True,0,1.7884999999998735e-05
m,c,B/8,True,0,3.3814000000000066e-05
m,c,B/8,True,0,1.7982999999999194e-05
m,c,B/8,True,0,1.8658000000001257e-05
m,c,B/8,True,0,4.7537000000000273e-05
m,c,B/8,True,0,1.759400000000272e-05
m,c,B/8,True,0,1.7437999999998094e-05
m,c,B/8,True,0,1.7390999999998547e-05
m,c,B/16,True,0.0011677420000000029,3.5409000000000135e-05
m,c,B/16,True,0,4.5646999999999355e-05
m,c,B/16,True,0,3.433699999999887e-05
m,c,B/16,True,0,3.540499999999877e-05
m,c,B/16,True,0,3.5994000000001e-05
m,c,B/16,True,0,5.041299999999915e-05
m,c,B/16,True,0,3.349400000000197e-05
m,c,B/16,True,0,5.1110000000000044e-05
m,c,B/16,True,0,3.5269000000000966e-05
m,c,B/16,True,0,5.061400000000091e-05
m,c,B/16,True,0,3.344400000000053e-05
m,c,B/16,True,0,3.3849999999998465e-05
m,c,B/16,True,0,3.505399999999964e-05
m,c,B/32,True,0.0025539110000000025,7.986899999999977e-05
m,c,B/32,True,0,0.00012218500000000035
m,c,B/32,True,0,0.00010589999999999905
m,c,B/32,True,0,8.778200000000153e-05
m,c,B/32,True,0,9.185399999999885e-05
m,c,B/32,True,0,8.002099999999956e-05
m,c,B/32,True,0,0.00012580800000000156
m,c,B/32,True,0,8.653699999999764e-05
m,c,B/32,True,0,6.965299999999938e-05
m,c,B/32,True,0,0.00013772199999999984
m,c,B/32,True,0,7.659900000000011e-05
m,c,B/32,True,0,6.768500000000136e-05
m,c,B/32,True,0,6.976199999999752e-05
m,c,B/64,True,0.004725934000000001,0.0002634750000000026
m,c,B/64,True,0,0.00014282099999999784
m,c,B/64,True,0,0.0001556920000000024
m,c,B/64,True,0,0.0002354739999999994
m,c,B/64,True,0,0.0001531820000000017
m,c,B/64,True,0,0.00020019299999999782
m,c,B/64,True,0,0.0001619849999999999
m,c,B/64,True,0,0.00021182699999999777
m,c,B/64,True,0,0.0002599480000000029
m,c,B/64,True,0,0.00019968999999999543
m,c,B/64,True,0,0.00014204099999999553
m,c,B/64,True,0,0.00014129400000000014
m,c,B/64,True,0,0.00014133599999999885
m,c,B/128,True,0.008620041000000002,0.0003903570000000009
m,c,B/128,True,0,0.000407406000000006
m,c,B/128,True,0,0.00039944199999999985
m,c,B/128,True,0,0.000380479000000003
m,c,B/128,True,0,0.00045840099999999717
m,c,B/128,True,0,0.0003244790000000025
m,c,B/128,True,0,0.0003412320000000038
m,c,B/128,True,0,0.0004010220000000009
m,c,B/128,True,0,0.00033824400000000143
m,c,B/128,True,0,0.00037186900000000384
m,c,B/128,True,0,0.00028683800000000453
m,c,B/128,True,0,0.00036218600000000045
m,c,B/128,True,0,0.00035452999999999874
m,c,B/256,True,0.015956578000000003,0.0008096400000000004
m,c,B/256,True,0,0.0007715739999999971
m,c,B/256,True,0,0.0007718260000000032
m,c,B/256,True,0,0.0008045919999999998
m,c,B/256,True,0,0.0007342460000000009
m,c,B/256,True,0,0.0007023229999999978
m,c,B/256,True,0,0.0007455690000000015
m,c,B/256,True,0,0.0007379039999999976
m,c,B/256,True,0,0.0007342720000000011
m,c,B/256,True,0,0.000803329999999991
m,c,B/256,True,0,0.0007595089999999916
m,c,B/256,True,0,0.0007210279999999986
m,c,B/256,True,0,0.0007492330000000019
m,c,B/512,True,0.032149458000000006,0.0017180600000000004
m,c,B/512,True,0,0.0017724509999999943
m,c,B/512,True,0,0.0016487550000000017
m,c,B/512,True,0,0.0015708070000000074
m,c,B/512,True,0,0.001416069000000006
m,c,B/512,True,0,0.0016043160000000084
m,c,B/512,True,0,0.0014685400000000043
m,c,B/512,True,0,0.0018712870000000131
m,c,B/512,True,0,0.0017395429999999962
m,c,B/512,True,0,0.0017177879999999979
m,c,B/512,True,0,0.0017458500000000071
m,c,B/512,True,0,0.001505430000000002
m,c,B/512,True,0,0.0014900519999999917
m,c,B/1024,True,0.066093034,0.004072195000000001
m,c,B/1024,True,0,0.003427760000000002
m,c,B/1024,True,0,0.003966480999999994
m,c,B/1024,True,0,0.0035340640000000034
m,c,B/1024,True,0,0.003966957999999993
m,c,B/1024,True,0,0.0038723930000000018
m,c,B/1024,True,0,0.004258743000000009
m,c,B/1024,True,0,0.0036759499999999834
m,c,B/1024,True,0,0.0035565690000000094
m,c,B/1024,True,0,0.003602167999999989
m,c,B/1024,True,0,0.003759137999999995
m,c,B/1024,True,0,0.003817042999999992
m,c,B/1024,True,0,0.0035669930000000183
m,c,B/2048,True,0.12402932700000001,0.008420237999999997
m,c,B/2048,True,0,0.007941535999999999
m,c,B/2048,True,0,0.008088109999999982
m,c,B/2048,True,0,0.008741399999999983
m,c,B/2048,True,0,0.008459923000000036
m,c,B/2048,True,0,0.008529484999999948
m,c,B/2048,True,0,0.008248509999999987
m,c,B/2048,True,0,0.007610791999999977
m,c,B/2048,True,0,0.008205603000000006
m,c,B/2048,True,0,0.008270910999999992
m,c,B/2048,True,0,0.007528351000000044
m,c,B/2048,True,0,0.007854768999999984
m,c,B/2048,True,0,0.008143733000000042
m,c,B/4096,True,0.259060766,0.01828069099999996
m,c,B/4096,True,0,0.018714905000000004
m,c,B/4096,True,0,0.01863715699999996
m,c,B/4096,True,0,0.018411047999999985
m,c,B/4096,True,0,0.017499329000000063
m,c,B/4096,True,0,0.018719051000000042
m,c,B/4096,True,0,0.017209852999999997
m,c,B/4096,True,0,0.01805709099999997
m,c,B/4096,True,0,0.017206845999999998
m,c,B/4096,True,0,0.0185759350000001
m,c,B/4096,True,0,0.01884924099999996
m,c,B/4096,True,0,0.017876905000000054
m,c,B/4096,True,0,0.01872973500000008
m,c,B/8192,True,0.49243594599999996,0.03711769599999992
m,c,B/8192,True,0,0.03666543600000005
m,c,B/8192,True,0,0.037978761999999944
m,c,B/8192,True,0,0.03843477900000003
m,c,B/8192,True,0,0.03777625200000001
m,c,B/8192,True,0,0.03881529599999989
m,c,B/8192,True,0,0.037480978000000054
m,c,B/8192,True,0,0.037947728000000014
m,c,B/8192,True,0,0.038852665000000064
m,c,B/8192,True,0,0.038626438000000096
m,c,B/8192,True,0,0.03953467299999991
m,c,B/8192,True,0,0.03916366300000007
m,c,B/8192,True,0,0.03935727600000005
m,c,B/16384,True,1.01066037,0.07933248599999998
m,c,B/16384,True,0,0.08126295900000002
m,c,B/16384,True,0,0.08164465599999993
m,c,B/16384,True,0,0.07883979199999991
m,c,B/16384,True,0,0.08261823700000015
m,c,B/16384,True,0,0.08033176900000027
m,c,B/16384,True,0,0.08132074600000028
m,c,B/16384,True,0,0.07525155200000011
m,c,B/16384,True,0,0.08034535999999992
m,c,B/16384,True,0,0.07796014299999987
m,c,B/16384,True,0,0.07759563000000025
m,c,B/16384,True,0,0.07920383499999994
m,c,B/16384,True,0,0.07752867800000018
m,c,B/32768,True,2.021546605,0.1822947560000001
m,c,B/32768,True,0,0.17768743100000028
m,c,B/32768,True,0,0.17014923199999998
m,c,B/32768,True,0,0.17206862899999997
m,c,B/32768,True,0,0.171406846
m,c,B/32768,True,0,0.17401286199999966
m,c,B/32768,True,0,0.17414919500000003
m,c,B/32768,True,0,0.17200115899999968
m,c,B/32768,True,0,0.1725699900000004
m,c,B/32768,True,0,0.17658272799999963
m,c,B/32768,True,0,0.17276897400000024
m,c,B/32768,True,0,0.17116501300000042
m,c,B/32768,True,0,0.17027490200000006
m,c,B/65536,True,4.059561508000001,0.3569683580000005
m,c,B/65536,True,0,0.3569249120000002
m,c,B/65536,True,0,0.37752977600000026
m,c,B/65536,True,0,0.36597067900000013
m,c,B/65536,True,0,0.36817822899999975
m,c,B/65536,True,0,0.37500058500000044
m,c,B/65536,True,0,0.3728423860000003
m,c,B/65536,True,0,0.3700028539999991
m,c,B/65536,True,0,0.37128710300000023
m,c,B/65536,True,0,0.3717824699999994
m,c,B/65536,True,0,0.3813738020000006
m,c,B/65536,True,0,0.3754002199999995
m,c,B/65536,True,0,0.3676690090000001
m,c,B/131072,True,8.09283894,0.7638834800000005
m,c,B/131072,True,0,0.7675241359999987
m,c,B/131072,True,0,0.7577433500000001
m,c,B/131072,True,0,0.7896477810000011
m,c,B/131072,True,0,0.8098129969999981
m,c,B/131072,True,0,0.7802251430000027
m,c,B/131072,True,0,0.7799988660000032
m,c,B/131072,True,0,0.7831166500000002
m,c,B/131072,True,0,0.7847364179999978
m,c,B/131072,True,0,0.7733297209999996
m,c,B/131072,True,0,0.7860980909999995
m,c,B/131072,True,0,0.7803892789999978
m,c,B/131072,True,0,0.7842210840000021
m,c,B/262144,True,16.619223037,1.5768245360000002
m,c,B/262144,True,0,1.5928440869999996
m,c,B/262144,True,0,1.592015344
m,c,B/262144,True,0,1.6348687769999977
m,c,B/262144,True,0,1.6354664569999997
m,c,B/524288,True,33.004936004,3.3741667379999996
m,c,B/524288,True,0,3.3585927339999984
m,c,B/524288,True,0,3.4194483989999966
m,c,B/524288,True,0,3.5205821699999973
m,c,B/524288,True,0,3.4858849370000087
m,c,B/1048576,True,66.628810934,7.205286385999997
m,c,B/1048576,True,0,7.279118437999998
m,c,B/1048576,True,0,7.3071441900000025
m,c,B/1048576,True,0,7.264473795999976
m,c,B/1048576,True,0,7.491778664999998
m,c,B/2097152,True,131.773032743,14.934534061999983
m,c,B/2097152,True,0,15.022981109
m,c,B/2097152,True,0,15.169414224999997
m,c,B/2097152,True,0,15.157110934000002
m,c,B/2097152,True,0,15.388478059000022
m,c,A/1,True,0.00022955599999999882,2.8110000000018676e-06
m,c,A/1,True,0,3.767000000001741e-06
m,c,A/1,True,0,4.095999999998573e-06
m,c,A/1,True,0,2.608000000001165e-06
m,c,A/1,True,0,2.8870000000000284e-06
m,c,A/1,True,0,2.4200000000029753e-06
m,c,A/1,True,0,2.4529999999994834e-06
m,c,A/1,True,0,2.4420000000052733e-06
m,c,A/1,True,0,2.432000000003598e-06
m,c,A/1,True,0,2.4199999999960364e-06
m,c,A/1,True,0,2.531000000000061e-06
m,c,A/1,True,0,2.4169999999976155e-06
m,c,A/1,True,0,2.8100000000058634e-06
m,c,A/2,True,0.0003260420000000021,7.081999999998534e-06
m,c,A/2,True,0,5.813999999999819e-06
m,c,A/2,True,0,2.1208000000001725e-05
m,c,A/2,True,0,6.756000000000123e-06
m,c,A/2,True,0,6.11200000000256e-06
m,c,A/2,True,0,5.738999999997663e-06
m,c,A/2,True,0,5.760000000000487e-06
m,c,A/2,True,0,5.620000000001318e-06
m,c,A/2,True,0,5.369000000001595e-06
m,c,A/2,True,0,5.642000000000147e-06
m,c,A/2,True,0,5.782000000002785e-06
m,c,A/2,True,0,5.569999999999881e-06
m,c,A/2,True,0,5.530999999999592e-06
m,c,A/4,True,0.00044922400000000154,1.2110999999998678e-05
m,c,A/4,True,0,9.91499999999923e-06
m,c,A/4,True,0,1.0099999999998999e-05
m,c,A/4,True,0,2.0519999999999566e-05
m,c,A/4,True,0,9.813000000000877e-06
m,c,A/4,True,0,9.678000000002546e-06
m,c,A/4,True,0,1.9158000000001757e-05
m,c,A/4,True,0,1.0460999999999804e-05
m,c,A/4,True,0,2.0492000000000427e-05
m,c,A/4,True,0,1.951499999999773e-05
m,c,A/4,True,0,1.9389999999997604e-05
m,c,A/4,True,0,1.9537000000000027e-05
m,c,A/4,True,0,9.234000000000325e-06
m,c,A/8,True,0.0006070399999999997,1.8643000000002213e-05
m,c,A/8,True,0,3.304900000000027e-05
m,c,A/8,True,0,2.0311000000002022e-05
m,c,A/8,True,0,3.4957000000002125e-05
m,c,A/8,True,0,1.7254999999997273e-05
m,c,A/8,True,0,1.7874000000001056e-05
m,c,A/8,True,0,1.6168000000000432e-05
m,c,A/8,True,0,1.6250000000002374e-05
m,c,A/8,True,0,1.5839999999999604e-05
m,c,A/8,True,0,1.632500000000106e-05
m,c,A/8,True,0,3.3842000000002675e-05
m,c,A/8,True,0,3.2234999999998515e-05
m,c,A/8,True,0,3.212599999999691e-05
m,c,A/16,True,0.001466578999999999,5.4637999999999215e-05
m,c,A/16,True,0,4.879699999999973e-05
m,c,A/16,True,0,7.332399999999961e-05
m,c,A/16,True,0,3.518900000000144e-05
m,c,A/16,True,0,3.6092000000001456e-05
m,c,A/16,True,0,4.927700000000035e-05
m,c,A/16,True,0,3.79629999999985e-05
m,c,A/16,True,0,3.738399999999795e-05
m,c,A/16,True,0,3.763500000000114e-05
m,c,A/16,True,0,3.740799999999919e-05
m,c,A/16,True,0,3.941600000000045e-05
m,c,A/16,True,0,3.7798999999998084e-05
m,c,A/16,True,0,5.2717000000000735e-05
m,c,A/32,True,0.002378016,0.00014333999999999875
m,c,A/32,True,0,8.429399999999865e-05
m,c,A/32,True,0,7.213400000000147e-05
m,c,A/32,True,0,0.00012143099999999823
m,c,A/32,True,0,7.167500000000021e-05
m,c,A/32,True,0,8.560900000000038e-05
m,c,A/32,True,0,7.261699999999705e-05
m,c,A/32,True,0,0.00010510999999999854
m,c,A/32,True,0,8.77289999999982e-05
m,c,A/32,True,0,7.045599999999999e-05
m,c,A/32,True,0,0.00012279899999999982
m,c,A/32,True,0,8.800000000000127e-05
m,c,A/32,True,0,8.753600000000264e-05
m,c,A/64,True,0.004686835,0.00018815800000000077
m,c,A/64,True,0,0.00016676100000000138
m,c,A/64,True,0,0.0001807100000000006
m,c,A/64,True,0,0.0001610049999999988
m,c,A/64,True,0,0.00021359299999999803
m,c,A/64,True,0,0.00017513699999999882
m,c,A/64,True,0,0.0001626760000000005
m,c,A/64,True,0,0.00016352399999999823
m,c,A/64,True,0,0.00015857999999999844
m,c,A/64,True,0,0.00013644699999999788
m,c,A/64,True,0,0.0001597620000000008
m,c,A/64,True,0,0.00017724200000000107
m,c,A/64,True,0,0.000188070999999998
m,c,A/128,True,0.008435613000000002,0.0003654070000000016
m,c,A/128,True,0,0.00039966899999999833
m,c,A/128,True,0,0.000370315000000003
m,c,A/128,True,0,0.0003541050000000004
m,c,A/128,True,0,0.0003996210000000028
m,c,A/128,True,0,0.0003891310000000009
m,c,A/128,True,0,0.0003446699999999983
m,c,A/128,True,0,0.0003584879999999971
m,c,A/128,True,0,0.0003325850000000033
m,c,A/128,True,0,0.0003167759999999978
m,c,A/128,True,0,0.00033017300000000305
m,c,A/128,True,0,0.00031841400000000297
m,c,A/128,True,0,0.00031752499999999906
m,c,A/256,True,0.017042928,0.0008958000000000022
m,c,A/256,True,0,0.0009236339999999996
m,c,A/256,True,0,0.0007690080000000016
m,c,A/256,True,0,0.0010136989999999999
m,c,A/256,True,0,0.0010498680000000024
m,c,A/256,True,0,0.0008095480000000002
m,c,A/256,True,0,0.0008047610000000011
m,c,A/256,True,0,0.000886497
m,c,A/256,True,0,0.0009265080000000064
m,c,A/256,True,0,0.0008969159999999976
m,c,A/256,True,0,0.0009167739999999952
m,c,A/256,True,0,0.0008496890000000007
m,c,A/256,True,0,0.0009049510000000011
m,c,A/512,True,0.032977146,0.0022209529999999977
m,c,A/512,True,0,0.0018899399999999927
m,c,A/512,True,0,0.0018278789999999906
m,c,A/512,True,0,0.002006489
m,c,A/512,True,0,0.0018343129999999902
m,c,A/512,True,0,0.0019571169999999943
m,c,A/512,True,0,0.001632051999999995
m,c,A/512,True,0,0.0015912210000000038
m,c,A/512,True,0,0.001823072000000009
m,c,A/512,True,0,0.0019942730000000047
m,c,A/512,True,0,0.00197841
m,c,A/512,True,0,0.0016678879999999924
m,c,A/512,True,0,0.0017439600000000166
m,c,A/1024,True,0.065458404,0.00460033
m,c,A/1024,True,0,0.0040364979999999995
m,c,A/1024,True,0,0.00403278
m,c,A/1024,True,0,0.0042718769999999795
m,c,A/1024,True,0,0.004618061999999978
m,c,A/1024,True,0,0.0040187950000000194
m,c,A/1024,True,0,0.0040950019999999865
m,c,A/1024,True,0,0.0036765240000000143
m,c,A/1024,True,0,0.004242099000000027
m,c,A/1024,True,0,0.004159007999999992
m,c,A/1024,True,0,0.004445412999999981
m,c,A/1024,True,0,0.003995316999999998
m,c,A/1024,True,0,0.0038934849999999743
m,c,A/2048,True,0.127019688,0.009596247000000002
m,c,A/2048,True,0,0.009439447000000017
m,c,A/2048,True,0,0.008583327000000002
m,c,A/2048,True,0,0.00898818899999998
m,c,A/2048,True,0,0.009295836000000002
m,c,A/2048,True,0,0.009121267000000044
m,c,A/2048,True,0,0.009867152999999962
m,c,A/2048,True,0,0.00931146300000002
m,c,A/2048,True,0,0.009277692999999976
m,c,A/2048,True,0,0.008778243000000019
m,c,A/2048,True,0,0.012426648999999956
m,c,A/2048,True,0,0.008977379000000008
m,c,A/2048,True,0,0.008887175000000025
m,c,A/4096,True,0.253247086,0.019618205
m,c,A/4096,True,0,0.019395791999999967
m,c,A/4096,True,0,0.020835775
m,c,A/4096,True,0,0.020142116000000043
m,c,A/4096,True,0,0.020642947000000023
m,c,A/4096,True,0,0.020647407999999978
m,c,A/4096,True,0,0.02071619800000002
m,c,A/4096,True,0,0.021010289999999987
m,c,A/4096,True,0,0.019525975000000084
m,c,A/4096,True,0,0.020785673999999976
m,c,A/4096,True,0,0.02029985099999998
m,c,A/4096,True,0,0.020825671999999962
m,c,A/4096,True,0,0.020536035000000008
m,c,A/8192,True,0.514384502,0.04592904200000003
m,c,A/8192,True,0,0.04611005300000004
m,c,A/8192,True,0,0.04559347600000008
m,c,A/8192,True,0,0.04422001099999995
m,c,A/8192,True,0,0.04489075199999992
m,c,A/8192,True,0,0.04429251099999987
m,c,A/8192,True,0,0.043302971999999995
m,c,A/8192,True,0,0.04398375199999993
m,c,A/8192,True,0,0.04370696900000004
m,c,A/8192,True,0,0.04551762100000012
m,c,A/8192,True,0,0.04454696700000005
m,c,A/8192,True,0,0.04557381699999996
m,c,A/8192,True,0,0.04507005799999986
m,c,A/16384,True,1.034993511,0.1467867439999999
m,c,A/16384,True,0,0.10215936799999992
m,c,A/16384,True,0,0.09840083200000005
m,c,A/16384,True,0,0.09913539800000004
m,c,A/16384,True,0,0.100173136
m,c,A/16384,True,0,0.09959138799999989
m,c,A/16384,True,0,0.10072640700000024
m,c,A/16384,True,0,0.09635400400000016
m,c,A/16384,True,0,0.10715157600000014
m,c,A/16384,True,0,0.10180671800000018
m,c,A/16384,True,0,0.09722858499999987
m,c,A/16384,True,0,0.09908235900000051
m,c,A/16384,True,0,0.09930387899999982
m,c,A/32768,True,2.044233809,0.20979290000000006
m,c,A/32768,True,0,0.21116926699999983
m,c,A/32768,True,0,0.20907482600000016
m,c,A/32768,True,0,0.21344881699999974
m,c,A/32768,True,0,0.21372498299999965
m,c,A/32768,True,0,0.20669171900000016
m,c,A/32768,True,0,0.20381237399999996
m,c,A/32768,True,0,0.2142724119999997
m,c,A/32768,True,0,0.21024854699999995
m,c,A/32768,True,0,0.2115314399999999
m,c,A/32768,True,0,0.21638603800000045
m,c,A/32768,True,0,0.21564154499999866
m,c,A/32768,True,0,0.21071970799999917
m,c,A/65536,True,4.143889246,0.4687167850000007
m,c,A/65536,True,0,0.4670592340000006
m,c,A/65536,True,0,0.47730722000000014
m,c,A/65536,True,0,0.46365553899999945
m,c,A/65536,True,0,0.482017067000001
m,c,A/65536,True,0,0.46380708899999945
m,c,A/65536,True,0,0.4720643329999987
m,c,A/65536,True,0,0.46725762400000015
m,c,A/65536,True,0,0.4705113409999999
m,c,A/65536,True,0,0.46765766500000083
m,c,A/65536,True,0,0.4800665800000008
m,c,A/65536,True,0,0.47009696499999976
m,c,A/65536,True,0,0.4792701390000005
m,c,A/131072,True,8.180188508999999,1.0014127349999988
m,c,A/131072,True,0,1.0207163799999996
m,c,A/131072,True,0,1.0316869000000004
m,c,A/131072,True,0,1.0490372249999993
m,c,A/131072,True,0,1.027341100000001
m,c,A/131072,True,0,1.032620982000001
m,c,A/131072,True,0,1.039005565
m,c,A/131072,True,0,1.0440825369999978
m,c,A/131072,True,0,1.0397454760000002
m,c,A/131072,True,0,1.0302867910000018
m,c,A/131072,True,0,1.0352984519999993
m,c,A/131072,True,0,1.044929375999999
m,c,A/131072,True,0,1.038466266999997
m,c,A/262144,True,16.382895172,2.228322055000003
m,c,A/262144,True,0,2.277899858999998
m,c,A/262144,True,0,2.258278916000002
m,c,A/262144,True,0,2.276260018000002
m,c,A/262144,True,0,2.229406417
m,c,A/524288,True,32.388240378999996,4.772849700000002
m,c,A/524288,True,0,4.898980954000002
m,c,A/524288,True,0,5.027541740999993
m,c,A/524288,True,0,4.994118612999998
m,c,A/524288,True,0,5.010063568999996
m,c,A/1048576,True,66.116234118,10.390927685999998
m,c,A/1048576,True,0,10.685335045999992
m,c,A/1048576,True,0,10.785353474000004
m,c,A/1048576,True,0,10.961777875000024
m,c,A/1048576,True,0,11.082464947999995
m,c,A/2097152,True,133.68640452800003,23.124282980999993
m,c,A/2097152,True,0,23.914421223999994
m,c,A/2097152,True,0,24.21619289099999
m,c,A/2097152,True,0,24.833909412000025
m,c,A/2097152,True,0,24.63345178100002
