sortType,cost,file,sorted,preProcessTime,sortTime
m,e,C/1,True,0.00027901400000000104,3.1340000000018575e-06
m,e,C/1,True,0,2.640000000001669e-06
m,e,C/1,True,0,3.3169999999992095e-06
m,e,C/1,True,0,4.150000000001375e-06
m,e,C/1,True,0,3.495999999998667e-06
m,e,C/1,True,0,3.1429999999971203e-06
m,e,C/1,True,0,3.638000000000252e-06
m,e,C/1,True,0,3.049000000001495e-06
m,e,C/1,True,0,3.1370000000002785e-06
m,e,C/1,True,0,2.9689999999985006e-06
m,e,C/1,True,0,2.8050000000015562e-06
m,e,C/1,True,0,2.6930000000015275e-06
m,e,C/1,True,0,2.9149999999991683e-06
m,e,C/2,True,0.00029274900000000187,9.276700000000054e-05
m,e,C/2,True,0,0.00015628499999999906
m,e,C/2,True,0,9.98700000000019e-05
m,e,C/2,True,0,0.00013559299999999982
m,e,C/2,True,0,0.0001676709999999977
m,e,C/2,True,0,0.00014789899999999995
m,e,C/2,True,0,0.00016191399999999911
m,e,C/2,True,0,0.00014899500000000246
m,e,C/2,True,0,0.00010415999999999898
m,e,C/2,True,0,0.0001315440000000008
m,e,C/2,True,0,9.654400000000049e-05
m,e,C/2,True,0,0.00013330199999999834
m,e,C/2,True,0,0.00010218999999999853
m,e,C/4,True,0.0004902529999999995,0.0003053840000000023
m,e,C/4,True,0,0.0002896999999999969
m,e,C/4,True,0,0.00032805399999999776
m,e,C/4,True,0,0.00032379800000000014
m,e,C/4,True,0,0.0003285529999999988
m,e,C/4,True,0,0.00032106499999999885
m,e,C/4,True,0,0.00037657099999999916
m,e,C/4,True,0,0.00031942199999999976
m,e,C/4,True,0,0.000333079
m,e,C/4,True,0,0.000320995999999997
m,e,C/4,True,0,0.00033483899999999997
m,e,C/4,True,0,0.0002913060000000016
m,e,C/4,True,0,0.0003806340000000012
m,e,C/8,True,0.0006716649999999984,0.0009398190000000015
m,e,C/8,True,0,0.0008119080000000001
m,e,C/8,True,0,0.0009137700000000012
m,e,C/8,True,0,0.0008680359999999991
m,e,C/8,True,0,0.0008814410000000002
m,e,C/8,True,0,0.0009163690000000002
m,e,C/8,True,0,0.0008809840000000013
m,e,C/8,True,0,0.001043996999999998
m,e,C/8,True,0,0.0008765379999999962
m,e,C/8,True,0,0.0008687409999999993
m,e,C/8,True,0,0.0008393169999999991
m,e,C/8,True,0,0.0007452600000000045
m,e,C/8,True,0,0.000923215000000005
m,e,C/16,True,0.0011306890000000007,0.002582873999999999
m,e,C/16,True,0,0.0023721160000000005
m,e,C/16,True,0,0.002233958000000001
m,e,C/16,True,0,0.0023993730000000033
m,e,C/16,True,0,0.0021625889999999995
m,e,C/16,True,0,0.0024042799999999948
m,e,C/16,True,0,0.002215204999999998
m,e,C/16,True,0,0.0020324720000000004
m,e,C/16,True,0,0.0022830110000000015
m,e,C/16,True,0,0.0023263359999999983
m,e,C/16,True,0,0.002219818999999998
m,e,C/16,True,0,0.002412865
m,e,C/16,True,0,0.0023082369999999977
m,e,C/32,True,0.0022509770000000012,0.005392853999999999
m,e,C/32,True,0,0.005353506999999997
m,e,C/32,True,0,0.005548273999999999
m,e,C/32,True,0,0.005815866000000003
m,e,C/32,True,0,0.004997491
m,e,C/32,True,0,0.005362453000000003
m,e,C/32,True,0,0.005731813000000002
m,e,C/32,True,0,0.005326481000000008
m,e,C/32,True,0,0.005293411999999997
m,e,C/32,True,0,0.005440372999999998
m,e,C/32,True,0,0.0060190150000000026
m,e,C/32,True,0,0.005559288999999995
m,e,C/32,True,0,0.005427309000000005
m,e,C/64,True,0.004581692000000002,0.013281894999999998
m,e,C/64,True,0,0.012790334
m,e,C/64,True,0,0.013064751000000006
m,e,C/64,True,0,0.019224310999999994
m,e,C/64,True,0,0.012885912
m,e,C/64,True,0,0.013599861000000005
m,e,C/64,True,0,0.012648114000000002
m,e,C/64,True,0,0.012925999999999993
m,e,C/64,True,0,0.012793742999999996
m,e,C/64,True,0,0.012810735000000018
m,e,C/64,True,0,0.014528300999999993
m,e,C/64,True,0,0.013074351000000012
m,e,C/64,True,0,0.01288019600000001
m,e,C/128,True,0.009268278000000001,0.02896298
m,e,C/128,True,0,0.028227217
m,e,C/128,True,0,0.028463438999999993
m,e,C/128,True,0,0.02810232899999998
m,e,C/128,True,0,0.02754398999999999
m,e,C/128,True,0,0.027392705000000017
m,e,C/128,True,0,0.02736303300000001
m,e,C/128,True,0,0.028862331999999963
m,e,C/128,True,0,0.02959033900000002
m,e,C/128,True,0,0.029494372000000046
m,e,C/128,True,0,0.02764663300000003
m,e,C/128,True,0,0.03047145899999998
m,e,C/128,True,0,0.028690888999999997
m,e,C/256,True,0.016193251999999998,0.064111171
m,e,C/256,True,0,0.06474028300000001
m,e,C/256,True,0,0.06431002
m,e,C/256,True,0,0.06617406799999997
m,e,C/256,True,0,0.063205489
m,e,C/256,True,0,0.06463789999999997
m,e,C/256,True,0,0.07002050500000001
m,e,C/256,True,0,0.06453113300000002
m,e,C/256,True,0,0.06681651799999999
m,e,C/256,True,0,0.06502003199999995
m,e,C/256,True,0,0.07214971800000003
m,e,C/256,True,0,0.06736631000000004
m,e,C/256,True,0,0.06166732199999991
m,e,C/512,True,0.031853933,0.15620902
m,e,C/512,True,0,0.15964837800000004
m,e,C/512,True,0,0.15415181400000005
m,e,C/512,True,0,0.149847854
m,e,C/512,True,0,0.14697569
m,e,C/512,True,0,0.15284803400000002
m,e,C/512,True,0,0.159226737
m,e,C/512,True,0,0.14431240699999992
m,e,C/512,True,0,0.15756670800000006
m,e,C/512,True,0,0.15496595300000005
m,e,C/512,True,0,0.1460656090000001
m,e,C/512,True,0,0.14783367000000003
m,e,C/512,True,0,0.15575028899999976
m,e,C/1024,True,0.062721285,0.38856893400000003
m,e,C/1024,True,0,0.371592613
m,e,C/1024,True,0,0.37126687400000014
m,e,C/1024,True,0,0.363387935
m,e,C/1024,True,0,0.3677064589999999
m,e,C/1024,True,0,0.3641098669999998
m,e,C/1024,True,0,0.375881852
m,e,C/1024,True,0,0.3789159980000001
m,e,C/1024,True,0,0.3670458590000001
m,e,C/1024,True,0,0.37360127600000004
m,e,C/1024,True,0,0.37189318099999946
m,e,C/1024,True,0,0.3714909620000002
m,e,C/1024,True,0,0.383295736
m,e,C/2048,True,0.129355377,0.856014494
m,e,C/2048,True,0,0.851144642
m,e,C/2048,True,0,0.8526427300000001
m,e,C/2048,True,0,0.8611482779999999
m,e,C/2048,True,0,0.8636025469999997
m,e,C/2048,True,0,0.8544220789999999
m,e,C/2048,True,0,0.8637777680000003
m,e,C/2048,True,0,0.853897033
m,e,C/2048,True,0,0.8525447039999996
m,e,C/2048,True,0,0.86792333
m,e,C/2048,True,0,0.8592255600000005
m,e,C/2048,True,0,0.8551887750000002
m,e,C/2048,True,0,0.8670811389999997
m,e,C/4096,True,0.24198878000000001,2.001064897
m,e,C/4096,True,0,1.987209586
m,e,C/4096,True,0,1.987863848
m,e,C/4096,True,0,1.9952048689999993
m,e,C/4096,True,0,1.9866265569999992
m,e,C/4096,True,0,1.9876488830000003
m,e,C/4096,True,0,2.006292352999999
m,e,C/4096,True,0,2.003529603999999
m,e,C/4096,True,0,1.9928249019999988
m,e,C/4096,True,0,2.0320578150000017
m,e,C/4096,True,0,2.0686188960000003
m,e,C/4096,True,0,1.9911471339999984
m,e,C/4096,True,0,1.9705703390000018
m,e,C/8192,True,0.476101202,4.025162475
m,e,C/8192,True,0,3.9987695689999994
m,e,C/8192,True,0,4.113362184
m,e,C/8192,True,0,4.070176177000002
m,e,C/8192,True,0,4.104165151
m,e,C/8192,True,0,4.082750146000002
m,e,C/8192,True,0,4.1559900339999984
m,e,C/8192,True,0,4.116148470999995
m,e,C/8192,True,0,4.134060523000002
m,e,C/8192,True,0,4.088172567999997
m,e,C/8192,True,0,4.085218605999998
m,e,C/8192,True,0,4.083554163999999
m,e,C/8192,True,0,4.032942372999997
m,e,C/16384,True,0.985115751,8.755265566
m,e,C/16384,True,0,8.889751548
m,e,C/16384,True,0,9.097908191999998
m,e,C/16384,True,0,9.081865315000002
m,e,C/16384,True,0,8.896674931999996
m,e,C/16384,True,0,8.885227971000006
m,e,C/16384,True,0,8.825136071000003
m,e,C/16384,True,0,8.707296221000007
m,e,C/16384,True,0,9.060635923999996
m,e,C/16384,True,0,9.104853157000008
m,e,C/16384,True,0,8.960376855000007
m,e,C/16384,True,0,8.908607540999995
m,e,C/16384,True,0,8.996485324000005
m,e,C/32768,True,1.96507377,19.312552963
m,e,C/32768,True,0,19.454611730000003
m,e,C/32768,True,0,19.15836486
m,e,C/32768,True,0,19.163467635000003
m,e,C/32768,True,0,19.53889600800001
m,e,C/32768,True,0,19.083843329999993
m,e,C/32768,True,0,19.119254008000013
m,e,C/32768,True,0,19.518465547999995
m,e,C/32768,True,0,19.011157810000014
m,e,C/32768,True,0,18.927230691999995
m,e,C/32768,True,0,19.388663607000012
m,e,C/32768,True,0,19.094056781999996
m,e,C/32768,True,0,18.86667309500001
m,e,C/65536,True,4.174017936,41.729692623999995
m,e,C/65536,True,0,41.585516219999995
m,e,C/65536,True,0,41.28318962600001
m,e,C/65536,True,0,40.697681923000005
m,e,C/65536,True,0,41.765194941999994
m,e,C/65536,True,0,41.486931732000016
m,e,C/65536,True,0,40.875692399
m,e,C/65536,True,0,41.54273266500002
m,e,C/65536,True,0,41.51517315699999
m,e,C/65536,True,0,41.03758570900004
m,e,C/65536,True,0,41.87247819000004
m,e,C/65536,True,0,41.561990985999955
m,e,C/65536,True,0,41.33257995500003
m,e,C/131072,True,8.257290016,88.73963458
m,e,C/131072,True,0,89.58231173199998
m,e,C/131072,True,0,88.16903906900004
m,e,C/131072,True,0,88.84182451599997
m,e,C/131072,True,0,88.93151953300003
m,e,C/131072,True,0,89.22918091099996
m,e,C/131072,True,0,88.720034145
m,e,C/131072,True,0,89.37005442599991
m,e,C/131072,True,0,88.45738584599997
m,e,C/131072,True,0,89.381004308
m,e,C/131072,True,0,87.69604338700003
m,e,C/131072,True,0,88.56281542700003
m,e,C/131072,True,0,87.43222950900008
m,e,C/262144,True,15.624283044,181.291618392
m,e,C/262144,True,0,180.717411691
m,e,C/262144,True,0,181.44676029199996
m,e,C/262144,True,0,179.74407747300006
m,e,C/262144,True,0,179.70139924699993
m,e,C/524288,True,31.971220797,385.20548852499996
m,e,C/524288,True,0,385.53634405
m,e,C/524288,True,0,383.87548797099987
m,e,C/524288,True,0,383.4787302100001
m,e,C/524288,True,0,385.74917282
m,e,C/1048576,True,65.42969105099999,827.905717312
m,e,C/1048576,True,0,805.814331958
m,e,C/1048576,True,0,805.8140889690001
m,e,C/1048576,True,0,804.3266271020002
m,e,C/1048576,True,0,811.7728766139999
m,e,C/2097152,True,130.366342917,1674.1583368889999
m,e,C/2097152,True,0,1695.344165622
m,e,C/2097152,True,0,1863.289299382
m,e,C/2097152,True,0,2995.3171983889997
m,e,C/2097152,True,0,2574.422398950999
m,e,B/1,True,0.00022495299999999996,2.812000000001341e-06
m,e,B/1,True,0,3.0370000000008723e-06
m,e,B/1,True,0,3.139000000002695e-06
m,e,B/1,True,0,3.7000000000023126e-06
m,e,B/1,True,0,2.710999999998992e-06
m,e,B/1,True,0,2.8660000000006736e-06
m,e,B/1,True,0,2.9869999999994346e-06
m,e,B/1,True,0,2.7350000000002372e-06
m,e,B/1,True,0,3.905999999997967e-06
m,e,B/1,True,0,3.604000000000801e-06
m,e,B/1,True,0,4.049999999998499e-06
m,e,B/1,True,0,4.072000000000797e-06
m,e,B/1,True,0,3.5640000000010386e-06
m,e,B/2,True,0.00026582999999999815,0.00012037099999999759
m,e,B/2,True,0,8.38049999999993e-05
m,e,B/2,True,0,9.470599999999996e-05
m,e,B/2,True,0,0.00014025800000000074
m,e,B/2,True,0,0.00010462899999999845
m,e,B/2,True,0,9.401699999999832e-05
m,e,B/2,True,0,0.00011452300000000179
m,e,B/2,True,0,0.0001153360000000006
m,e,B/2,True,0,9.902999999999995e-05
m,e,B/2,True,0,0.00014942899999999953
m,e,B/2,True,0,0.00013368799999999986
m,e,B/2,True,0,9.72340000000016e-05
m,e,B/2,True,0,0.00011294900000000108
m,e,B/4,True,0.0004524459999999987,0.00041818600000000095
m,e,B/4,True,0,0.00042185400000000275
m,e,B/4,True,0,0.00042785000000000045
m,e,B/4,True,0,0.00047375300000000037
m,e,B/4,True,0,0.00042966700000000163
m,e,B/4,True,0,0.0004037289999999985
m,e,B/4,True,0,0.000410924
m,e,B/4,True,0,0.0005449190000000013
m,e,B/4,True,0,0.000380964000000001
m,e,B/4,True,0,0.0003794160000000005
m,e,B/4,True,0,0.00037781599999999957
m,e,B/4,True,0,0.0003762780000000007
m,e,B/4,True,0,0.0004389170000000005
m,e,B/8,True,0.0006085569999999992,0.0009304660000000013
m,e,B/8,True,0,0.001143973999999999
m,e,B/8,True,0,0.0010029010000000005
m,e,B/8,True,0,0.0011334659999999996
m,e,B/8,True,0,0.0011313280000000009
m,e,B/8,True,0,0.000881350999999999
m,e,B/8,True,0,0.000989785
m,e,B/8,True,0,0.000936430999999998
m,e,B/8,True,0,0.001028394999999998
m,e,B/8,True,0,0.000997027999999997
m,e,B/8,True,0,0.000839756000000004
m,e,B/8,True,0,0.0008181809999999942
m,e,B/8,True,0,0.0008630339999999986
m,e,B/16,True,0.001246001,0.0023872300000000006
m,e,B/16,True,0,0.002693364
m,e,B/16,True,0,0.002585599000000001
m,e,B/16,True,0,0.0026421150000000004
m,e,B/16,True,0,0.002255370999999999
m,e,B/16,True,0,0.002457211000000001
m,e,B/16,True,0,0.0022267180000000025
m,e,B/16,True,0,0.002563704
m,e,B/16,True,0,0.0025600549999999986
m,e,B/16,True,0,0.0024814269999999944
m,e,B/16,True,0,0.0025062350000000025
m,e,B/16,True,0,0.002427290999999998
m,e,B/16,True,0,0.0022011830000000024
m,e,B/32,True,0.0021786429999999975,0.006206032
m,e,B/32,True,0,0.005445775
m,e,B/32,True,0,0.005802709999999996
m,e,B/32,True,0,0.005809450000000001
m,e,B/32,True,0,0.006007686999999998
m,e,B/32,True,0,0.005729797000000002
m,e,B/32,True,0,0.005837636
m,e,B/32,True,0,0.006006670000000006
m,e,B/32,True,0,0.005883406999999993
m,e,B/32,True,0,0.005934104999999995
m,e,B/32,True,0,0.006168937999999999
m,e,B/32,True,0,0.005784391
m,e,B/32,True,0,0.00613445
m,e,B/64,True,0.004060326999999999,0.013570607999999998
m,e,B/64,True,0,0.013489860999999999
m,e,B/64,True,0,0.014247837999999999
m,e,B/64,True,0,0.014366852999999999
m,e,B/64,True,0,0.013535191000000002
m,e,B/64,True,0,0.012973147000000004
m,e,B/64,True,0,0.013015741999999997
m,e,B/64,True,0,0.013464849999999987
m,e,B/64,True,0,0.014388587000000008
m,e,B/64,True,0,0.013721945000000013
m,e,B/64,True,0,0.013102601999999991
m,e,B/64,True,0,0.013463691
m,e,B/64,True,0,0.012319896999999996
m,e,B/128,True,0.009194833000000003,0.029896515999999998
m,e,B/128,True,0,0.030428181
m,e,B/128,True,0,0.031401
m,e,B/128,True,0,0.030616564000000013
m,e,B/128,True,0,0.030019489999999982
m,e,B/128,True,0,0.03140754000000001
m,e,B/128,True,0,0.03090868600000002
m,e,B/128,True,0,0.03243938999999996
m,e,B/128,True,0,0.030332627
m,e,B/128,True,0,0.031036110000000006
m,e,B/128,True,0,0.030393986999999956
m,e,B/128,True,0,0.028846212000000038
m,e,B/128,True,0,0.029816622000000015
m,e,B/256,True,0.016664967999999995,0.075905972
m,e,B/256,True,0,0.06832414
m,e,B/256,True,0,0.06880122699999999
m,e,B/256,True,0,0.07187566899999998
m,e,B/256,True,0,0.06902687099999999
m,e,B/256,True,0,0.06870894
m,e,B/256,True,0,0.07041619799999993
m,e,B/256,True,0,0.07043983099999995
m,e,B/256,True,0,0.06897241399999998
m,e,B/256,True,0,0.069030606
m,e,B/256,True,0,0.07143818899999999
m,e,B/256,True,0,0.07820151900000005
m,e,B/256,True,0,0.07503297200000003
m,e,B/512,True,0.033124396,0.18001011500000003
m,e,B/512,True,0,0.168027333
m,e,B/512,True,0,0.17063526900000003
m,e,B/512,True,0,0.172866105
m,e,B/512,True,0,0.17088894199999993
m,e,B/512,True,0,0.16718715299999987
m,e,B/512,True,0,0.17473494499999997
m,e,B/512,True,0,0.168770557
m,e,B/512,True,0,0.18150668800000003
m,e,B/512,True,0,0.184479061
m,e,B/512,True,0,0.16526621799999996
m,e,B/512,True,0,0.1682531599999999
m,e,B/512,True,0,0.17717015300000005
m,e,B/1024,True,0.061827376,0.40629738299999996
m,e,B/1024,True,0,0.3993949189999999
m,e,B/1024,True,0,0.398767921
m,e,B/1024,True,0,0.41479043399999993
m,e,B/1024,True,0,0.41203405700000006
m,e,B/1024,True,0,0.4096218519999999
m,e,B/1024,True,0,0.401318619
m,e,B/1024,True,0,0.42264575699999973
m,e,B/1024,True,0,0.41284794400000013
m,e,B/1024,True,0,0.42093936099999985
m,e,B/1024,True,0,0.4143729519999999
m,e,B/1024,True,0,0.40797691199999964
m,e,B/1024,True,0,0.41700382999999963
m,e,B/2048,True,0.126405086,0.9634617940000001
m,e,B/2048,True,0,0.9991462280000001
m,e,B/2048,True,0,0.9969994509999998
m,e,B/2048,True,0,1.0093817019999998
m,e,B/2048,True,0,0.9764309139999998
m,e,B/2048,True,0,0.975213171
m,e,B/2048,True,0,1.0068089870000003
m,e,B/2048,True,0,0.9713489529999997
m,e,B/2048,True,0,0.9692879659999996
m,e,B/2048,True,0,0.9799184879999991
m,e,B/2048,True,0,0.9760749660000005
m,e,B/2048,True,0,0.9689821289999987
m,e,B/2048,True,0,0.9454901620000005
m,e,B/4096,True,0.24911890599999997,2.269356696
m,e,B/4096,True,0,2.264431198
m,e,B/4096,True,0,2.2165199639999997
m,e,B/4096,True,0,2.2257996659999995
m,e,B/4096,True,0,2.241731552000001
m,e,B/4096,True,0,2.259716024000001
m,e,B/4096,True,0,2.165654667
m,e,B/4096,True,0,2.205315926000001
m,e,B/4096,True,0,2.2040360019999987
m,e,B/4096,True,0,2.263436007000003
m,e,B/4096,True,0,2.3288435130000025
m,e,B/4096,True,0,2.2803616879999993
m,e,B/4096,True,0,2.1872148120000006
m,e,B/8192,True,0.51156512,4.484847908
m,e,B/8192,True,0,4.387872934
m,e,B/8192,True,0,4.393238618
m,e,B/8192,True,0,4.452565912000001
m,e,B/8192,True,0,4.741075857000002
m,e,B/8192,True,0,4.627131065
m,e,B/8192,True,0,4.662668010000001
m,e,B/8192,True,0,4.581875799999999
m,e,B/8192,True,0,4.540608356
m,e,B/8192,True,0,4.527541608
m,e,B/8192,True,0,4.543183393
m,e,B/8192,True,0,4.493360536999994
m,e,B/8192,True,0,4.444037111999997
m,e,B/16384,True,1.0239609790000002,9.663929238
m,e,B/16384,True,0,9.606126368000002
m,e,B/16384,True,0,10.034099501
m,e,B/16384,True,0,9.825137469999998
m,e,B/16384,True,0,9.866083508000003
m,e,B/16384,True,0,9.794780770000003
m,e,B/16384,True,0,9.591266374999996
m,e,B/16384,True,0,9.574158182999994
m,e,B/16384,True,0,9.994509676000007
m,e,B/16384,True,0,9.900445070999993
m,e,B/16384,True,0,9.818109696000008
m,e,B/16384,True,0,9.69227293099999
m,e,B/16384,True,0,9.569928061999988
m,e,B/32768,True,1.955933221,21.174175891
m,e,B/32768,True,0,20.967012092000004
m,e,B/32768,True,0,20.420345548
m,e,B/32768,True,0,21.351008374000003
m,e,B/32768,True,0,20.857048676000005
m,e,B/32768,True,0,20.524961602000005
m,e,B/32768,True,0,21.284663155999993
m,e,B/32768,True,0,21.141786553000003
m,e,B/32768,True,0,20.797264421999984
m,e,B/32768,True,0,21.21645282199998
m,e,B/32768,True,0,20.623806247000005
m,e,B/32768,True,0,20.861424228999994
m,e,B/32768,True,0,21.003540411000017
m,e,B/65536,True,4.058865679,43.713969953
m,e,B/65536,True,0,43.311379208
m,e,B/65536,True,0,43.56442663600001
m,e,B/65536,True,0,44.326244
m,e,B/65536,True,0,43.70383543099999
m,e,B/65536,True,0,43.683051199999994
m,e,B/65536,True,0,44.08570729600001
m,e,B/65536,True,0,43.67645372200002
m,e,B/65536,True,0,43.625773200000026
m,e,B/65536,True,0,43.30084643399999
m,e,B/65536,True,0,43.51471287800001
m,e,B/65536,True,0,43.410268073
m,e,B/65536,True,0,43.242955198000004
m,e,B/131072,True,8.283626515,94.27895599
m,e,B/131072,True,0,95.37986168499998
m,e,B/131072,True,0,95.729554036
m,e,B/131072,True,0,94.51014247199998
m,e,B/131072,True,0,95.13227543699998
m,e,B/131072,True,0,94.94842983799998
m,e,B/131072,True,0,94.69614335200004
m,e,B/131072,True,0,94.45800604300007
m,e,B/131072,True,0,94.25095505599995
m,e,B/131072,True,0,95.029974799
m,e,B/131072,True,0,94.39762438599996
m,e,B/131072,True,0,94.91080280000006
m,e,B/131072,True,0,94.93875323599991
m,e,B/262144,True,16.2128753,198.726911686
m,e,B/262144,True,0,200.98736964299997
m,e,B/262144,True,0,199.50635063
m,e,B/262144,True,0,199.07152745200005
m,e,B/262144,True,0,198.76092336699992
m,e,B/524288,True,32.168696187,410.39140111
m,e,B/524288,True,0,407.26292893799996
m,e,B/524288,True,0,408.1172602859999
m,e,B/524288,True,0,405.652027782
m,e,B/524288,True,0,409.370420361
m,e,B/1048576,True,65.95009369499999,857.8287784319999
m,e,B/1048576,True,0,847.2673801510001
m,e,B/1048576,True,0,851.7380321609999
m,e,B/1048576,True,0,855.5152857090002
m,e,B/1048576,True,0,841.1365232320004
m,e,B/2097152,True,128.712630862,1742.8489958300001
m,e,B/2097152,True,0,1750.288757398
m,e,B/2097152,True,0,1759.4277293669998
m,e,B/2097152,True,0,1742.4527277500001
m,e,B/2097152,True,0,1735.0657376110003
m,e,A/1,True,0.0004503719999999975,3.1719999999992032e-06
m,e,A/1,True,0,1.2465999999999172e-05
m,e,A/1,True,0,6.143000000000121e-06
m,e,A/1,True,0,4.2499999999973115e-06
m,e,A/1,True,0,3.9460000000011985e-06
m,e,A/1,True,0,3.6550000000017124e-06
m,e,A/1,True,0,2.226199999999859e-05
m,e,A/1,True,0,5.068000000000433e-06
m,e,A/1,True,0,5.132999999997445e-06
m,e,A/1,True,0,1.4872999999998582e-05
m,e,A/1,True,0,4.2469999999988906e-06
m,e,A/1,True,0,4.344999999999349e-06
m,e,A/1,True,0,4.397999999999208e-06
m,e,A/2,True,0.000506371999999998,0.00011121500000000131
m,e,A/2,True,0,0.0001230090000000003
m,e,A/2,True,0,0.00018835500000000116
m,e,A/2,True,0,0.00018906100000000078
m,e,A/2,True,0,0.0002209409999999988
m,e,A/2,True,0,0.00018929000000000168
m,e,A/2,True,0,0.00010418000000000233
m,e,A/2,True,0,0.00010526800000000211
m,e,A/2,True,0,0.00017624000000000112
m,e,A/2,True,0,0.0001709810000000006
m,e,A/2,True,0,0.00010863900000000065
m,e,A/2,True,0,0.00010751399999999953
m,e,A/2,True,0,0.00010768300000000078
m,e,A/4,True,0.00047285000000000035,0.00033441099999999974
m,e,A/4,True,0,0.0004094759999999989
m,e,A/4,True,0,0.00035074799999999795
m,e,A/4,True,0,0.00046524499999999955
m,e,A/4,True,0,0.00041989200000000157
m,e,A/4,True,0,0.00042868899999999946
m,e,A/4,True,0,0.0003689080000000011
m,e,A/4,True,0,0.00039602899999999913
m,e,A/4,True,0,0.00038008200000000034
m,e,A/4,True,0,0.0004572839999999988
m,e,A/4,True,0,0.0003974949999999977
m,e,A/4,True,0,0.00040071900000000077
m,e,A/4,True,0,0.00042605899999999947
m,e,A/8,True,0.0006610150000000009,0.0009468759999999993
m,e,A/8,True,0,0.0008812989999999986
m,e,A/8,True,0,0.0009062750000000015
m,e,A/8,True,0,0.0009670909999999998
m,e,A/8,True,0,0.0010616220000000016
m,e,A/8,True,0,0.0008803780000000011
m,e,A/8,True,0,0.0007895539999999979
m,e,A/8,True,0,0.0008165810000000037
m,e,A/8,True,0,0.0008940659999999989
m,e,A/8,True,0,0.0007972090000000001
m,e,A/8,True,0,0.0008818579999999993
m,e,A/8,True,0,0.0008368699999999965
m,e,A/8,True,0,0.0008851670000000061
m,e,A/16,True,0.0012911809999999989,0.0029174770000000017
m,e,A/16,True,0,0.002872072
m,e,A/16,True,0,0.002678004000000001
m,e,A/16,True,0,0.0029455830000000016
m,e,A/16,True,0,0.0031249159999999984
m,e,A/16,True,0,0.002853966999999999
m,e,A/16,True,0,0.0027684369999999986
m,e,A/16,True,0,0.002812905999999997
m,e,A/16,True,0,0.002747896999999999
m,e,A/16,True,0,0.0029891739999999972
m,e,A/16,True,0,0.0025120220000000026
m,e,A/16,True,0,0.0028726820000000014
m,e,A/16,True,0,0.0027663559999999976
m,e,A/32,True,0.002426295999999998,0.006965947
m,e,A/32,True,0,0.006761296
m,e,A/32,True,0,0.006440343000000001
m,e,A/32,True,0,0.006632970000000002
m,e,A/32,True,0,0.006581547
m,e,A/32,True,0,0.006297428000000001
m,e,A/32,True,0,0.006319148999999996
m,e,A/32,True,0,0.006419785999999997
m,e,A/32,True,0,0.0066588939999999985
m,e,A/32,True,0,0.006235023999999992
m,e,A/32,True,0,0.006090065000000006
m,e,A/32,True,0,0.006166182999999992
m,e,A/32,True,0,0.0064022060000000075
m,e,A/64,True,0.00453572,0.014274183999999999
m,e,A/64,True,0,0.013538926
m,e,A/64,True,0,0.013913871000000001
m,e,A/64,True,0,0.013262046
m,e,A/64,True,0,0.013367106000000004
m,e,A/64,True,0,0.014215666000000002
m,e,A/64,True,0,0.014205083999999993
m,e,A/64,True,0,0.01358488699999999
m,e,A/64,True,0,0.014036129000000008
m,e,A/64,True,0,0.014195337000000002
m,e,A/64,True,0,0.013598993000000004
m,e,A/64,True,0,0.012715933999999984
m,e,A/64,True,0,0.013421531999999986
m,e,A/128,True,0.008589726999999998,0.031059687999999995
m,e,A/128,True,0,0.03215388400000001
m,e,A/128,True,0,0.03047780700000001
m,e,A/128,True,0,0.031729831999999986
m,e,A/128,True,0,0.030699852
m,e,A/128,True,0,0.031710346
m,e,A/128,True,0,0.031126716999999998
m,e,A/128,True,0,0.030478381
m,e,A/128,True,0,0.030202969000000024
m,e,A/128,True,0,0.030708921999999972
m,e,A/128,True,0,0.029649764999999995
m,e,A/128,True,0,0.031167371
m,e,A/128,True,0,0.03111265799999996
m,e,A/256,True,0.016942507,0.093963626
m,e,A/256,True,0,0.09364298500000001
m,e,A/256,True,0,0.09423033000000003
m,e,A/256,True,0,0.09211782600000001
m,e,A/256,True,0,0.09116057
m,e,A/256,True,0,0.09276018499999994
m,e,A/256,True,0,0.09144417699999996
m,e,A/256,True,0,0.09253834900000002
m,e,A/256,True,0,0.09193729299999998
m,e,A/256,True,0,0.09381087100000007
m,e,A/256,True,0,0.09500193299999993
m,e,A/256,True,0,0.08896028600000006
m,e,A/256,True,0,0.09129421000000004
m,e,A/512,True,0.033514634,0.22899338600000002
m,e,A/512,True,0,0.22963216999999997
m,e,A/512,True,0,0.2258318450000001
m,e,A/512,True,0,0.23168605200000003
m,e,A/512,True,0,0.22242078199999993
m,e,A/512,True,0,0.22770303399999992
m,e,A/512,True,0,0.23143807300000008
m,e,A/512,True,0,0.222445
m,e,A/512,True,0,0.2200458030000001
m,e,A/512,True,0,0.22385635699999984
m,e,A/512,True,0,0.22185911700000016
m,e,A/512,True,0,0.22127974399999983
m,e,A/512,True,0,0.222992965
m,e,A/1024,True,0.063839169,0.511884916
m,e,A/1024,True,0,0.5126353300000001
m,e,A/1024,True,0,0.510049513
m,e,A/1024,True,0,0.5381558279999998
m,e,A/1024,True,0,0.532650705
m,e,A/1024,True,0,0.5236019869999997
m,e,A/1024,True,0,0.5227475909999999
m,e,A/1024,True,0,0.5216661029999998
m,e,A/1024,True,0,0.5203066250000008
m,e,A/1024,True,0,0.5255942180000002
m,e,A/1024,True,0,0.5306401169999999
m,e,A/1024,True,0,0.5412261530000002
m,e,A/1024,True,0,0.5257574679999992
m,e,A/2048,True,0.133487767,1.2136965530000001
m,e,A/2048,True,0,1.219180255
m,e,A/2048,True,0,1.2439505240000002
m,e,A/2048,True,0,1.2206903689999997
m,e,A/2048,True,0,1.198057671
m,e,A/2048,True,0,1.195137859
m,e,A/2048,True,0,1.2314150929999998
m,e,A/2048,True,0,1.1913708570000008
m,e,A/2048,True,0,1.2031963860000001
m,e,A/2048,True,0,1.1988884639999995
m,e,A/2048,True,0,1.215240046
m,e,A/2048,True,0,1.1961537790000012
m,e,A/2048,True,0,1.2072670740000007
m,e,A/4096,True,0.25479502800000003,2.614760348
m,e,A/4096,True,0,2.596701183
m,e,A/4096,True,0,2.579622207
m,e,A/4096,True,0,2.622777436
m,e,A/4096,True,0,2.610675433000001
m,e,A/4096,True,0,2.6368707659999995
m,e,A/4096,True,0,2.5845601009999974
m,e,A/4096,True,0,2.59459167
m,e,A/4096,True,0,2.6164807659999987
m,e,A/4096,True,0,2.5853881609999974
m,e,A/4096,True,0,2.5821347649999993
m,e,A/4096,True,0,2.575858942
m,e,A/4096,True,0,2.6089488709999955
m,e,A/8192,True,0.49877062999999994,5.8451398569999995
m,e,A/8192,True,0,5.892580467999999
m,e,A/8192,True,0,5.873506944000001
m,e,A/8192,True,0,5.8650856000000005
m,e,A/8192,True,0,5.8461542689999995
m,e,A/8192,True,0,5.8392233010000005
m,e,A/8192,True,0,5.918836653
m,e,A/8192,True,0,5.890254435999999
m,e,A/8192,True,0,5.831738895999997
m,e,A/8192,True,0,5.842019123
m,e,A/8192,True,0,5.941999682999999
m,e,A/8192,True,0,5.874387166999995
m,e,A/8192,True,0,5.843808905000003
m,e,A/16384,True,1.006762647,13.064867296000001
m,e,A/16384,True,0,13.202809187
m,e,A/16384,True,0,13.06831722
m,e,A/16384,True,0,13.035096723000002
m,e,A/16384,True,0,12.965467209999993
m,e,A/16384,True,0,13.044039486999992
m,e,A/16384,True,0,21.120946074000003
m,e,A/16384,True,0,16.692566979000006
m,e,A/16384,True,0,13.000930922999999
m,e,A/16384,True,0,13.038848305000016
m,e,A/16384,True,0,12.942239973
m,e,A/16384,True,0,13.031442816999999
m,e,A/16384,True,0,13.01204035500001
m,e,A/32768,True,2.047098578,28.373448075
m,e,A/32768,True,0,28.643515835000002
m,e,A/32768,True,0,28.217579
m,e,A/32768,True,0,28.347169631
m,e,A/32768,True,0,28.220558401999995
m,e,A/32768,True,0,28.272509456999984
m,e,A/32768,True,0,28.019409746999997
m,e,A/32768,True,0,28.26767276800001
m,e,A/32768,True,0,28.435748193999984
m,e,A/32768,True,0,28.501058475000036
m,e,A/32768,True,0,28.29692937599998
m,e,A/32768,True,0,28.34260238799999
m,e,A/32768,True,0,28.219890932
m,e,A/65536,True,4.0400037950000005,60.62286422099999
m,e,A/65536,True,0,60.381431955
m,e,A/65536,True,0,60.324169638
m,e,A/65536,True,0,59.92077603199999
m,e,A/65536,True,0,60.447869946000026
m,e,A/65536,True,0,60.26407797600001
m,e,A/65536,True,0,59.806361498
m,e,A/65536,True,0,59.90827452799999
m,e,A/65536,True,0,60.058571961999974
m,e,A/65536,True,0,59.66828700799999
m,e,A/65536,True,0,60.178418513
m,e,A/65536,True,0,59.869806665000056
m,e,A/65536,True,0,60.101593922000006
m,e,A/131072,True,8.048438756,128.576078753
m,e,A/131072,True,0,129.136466108
m,e,A/131072,True,0,127.366782134
m,e,A/131072,True,0,128.37825614999997
m,e,A/131072,True,0,129.09831621700005
m,e,A/131072,True,0,127.85119041899998
m,e,A/131072,True,0,128.8683583930001
m,e,A/131072,True,0,127.63060607199998
m,e,A/131072,True,0,129.617670504
m,e,A/131072,True,0,128.82932788199992
m,e,A/131072,True,0,130.96501011399982
m,e,A/131072,True,0,131.19829232200004
m,e,A/131072,True,0,131.74269477100006
m,e,A/262144,True,16.563660065,279.201773749
m,e,A/262144,True,0,293.42138451799997
m,e,A/262144,True,0,291.41986671200004
m,e,A/262144,True,0,297.54758659999993
m,e,A/262144,True,0,288.34026757900006
m,e,A/524288,True,33.246710764,597.816637075
m,e,A/524288,True,0,598.153845165
m,e,A/524288,True,0,590.836288882
m,e,A/524288,True,0,596.9170130699999
m,e,A/524288,True,0,591.7422832990001
m,e,A/1048576,True,64.620857757,1219.744279815
m,e,A/1048576,True,0,1209.2434987120002
m,e,A/1048576,True,0,1197.63159911
m,e,A/1048576,True,0,1195.567507112
m,e,A/1048576,True,0,1204.7031299710006
