t,e,C/1,True,0.00021972699999999942,2.1909999999986107e-06
t,e,C/1,True,0,2.133999999997388e-06
t,e,C/1,True,0,2.4910000000002985e-06
t,e,C/1,True,0,3.094000000002095e-06
t,e,C/1,True,0,2.4710000000004173e-06
t,e,C/1,True,0,2.474999999998312e-06
t,e,C/1,True,0,2.5549999999978368e-06
t,e,C/1,True,0,2.1509999999988483e-06
t,e,C/1,True,0,1.951000000000036e-06
t,e,C/1,True,0,2.0499999999999685e-06
t,e,C/1,True,0,1.9360000000009925e-06
t,e,C/1,True,0,2.0080000000012588e-06
t,e,C/1,True,0,1.873999999998932e-06
t,e,C/2,True,0.00033135599999999793,3.540999999999267e-06
t,e,C/2,True,0,3.036999999997403e-06
t,e,C/2,True,0,4.308000000001477e-06
t,e,C/2,True,0,3.112999999999033e-06
t,e,C/2,True,0,3.1919999999990845e-06
t,e,C/2,True,0,3.20200000000076e-06
t,e,C/2,True,0,3.27800000000239e-06
t,e,C/2,True,0,3.1189999999993445e-06
t,e,C/2,True,0,4.930999999999686e-06
t,e,C/2,True,0,4.8940000000018136e-06
t,e,C/2,True,0,4.74400000000097e-06
t,e,C/2,True,0,1.2785000000001268e-05
t,e,C/2,True,0,3.7539999999981755e-06
t,e,C/4,True,0.0004270669999999997,4.507000000000816e-06
t,e,C/4,True,0,3.269999999999662e-06
t,e,C/4,True,0,3.8350000000006434e-06
t,e,C/4,True,0,3.526999999999697e-06
t,e,C/4,True,0,3.1879999999977204e-06
t,e,C/4,True,0,3.174999999997624e-06
t,e,C/4,True,0,3.256999999999566e-06
t,e,C/4,True,0,3.313000000001315e-06
t,e,C/4,True,0,3.4390000000009135e-06
t,e,C/4,True,0,3.2350000000007373e-06
t,e,C/4,True,0,3.5370000000013724e-06
t,e,C/4,True,0,3.5680000000024026e-06
t,e,C/4,True,0,3.2129999999984393e-06
t,e,C/8,True,0.0007086819999999987,4.323000000000521e-06
t,e,C/8,True,0,3.987999999999908e-06
t,e,C/8,True,0,4.400000000001625e-06
t,e,C/8,True,0,6.269999999999193e-06
t,e,C/8,True,0,4.3239999999999945e-06
t,e,C/8,True,0,4.106000000000248e-06
t,e,C/8,True,0,4.161999999998528e-06
t,e,C/8,True,0,4.139000000000226e-06
t,e,C/8,True,0,4.845999999999323e-06
t,e,C/8,True,0,4.856000000000998e-06
t,e,C/8,True,0,4.909000000000857e-06
t,e,C/8,True,0,5.087000000000841e-06
t,e,C/8,True,0,1.6308999999999074e-05
t,e,C/16,True,0.0013353929999999972,6.383999999998169e-06
t,e,C/16,True,0,8.536999999999434e-06
t,e,C/16,True,0,7.742999999997557e-06
t,e,C/16,True,0,7.290000000000074e-06
t,e,C/16,True,0,5.563000000000096e-06
t,e,C/16,True,0,6.387000000000059e-06
t,e,C/16,True,0,6.011999999999684e-06
t,e,C/16,True,0,8.998000000003115e-06
t,e,C/16,True,0,6.433000000000133e-06
t,e,C/16,True,0,6.242000000000053e-06
t,e,C/16,True,0,5.8299999999983365e-06
t,e,C/16,True,0,6.115000000000981e-06
t,e,C/16,True,0,5.892000000000397e-06
t,e,C/32,True,0.002243407999999999,8.23800000000069e-06
t,e,C/32,True,0,7.955999999999935e-06
t,e,C/32,True,0,8.320999999998635e-06
t,e,C/32,True,0,7.687999999998751e-06
t,e,C/32,True,0,7.867000000001678e-06
t,e,C/32,True,0,7.588999999998819e-06
t,e,C/32,True,0,7.338999999998569e-06
t,e,C/32,True,0,7.748000000001865e-06
t,e,C/32,True,0,7.224000000000119e-06
t,e,C/32,True,0,7.252999999998733e-06
t,e,C/32,True,0,7.6109999999976474e-06
t,e,C/32,True,0,7.279000000002395e-06
t,e,C/32,True,0,7.867999999997682e-06
t,e,C/64,True,0.004337064999999998,1.1811999999999934e-05
t,e,C/64,True,0,1.2127000000000665e-05
t,e,C/64,True,0,1.213099999999856e-05
t,e,C/64,True,0,1.1688999999998756e-05
t,e,C/64,True,0,1.1745999999999979e-05
t,e,C/64,True,0,1.23840000000007e-05
t,e,C/64,True,0,1.1906999999998502e-05
t,e,C/64,True,0,1.227999999999993e-05
t,e,C/64,True,0,1.2410999999996897e-05
t,e,C/64,True,0,1.1430999999999247e-05
t,e,C/64,True,0,1.1836000000001179e-05
t,e,C/64,True,0,1.1885000000003143e-05
t,e,C/64,True,0,1.1833000000002758e-05
t,e,C/128,True,0.008546226,2.071499999999754e-05
t,e,C/128,True,0,3.550600000000459e-05
t,e,C/128,True,0,2.169800000000055e-05
t,e,C/128,True,0,2.1418999999994748e-05
t,e,C/128,True,0,2.1836999999996776e-05
t,e,C/128,True,0,2.107699999999435e-05
t,e,C/128,True,0,2.166099999999921e-05
t,e,C/128,True,0,2.1303999999999768e-05
t,e,C/128,True,0,2.1356000000000153e-05
t,e,C/128,True,0,2.0699999999998497e-05
t,e,C/128,True,0,2.1193999999995217e-05
t,e,C/128,True,0,2.1121000000005885e-05
t,e,C/128,True,0,2.1269999999996847e-05
t,e,C/256,True,0.016183036,3.6652999999997604e-05
t,e,C/256,True,0,3.6374999999998214e-05
t,e,C/256,True,0,3.814700000000226e-05
t,e,C/256,True,0,3.8234999999997576e-05
t,e,C/256,True,0,3.883799999999937e-05
t,e,C/256,True,0,3.901199999999799e-05
t,e,C/256,True,0,3.856200000000587e-05
t,e,C/256,True,0,3.9086000000000676e-05
t,e,C/256,True,0,4.037699999999422e-05
t,e,C/256,True,0,3.978699999999946e-05
t,e,C/256,True,0,3.980399999999745e-05
t,e,C/256,True,0,3.868199999999822e-05
t,e,C/256,True,0,3.990400000000727e-05
t,e,C/512,True,0.032176523,7.394499999999887e-05
t,e,C/512,True,0,7.045599999999652e-05
t,e,C/512,True,0,7.231600000000282e-05
t,e,C/512,True,0,7.420800000000616e-05
t,e,C/512,True,0,7.433700000000765e-05
t,e,C/512,True,0,7.501999999999509e-05
t,e,C/512,True,0,7.554499999999631e-05
t,e,C/512,True,0,7.311000000000123e-05
t,e,C/512,True,0,7.379300000000255e-05
t,e,C/512,True,0,7.353200000000115e-05
t,e,C/512,True,0,8.801399999999737e-05
t,e,C/512,True,0,7.294500000000481e-05
t,e,C/512,True,0,7.377999999999552e-05
t,e,C/1024,True,0.063512127,0.0001337479999999891
t,e,C/1024,True,0,0.00014326300000000458
t,e,C/1024,True,0,0.00013112399999999635
t,e,C/1024,True,0,0.0001363799999999915
t,e,C/1024,True,0,0.00013860999999999735
t,e,C/1024,True,0,0.00013619400000000614
t,e,C/1024,True,0,0.00013825799999997446
t,e,C/1024,True,0,0.00013644199999998663
t,e,C/1024,True,0,0.00013776899999998204
t,e,C/1024,True,0,0.0001371589999999978
t,e,C/1024,True,0,0.00014035100000001077
t,e,C/1024,True,0,0.0001478339999999856
t,e,C/1024,True,0,0.00013921899999999598
t,e,C/2048,True,0.12882349699999998,0.000321560999999998
t,e,C/2048,True,0,0.0002710530000000211
t,e,C/2048,True,0,0.00027512000000001757
t,e,C/2048,True,0,0.000285503999999992
t,e,C/2048,True,0,0.0002875880000000053
t,e,C/2048,True,0,0.0002979689999999813
t,e,C/2048,True,0,0.0002839510000000045
t,e,C/2048,True,0,0.0002977949999999896
t,e,C/2048,True,0,0.00029146099999999286
t,e,C/2048,True,0,0.00028282900000003997
t,e,C/2048,True,0,0.0002855759999999541
t,e,C/2048,True,0,0.0002963380000000071
t,e,C/2048,True,0,0.0002955330000000145
t,e,C/4096,True,0.24697929400000002,0.0006111360000000121
t,e,C/4096,True,0,0.0006983369999999933
t,e,C/4096,True,0,0.0005963479999999688
t,e,C/4096,True,0,0.0006689429999999774
t,e,C/4096,True,0,0.0006240869999999954
t,e,C/4096,True,0,0.0006497089999999983
t,e,C/4096,True,0,0.0006393559999999798
t,e,C/4096,True,0,0.0006080860000000632
t,e,C/4096,True,0,0.0006378420000000551
t,e,C/4096,True,0,0.0006256450000000635
t,e,C/4096,True,0,0.0006253939999999458
t,e,C/4096,True,0,0.0006259020000000115
t,e,C/4096,True,0,0.0006525510000000567
t,e,C/8192,True,0.489945192,0.001250273000000024
t,e,C/8192,True,0,0.001416103999999918
t,e,C/8192,True,0,0.0014932129999999377
t,e,C/8192,True,0,0.0014501960000000702
t,e,C/8192,True,0,0.0015992160000000144
t,e,C/8192,True,0,0.0013005950000000155
t,e,C/8192,True,0,0.0015105159999999618
t,e,C/8192,True,0,0.0015281589999998069
t,e,C/8192,True,0,0.0014489209999999364
t,e,C/8192,True,0,0.0013074969999999908
t,e,C/8192,True,0,0.0013758050000001187
t,e,C/8192,True,0,0.0012643270000001205
t,e,C/8192,True,0,0.0015161919999999718
t,e,C/16384,True,1.006463238,0.002328056999999939
t,e,C/16384,True,0,0.0022656960000000392
t,e,C/16384,True,0,0.002475267999999975
t,e,C/16384,True,0,0.0025183279999998476
t,e,C/16384,True,0,0.002517606000000061
t,e,C/16384,True,0,0.002672812999999996
t,e,C/16384,True,0,0.002846537000000149
t,e,C/16384,True,0,0.002710373999999849
t,e,C/16384,True,0,0.0029537479999999228
t,e,C/16384,True,0,0.002667709999999879
t,e,C/16384,True,0,0.0026656949999996904
t,e,C/16384,True,0,0.002512727000000048
t,e,C/16384,True,0,0.0024261120000002023
t,e,C/32768,True,1.969050955,0.009148283999999673
t,e,C/32768,True,0,0.005312395999999886
t,e,C/32768,True,0,0.005569126999999785
t,e,C/32768,True,0,0.005637727999999953
t,e,C/32768,True,0,0.006039133000000252
t,e,C/32768,True,0,0.00639176000000008
t,e,C/32768,True,0,0.005787666999999885
t,e,C/32768,True,0,0.005706142000000192
t,e,C/32768,True,0,0.005633865000000071
t,e,C/32768,True,0,0.005642817000000022
t,e,C/32768,True,0,0.00570243700000006
t,e,C/32768,True,0,0.005914200000000314
t,e,C/32768,True,0,0.005779841999999924
t,e,C/65536,True,3.933736247,0.011168962000000171
t,e,C/65536,True,0,0.012089969999999894
t,e,C/65536,True,0,0.01254445000000004
t,e,C/65536,True,0,0.013799020999999634
t,e,C/65536,True,0,0.014515650999999963
t,e,C/65536,True,0,0.014309428999999874
t,e,C/65536,True,0,0.014340624000000801
t,e,C/65536,True,0,0.013939820000000935
t,e,C/65536,True,0,0.014939597999999776
t,e,C/65536,True,0,0.014736502999999956
t,e,C/65536,True,0,0.014302502000001382
t,e,C/65536,True,0,0.014001876000000024
t,e,C/65536,True,0,0.014606754000000777
t,e,C/131072,True,7.94728707,0.023808393999999566
t,e,C/131072,True,0,0.02873462600000032
t,e,C/131072,True,0,0.027085897999999275
t,e,C/131072,True,0,0.029974382000000688
t,e,C/131072,True,0,0.030755410999999455
t,e,C/131072,True,0,0.031046499999998645
t,e,C/131072,True,0,0.031228097000003174
t,e,C/131072,True,0,0.031480696000002695
t,e,C/131072,True,0,0.03221075600000134
t,e,C/131072,True,0,0.032338086999999405
t,e,C/131072,True,0,0.03135549599999976
t,e,C/131072,True,0,0.03064943000000042
t,e,C/131072,True,0,0.030374051999999097
t,e,C/262144,True,15.808280478,0.04809213100000065
t,e,C/262144,True,0,0.05569231700000188
t,e,C/262144,True,0,0.05573040299999832
t,e,C/262144,True,0,0.06052407600000009
t,e,C/262144,True,0,0.0619141369999987
t,e,C/524288,True,32.536034753,0.09610167599999642
t,e,C/524288,True,0,0.10158179999999817
t,e,C/524288,True,0,0.11401775300000594
t,e,C/524288,True,0,0.11677051600000254
t,e,C/524288,True,0,0.12152398199999936
t,e,C/1048576,True,64.874527933,0.18777458200000297
t,e,C/1048576,True,0,0.20515186399998697
t,e,C/1048576,True,0,0.21375262799999462
t,e,C/1048576,True,0,0.23511465900000417
t,e,C/1048576,True,0,0.2427764429999968
t,e,C/2097152,True,129.112866633,0.39910333399998876
t,e,C/2097152,True,0,0.42436519000000317
t,e,C/2097152,True,0,0.4484669189999977
t,e,C/2097152,True,0,0.49209698600000706
t,e,C/2097152,True,0,0.5082631669999955
t,e,B/1,True,0.00037946900000000033,3.1590000000025764e-06
t,e,B/1,True,0,3.574999999998718e-06
t,e,B/1,True,0,3.5570000000012536e-06
t,e,B/1,True,0,3.8679999999971515e-06
t,e,B/1,True,0,3.7639999999963814e-06
t,e,B/1,True,0,3.518000000000965e-06
t,e,B/1,True,0,3.21299999999497e-06
t,e,B/1,True,0,1.5319999999999223e-05
t,e,B/1,True,0,3.041999999994771e-06
t,e,B/1,True,0,3.4339999999966064e-06
t,e,B/1,True,0,3.1919999999990845e-06
t,e,B/1,True,0,3.206999999998128e-06
t,e,B/1,True,0,3.1750000000010936e-06
t,e,B/2,True,0.00031482700000000016,3.943999999998782e-06
t,e,B/2,True,0,3.604000000000801e-06
t,e,B/2,True,0,4.376999999999853e-06
t,e,B/2,True,0,3.6710000000002296e-06
t,e,B/2,True,0,3.7750000000009998e-06
t,e,B/2,True,0,3.256999999999566e-06
t,e,B/2,True,0,3.397000000002204e-06
t,e,B/2,True,0,3.3759999999993795e-06
t,e,B/2,True,0,3.5989999999999633e-06
t,e,B/2,True,0,3.4780000000012024e-06
t,e,B/2,True,0,3.210999999999492e-06
t,e,B/2,True,0,3.179999999998462e-06
t,e,B/2,True,0,3.519999999999912e-06
t,e,B/4,True,0.0004390259999999986,4.482999999999571e-06
t,e,B/4,True,0,4.513000000001127e-06
t,e,B/4,True,0,4.029000000002614e-06
t,e,B/4,True,0,4.786999999999153e-06
t,e,B/4,True,0,3.907999999996914e-06
t,e,B/4,True,0,3.823000000000021e-06
t,e,B/4,True,0,3.67400000000212e-06
t,e,B/4,True,0,3.6610000000020237e-06
t,e,B/4,True,0,5.925000000000374e-06
t,e,B/4,True,0,4.015000000003044e-06
t,e,B/4,True,0,3.881000000000717e-06
t,e,B/4,True,0,3.8800000000012436e-06
t,e,B/4,True,0,5.073999999997275e-06
t,e,B/8,True,0.0006785400000000018,5.133000000000915e-06
t,e,B/8,True,0,4.766999999999272e-06
t,e,B/8,True,0,4.879999999998774e-06
t,e,B/8,True,0,5.221999999999172e-06
t,e,B/8,True,0,4.863000000000783e-06
t,e,B/8,True,0,4.518999999997969e-06
t,e,B/8,True,0,4.470999999998948e-06
t,e,B/8,True,0,4.565000000001512e-06
t,e,B/8,True,0,4.850000000000687e-06
t,e,B/8,True,0,4.679999999999962e-06
t,e,B/8,True,0,4.539999999997324e-06
t,e,B/8,True,0,4.3929999999983704e-06
t,e,B/8,True,0,4.3899999999999495e-06
t,e,B/16,True,0.0012833930000000007,9.587000000001872e-06
t,e,B/16,True,0,7.863999999999788e-06
t,e,B/16,True,0,1.4461999999999808e-05
t,e,B/16,True,0,9.198000000001927e-06
t,e,B/16,True,0,9.057999999999289e-06
t,e,B/16,True,0,8.919999999999068e-06
t,e,B/16,True,0,8.784999999997267e-06
t,e,B/16,True,0,8.575000000000249e-06
t,e,B/16,True,0,8.733999999999825e-06
t,e,B/16,True,0,8.774999999999061e-06
t,e,B/16,True,0,8.614000000000538e-06
t,e,B/16,True,0,8.777000000001478e-06
t,e,B/16,True,0,8.384000000000169e-06
t,e,B/32,True,0.0023937160000000006,1.2947000000002734e-05
t,e,B/32,True,0,1.2270000000001724e-05
t,e,B/32,True,0,1.2899000000000244e-05
t,e,B/32,True,0,1.8261000000002053e-05
t,e,B/32,True,0,1.2857999999997538e-05
t,e,B/32,True,0,1.286399999999785e-05
t,e,B/32,True,0,1.296799999999862e-05
t,e,B/32,True,0,1.2484000000000106e-05
t,e,B/32,True,0,2.1849000000000868e-05
t,e,B/32,True,0,1.2786000000000741e-05
t,e,B/32,True,0,1.2737000000002247e-05
t,e,B/32,True,0,1.2879999999999836e-05
t,e,B/32,True,0,3.00929999999984e-05
t,e,B/64,True,0.004623724999999999,1.6588000000001407e-05
t,e,B/64,True,0,1.490900000000045e-05
t,e,B/64,True,0,1.5709999999995172e-05
t,e,B/64,True,0,5.312200000000267e-05
t,e,B/64,True,0,1.663899999999885e-05
t,e,B/64,True,0,2.9370000000000784e-05
t,e,B/64,True,0,1.580500000000068e-05
t,e,B/64,True,0,2.901200000000187e-05
t,e,B/64,True,0,1.676600000000139e-05
t,e,B/64,True,0,2.5916000000000827e-05
t,e,B/64,True,0,4.061000000000342e-05
t,e,B/64,True,0,6.0280999999995366e-05
t,e,B/64,True,0,1.640600000000353e-05
t,e,B/128,True,0.008659617999999997,2.2868000000002275e-05
t,e,B/128,True,0,2.30969999999997e-05
t,e,B/128,True,0,2.3333999999999855e-05
t,e,B/128,True,0,2.3940000000000072e-05
t,e,B/128,True,0,2.396500000000079e-05
t,e,B/128,True,0,2.4239000000002286e-05
t,e,B/128,True,0,2.4770000000000347e-05
t,e,B/128,True,0,5.587600000000331e-05
t,e,B/128,True,0,4.048000000000246e-05
t,e,B/128,True,0,2.3602999999997043e-05
t,e,B/128,True,0,2.3412999999999906e-05
t,e,B/128,True,0,2.3978000000000887e-05
t,e,B/128,True,0,2.3097999999999175e-05
t,e,B/256,True,0.017117998,5.524299999999649e-05
t,e,B/256,True,0,5.5791999999998954e-05
t,e,B/256,True,0,5.570299999999723e-05
t,e,B/256,True,0,5.341200000000268e-05
t,e,B/256,True,0,5.5891000000002355e-05
t,e,B/256,True,0,5.637500000000434e-05
t,e,B/256,True,0,5.2379999999997706e-05
t,e,B/256,True,0,5.743199999999615e-05
t,e,B/256,True,0,5.8318000000001646e-05
t,e,B/256,True,0,0.00010493899999999834
t,e,B/256,True,0,5.770900000000301e-05
t,e,B/256,True,0,5.709399999999365e-05
t,e,B/256,True,0,5.7944000000004214e-05
t,e,B/512,True,0.033409754,0.00010923200000000077
t,e,B/512,True,0,0.00011218000000000339
t,e,B/512,True,0,0.00010897499999999727
t,e,B/512,True,0,0.00011131699999999967
t,e,B/512,True,0,0.00011637999999999926
t,e,B/512,True,0,0.00011514199999999863
t,e,B/512,True,0,0.00011457800000000407
t,e,B/512,True,0,0.00011544799999999023
t,e,B/512,True,0,0.00012599900000000164
t,e,B/512,True,0,0.00017503099999999217
t,e,B/512,True,0,0.00014504600000000978
t,e,B/512,True,0,0.00011142199999999991
t,e,B/512,True,0,0.00011482300000000001
t,e,B/1024,True,0.06527698,0.0003008740000000065
t,e,B/1024,True,0,0.00042844699999999847
t,e,B/1024,True,0,0.00020800299999999827
t,e,B/1024,True,0,0.0002244809999999986
t,e,B/1024,True,0,0.0004298979999999841
t,e,B/1024,True,0,0.00021015600000001688
t,e,B/1024,True,0,0.0002195509999999845
t,e,B/1024,True,0,0.0002241460000000084
t,e,B/1024,True,0,0.00023389100000001384
t,e,B/1024,True,0,0.00021881600000001056
t,e,B/1024,True,0,0.0002112110000000167
t,e,B/1024,True,0,0.0002393300000000098
t,e,B/1024,True,0,0.00021069400000001126
t,e,B/2048,True,0.13166129,0.00045039799999999075
t,e,B/2048,True,0,0.0004697710000000077
t,e,B/2048,True,0,0.00044271600000000966
t,e,B/2048,True,0,0.000476132000000018
t,e,B/2048,True,0,0.0004760379999999842
t,e,B/2048,True,0,0.0005884550000000155
t,e,B/2048,True,0,0.00046270300000000875
t,e,B/2048,True,0,0.00046710799999999386
t,e,B/2048,True,0,0.00044321200000002614
t,e,B/2048,True,0,0.00045801299999997935
t,e,B/2048,True,0,0.0004410830000000088
t,e,B/2048,True,0,0.00046487200000000506
t,e,B/2048,True,0,0.0005371280000000533
t,e,B/4096,True,0.259661206,0.0009254510000000216
t,e,B/4096,True,0,0.0010255390000000197
t,e,B/4096,True,0,0.0008957359999999803
t,e,B/4096,True,0,0.0009512050000000105
t,e,B/4096,True,0,0.001000299999999954
t,e,B/4096,True,0,0.0009207250000000111
t,e,B/4096,True,0,0.0009114470000000097
t,e,B/4096,True,0,0.0009384450000000655
t,e,B/4096,True,0,0.0009891730000000098
t,e,B/4096,True,0,0.0009298250000000507
t,e,B/4096,True,0,0.0009768850000000384
t,e,B/4096,True,0,0.0009278879999999878
t,e,B/4096,True,0,0.0009658500000000458
t,e,B/8192,True,0.49552830899999994,0.0022080449999999363
t,e,B/8192,True,0,0.002132320999999937
t,e,B/8192,True,0,0.0020931849999999974
t,e,B/8192,True,0,0.002240024999999979
t,e,B/8192,True,0,0.0022815539999999634
t,e,B/8192,True,0,0.002253911000000053
t,e,B/8192,True,0,0.0022413110000000236
t,e,B/8192,True,0,0.0022327689999999123
t,e,B/8192,True,0,0.002233880999999993
t,e,B/8192,True,0,0.002138014999999882
t,e,B/8192,True,0,0.002056650999999965
t,e,B/8192,True,0,0.002157891999999828
t,e,B/8192,True,0,0.0020301299999998523
t,e,B/16384,True,1.018594412,0.0036329740000000665
t,e,B/16384,True,0,0.003674195999999963
t,e,B/16384,True,0,0.003885508000000204
t,e,B/16384,True,0,0.003826268000000077
t,e,B/16384,True,0,0.004136138000000011
t,e,B/16384,True,0,0.0036371809999999893
t,e,B/16384,True,0,0.00387909399999975
t,e,B/16384,True,0,0.003805822999999986
t,e,B/16384,True,0,0.004456769999999999
t,e,B/16384,True,0,0.00391154699999996
t,e,B/16384,True,0,0.004135404999999981
t,e,B/16384,True,0,0.004036878999999605
t,e,B/16384,True,0,0.003911484000000076
t,e,B/32768,True,1.968173848,0.009213922999999902
t,e,B/32768,True,0,0.009133808000000077
t,e,B/32768,True,0,0.009527500999999994
t,e,B/32768,True,0,0.00950231800000001
t,e,B/32768,True,0,0.010332016
t,e,B/32768,True,0,0.009691160000000032
t,e,B/32768,True,0,0.010040243000000615
t,e,B/32768,True,0,0.009577807000000327
t,e,B/32768,True,0,0.009879115000000382
t,e,B/32768,True,0,0.010231863999999646
t,e,B/32768,True,0,0.01026123300000048
t,e,B/32768,True,0,0.00968383300000042
t,e,B/32768,True,0,0.009691485000000277
t,e,B/65536,True,3.9700288080000004,0.017258055000000105
t,e,B/65536,True,0,0.018131903999999643
t,e,B/65536,True,0,0.018666741999999736
t,e,B/65536,True,0,0.020702126999999848
t,e,B/65536,True,0,0.019199427000000213
t,e,B/65536,True,0,0.020354081999999885
t,e,B/65536,True,0,0.020520024000001413
t,e,B/65536,True,0,0.02017948700000005
t,e,B/65536,True,0,0.020489690999999866
t,e,B/65536,True,0,0.020189908999999062
t,e,B/65536,True,0,0.021298883000000046
t,e,B/65536,True,0,0.021387447000000392
t,e,B/65536,True,0,0.02063448000000001
t,e,B/131072,True,7.9674049369999995,0.032362573999998645
t,e,B/131072,True,0,0.0341516189999993
t,e,B/131072,True,0,0.03562686399999926
t,e,B/131072,True,0,0.0367010479999994
t,e,B/131072,True,0,0.038820561999999725
t,e,B/131072,True,0,0.039070995999999525
t,e,B/131072,True,0,0.04046639599999935
t,e,B/131072,True,0,0.03961488999999929
t,e,B/131072,True,0,0.04008757300000099
t,e,B/131072,True,0,0.03996105600000277
t,e,B/131072,True,0,0.039916294000001074
t,e,B/131072,True,0,0.04084286100000156
t,e,B/131072,True,0,0.040692151999998316
t,e,B/262144,True,16.283205074999998,0.06768502999999981
t,e,B/262144,True,0,0.0727036709999993
t,e,B/262144,True,0,0.07386136499999907
t,e,B/262144,True,0,0.07823166700000073
t,e,B/262144,True,0,0.08190231499999712
t,e,B/524288,True,32.43591326,0.1425449180000058
t,e,B/524288,True,0,0.14776807500000189
t,e,B/524288,True,0,0.1558385049999984
t,e,B/524288,True,0,0.16333405099999965
t,e,B/524288,True,0,0.17438189500000334
t,e,B/1048576,True,64.667965985,0.27890879500000665
t,e,B/1048576,True,0,0.29195038899999304
t,e,B/1048576,True,0,0.3022391939999949
t,e,B/1048576,True,0,0.31952473500000167
t,e,B/1048576,True,0,0.3437607450000115
t,e,B/2097152,True,129.39193157,0.5456804760000011
t,e,B/2097152,True,0,0.5804577879999897
t,e,B/2097152,True,0,0.5976623480000001
t,e,B/2097152,True,0,0.6269859280000105
t,e,B/2097152,True,0,0.6648247419999791
t,e,A/1,True,0.00025593299999999986,2.405999999999936e-06
t,e,A/1,True,0,3.691000000000111e-06
t,e,A/1,True,0,2.9029999999985456e-06
t,e,A/1,True,0,4.477999999998733e-06
t,e,A/1,True,0,3.285000000002175e-06
t,e,A/1,True,0,3.902999999999546e-06
t,e,A/1,True,0,2.8140000000002885e-06
t,e,A/1,True,0,2.517000000000491e-06
t,e,A/1,True,0,2.3200000000000998e-06
t,e,A/1,True,0,2.4419999999983344e-06
t,e,A/1,True,0,2.2980000000047407e-06
t,e,A/1,True,0,2.92400000000137e-06
t,e,A/1,True,0,2.6059999999952788e-06
t,e,A/2,True,0.00032517900000000183,3.2870000000011224e-06
t,e,A/2,True,0,3.704000000000207e-06
t,e,A/2,True,0,3.6050000000002747e-06
t,e,A/2,True,0,3.506000000000342e-06
t,e,A/2,True,0,3.310000000002894e-06
t,e,A/2,True,0,3.1590000000025764e-06
t,e,A/2,True,0,3.119999999998818e-06
t,e,A/2,True,0,3.156000000000686e-06
t,e,A/2,True,0,3.2789999999983943e-06
t,e,A/2,True,0,2.8710000000015112e-06
t,e,A/2,True,0,3.058000000000227e-06
t,e,A/2,True,0,3.1539999999982693e-06
t,e,A/2,True,0,5.408999999997888e-06
t,e,A/4,True,0.0004509939999999997,4.1620000000019974e-06
t,e,A/4,True,0,4.093999999999626e-06
t,e,A/4,True,0,4.4050000000024625e-06
t,e,A/4,True,0,5.758999999997544e-06
t,e,A/4,True,0,4.397999999999208e-06
t,e,A/4,True,0,3.829000000000332e-06
t,e,A/4,True,0,3.875000000000406e-06
t,e,A/4,True,0,3.490999999997829e-06
t,e,A/4,True,0,3.6440000000005635e-06
t,e,A/4,True,0,3.6570000000006597e-06
t,e,A/4,True,0,3.5620000000020913e-06
t,e,A/4,True,0,3.6020000000018537e-06
t,e,A/4,True,0,3.619999999999318e-06
t,e,A/8,True,0.0006968229999999992,4.430999999999186e-06
t,e,A/8,True,0,5.097000000002516e-06
t,e,A/8,True,0,4.8970000000002345e-06
t,e,A/8,True,0,5.0330000000015085e-06
t,e,A/8,True,0,4.59799999999802e-06
t,e,A/8,True,0,4.350000000000187e-06
t,e,A/8,True,0,4.184000000000826e-06
t,e,A/8,True,0,4.283000000000758e-06
t,e,A/8,True,0,4.429000000000238e-06
t,e,A/8,True,0,4.775999999998004e-06
t,e,A/8,True,0,4.739000000000132e-06
t,e,A/8,True,0,4.343000000000402e-06
t,e,A/8,True,0,4.281000000001811e-06
t,e,A/16,True,0.0012215669999999998,1.0180999999997997e-05
t,e,A/16,True,0,8.892999999999401e-06
t,e,A/16,True,0,9.405000000000524e-06
t,e,A/16,True,0,9.687000000001278e-06
t,e,A/16,True,0,8.970000000000505e-06
t,e,A/16,True,0,8.589999999999293e-06
t,e,A/16,True,0,8.951000000000098e-06
t,e,A/16,True,0,9.011999999999215e-06
t,e,A/16,True,0,8.28299999999782e-06
t,e,A/16,True,0,8.858000000000477e-06
t,e,A/16,True,0,8.213999999999444e-06
t,e,A/16,True,0,8.171999999997265e-06
t,e,A/16,True,0,8.172000000000734e-06
t,e,A/32,True,0.002321041999999999,1.6781999999999908e-05
t,e,A/32,True,0,1.5990000000000448e-05
t,e,A/32,True,0,1.6671000000002822e-05
t,e,A/32,True,0,1.6778000000002014e-05
t,e,A/32,True,0,1.6452000000000133e-05
t,e,A/32,True,0,1.6254000000000268e-05
t,e,A/32,True,0,1.6160999999997178e-05
t,e,A/32,True,0,1.6145999999998134e-05
t,e,A/32,True,0,2.7982999999998787e-05
t,e,A/32,True,0,1.6514999999998198e-05
t,e,A/32,True,0,1.620700000000072e-05
t,e,A/32,True,0,1.5363000000000876e-05
t,e,A/32,True,0,1.6076000000000285e-05
t,e,A/64,True,0.0049372079999999985,3.309899999999824e-05
t,e,A/64,True,0,3.298599999999874e-05
t,e,A/64,True,0,3.3032999999998286e-05
t,e,A/64,True,0,3.3033000000001755e-05
t,e,A/64,True,0,3.27869999999994e-05
t,e,A/64,True,0,3.2565999999997763e-05
t,e,A/64,True,0,3.311300000000128e-05
t,e,A/64,True,0,3.23990000000024e-05
t,e,A/64,True,0,3.2491000000002546e-05
t,e,A/64,True,0,3.1537999999997623e-05
t,e,A/64,True,0,3.2801999999998444e-05
t,e,A/64,True,0,3.235800000000316e-05
t,e,A/64,True,0,3.288299999999744e-05
t,e,A/128,True,0.008670385000000003,6.101000000000023e-05
t,e,A/128,True,0,4.351400000000144e-05
t,e,A/128,True,0,4.432499999999784e-05
t,e,A/128,True,0,4.392999999999758e-05
t,e,A/128,True,0,4.3198000000001235e-05
t,e,A/128,True,0,4.424599999999779e-05
t,e,A/128,True,0,4.310300000000267e-05
t,e,A/128,True,0,4.3576999999996036e-05
t,e,A/128,True,0,4.363100000000231e-05
t,e,A/128,True,0,4.33150000000021e-05
t,e,A/128,True,0,4.316999999999516e-05
t,e,A/128,True,0,5.871999999999822e-05
t,e,A/128,True,0,4.312700000000391e-05
t,e,A/256,True,0.016730728000000004,0.00013073100000000198
t,e,A/256,True,0,0.00016038300000000005
t,e,A/256,True,0,0.00013102899999999779
t,e,A/256,True,0,0.0001300430000000033
t,e,A/256,True,0,0.00014516499999999571
t,e,A/256,True,0,0.00016670899999999406
t,e,A/256,True,0,0.00013204699999999625
t,e,A/256,True,0,0.00020571800000000057
t,e,A/256,True,0,0.00013355100000000258
t,e,A/256,True,0,0.00013366300000000608
t,e,A/256,True,0,0.00013236500000000928
t,e,A/256,True,0,0.00013306899999999955
t,e,A/256,True,0,0.0001458919999999947
t,e,A/512,True,0.032702367,0.0002930640000000026
t,e,A/512,True,0,0.0003580769999999983
t,e,A/512,True,0,0.00029608999999999885
t,e,A/512,True,0,0.0003470279999999992
t,e,A/512,True,0,0.00029138400000000564
t,e,A/512,True,0,0.0003002160000000059
t,e,A/512,True,0,0.0003120600000000029
t,e,A/512,True,0,0.0003457750000000065
t,e,A/512,True,0,0.0002940849999999995
t,e,A/512,True,0,0.00034942799999999885
t,e,A/512,True,0,0.0003017609999999976
t,e,A/512,True,0,0.00029112200000000477
t,e,A/512,True,0,0.00030906599999999673
t,e,A/1024,True,0.065351558,0.000755814999999993
t,e,A/1024,True,0,0.0006745309999999921
t,e,A/1024,True,0,0.0007006810000000085
t,e,A/1024,True,0,0.0007982899999999932
t,e,A/1024,True,0,0.000752929999999985
t,e,A/1024,True,0,0.0006907220000000047
t,e,A/1024,True,0,0.0007179679999999855
t,e,A/1024,True,0,0.0009577189999999958
t,e,A/1024,True,0,0.000783644
t,e,A/1024,True,0,0.000719902999999994
t,e,A/1024,True,0,0.0007532670000000019
t,e,A/1024,True,0,0.0007246120000000134
t,e,A/1024,True,0,0.0007954800000000151
t,e,A/2048,True,0.12553228000000002,0.0019049469999999902
t,e,A/2048,True,0,0.0015961959999999942
t,e,A/2048,True,0,0.0017292349999999956
t,e,A/2048,True,0,0.001659235000000009
t,e,A/2048,True,0,0.0015195420000000126
t,e,A/2048,True,0,0.0016804679999999905
t,e,A/2048,True,0,0.0015793419999999836
t,e,A/2048,True,0,0.0015522749999999919
t,e,A/2048,True,0,0.001546724999999971
t,e,A/2048,True,0,0.0014771559999999795
t,e,A/2048,True,0,0.001628742999999988
t,e,A/2048,True,0,0.0016711420000000143
t,e,A/2048,True,0,0.0015981720000000088
t,e,A/4096,True,0.25904680399999996,0.003662971000000015
t,e,A/4096,True,0,0.003758211999999983
t,e,A/4096,True,0,0.003758680999999986
t,e,A/4096,True,0,0.003828825999999952
t,e,A/4096,True,0,0.0037474439999999887
t,e,A/4096,True,0,0.003649848999999983
t,e,A/4096,True,0,0.0038469929999999097
t,e,A/4096,True,0,0.0037730250000000964
t,e,A/4096,True,0,0.0037842209999999765
t,e,A/4096,True,0,0.0037406739999999994
t,e,A/4096,True,0,0.003780754999999969
t,e,A/4096,True,0,0.003774131000000014
t,e,A/4096,True,0,0.004030739999999922
t,e,A/8192,True,0.497132042,0.00877857500000001
t,e,A/8192,True,0,0.008666401999999906
t,e,A/8192,True,0,0.009121273999999957
t,e,A/8192,True,0,0.01233206600000003
t,e,A/8192,True,0,0.009077094000000008
t,e,A/8192,True,0,0.00934494599999991
t,e,A/8192,True,0,0.00883721500000001
t,e,A/8192,True,0,0.008934962000000102
t,e,A/8192,True,0,0.0091555539999999
t,e,A/8192,True,0,0.008547993000000087
t,e,A/8192,True,0,0.008790151999999996
t,e,A/8192,True,0,0.008826028000000097
t,e,A/8192,True,0,0.009470169000000084
t,e,A/16384,True,0.9894758880000001,0.02041023799999997
t,e,A/16384,True,0,0.02059924699999982
t,e,A/16384,True,0,0.021234642999999886
t,e,A/16384,True,0,0.020478361999999972
t,e,A/16384,True,0,0.02144091299999995
t,e,A/16384,True,0,0.020787423999999888
t,e,A/16384,True,0,0.021226556999999868
t,e,A/16384,True,0,0.02039728899999993
t,e,A/16384,True,0,0.020458708000000048
t,e,A/16384,True,0,0.020900922000000044
t,e,A/16384,True,0,0.020303385000000063
t,e,A/16384,True,0,0.020972063999999957
t,e,A/16384,True,0,0.020860246999999887
t,e,A/32768,True,2.011495535,0.05258742899999991
t,e,A/32768,True,0,0.05318311700000011
t,e,A/32768,True,0,0.055181166000000115
t,e,A/32768,True,0,0.056138907999999876
t,e,A/32768,True,0,0.0557985280000004
t,e,A/32768,True,0,0.055642600999999736
t,e,A/32768,True,0,0.05666701300000021
t,e,A/32768,True,0,0.05480039999999953
t,e,A/32768,True,0,0.0550104720000002
t,e,A/32768,True,0,0.0552209140000004
t,e,A/32768,True,0,0.056135721000000416
t,e,A/32768,True,0,0.05562545899999982
t,e,A/32768,True,0,0.05542955200000055
t,e,A/65536,True,4.002262753,0.11371180599999953
t,e,A/65536,True,0,0.11151144700000071
t,e,A/65536,True,0,0.12271252700000002
t,e,A/65536,True,0,0.12400816599999942
t,e,A/65536,True,0,0.1213118720000006
t,e,A/65536,True,0,0.11595171399999948
t,e,A/65536,True,0,0.11687597799999949
t,e,A/65536,True,0,0.1187935660000008
t,e,A/65536,True,0,0.1191335690000006
t,e,A/65536,True,0,0.12135682699999961
t,e,A/65536,True,0,0.12314896200000014
t,e,A/65536,True,0,0.11868786900000039
t,e,A/65536,True,0,0.1229885779999993
t,e,A/131072,True,8.111673801,0.25776304700000097
t,e,A/131072,True,0,0.2572668579999995
t,e,A/131072,True,0,0.266207399999999
t,e,A/131072,True,0,0.2744218309999997
t,e,A/131072,True,0,0.2726859159999986
t,e,A/131072,True,0,0.2736886950000006
t,e,A/131072,True,0,0.26985954000000234
t,e,A/131072,True,0,0.26533905299999816
t,e,A/131072,True,0,0.2714863130000005
t,e,A/131072,True,0,0.279244748
t,e,A/131072,True,0,0.2679405930000023
t,e,A/131072,True,0,0.2696421729999976
t,e,A/131072,True,0,0.28087019200000185
t,e,A/262144,True,16.196068708000002,0.6106161879999981
t,e,A/262144,True,0,0.6295792389999981
t,e,A/262144,True,0,0.6536608309999998
t,e,A/262144,True,0,0.6515238540000006
t,e,A/262144,True,0,0.6403031699999957
t,e,A/524288,True,32.46119502,1.4528280910000007
t,e,A/524288,True,0,1.4524844869999995
t,e,A/524288,True,0,1.5179772449999973
t,e,A/524288,True,0,1.5089044799999982
t,e,A/524288,True,0,1.5259262560000053
t,e,A/1048576,True,64.47059630300001,3.4196321470000015
t,e,A/1048576,True,0,3.523192922000007
t,e,A/1048576,True,0,3.773701885999998
t,e,A/1048576,True,0,3.625022193999996
t,e,A/1048576,True,0,3.650521371999986
t,e,A/2097152,True,131.443806103,7.869675488000013
t,e,A/2097152,True,0,8.184825027999977
t,e,A/2097152,True,0,8.543653705999986
t,e,A/2097152,True,0,8.586112571000001
t,e,A/2097152,True,0,8.553543260000026
